<html>
<head>
<title>TestNG:  Default test</title>
<link href="../testng.css" rel="stylesheet" type="text/css" />
<link href="../my-testng.css" rel="stylesheet" type="text/css" />

<style type="text/css">
.log { display: none;} 
.stack-trace { display: none;} 
</style>
<script type="text/javascript">
<!--
function flip(e) {
  current = e.style.display;
  if (current == 'block') {
    e.style.display = 'none';
    return 0;
  }
  else {
    e.style.display = 'block';
    return 1;
  }
}

function toggleBox(szDivId, elem, msg1, msg2)
{
  var res = -1;  if (document.getElementById) {
    res = flip(document.getElementById(szDivId));
  }
  else if (document.all) {
    // this is the way old msie versions work
    res = flip(document.all[szDivId]);
  }
  if(elem) {
    if(res == 0) elem.innerHTML = msg1; else elem.innerHTML = msg2;
  }

}

function toggleAllBoxes() {
  if (document.getElementsByTagName) {
    d = document.getElementsByTagName('div');
    for (i = 0; i < d.length; i++) {
      if (d[i].className == 'log') {
        flip(d[i]);
      }
    }
  }
}

// -->
</script>

</head>
<body>
<h2 align='center'>Default test</h2><table border='1' align="center">
<tr>
<td>Tests passed/Failed/Skipped:</td><td>6/4/0</td>
</tr><tr>
<td>Started on:</td><td>Fri May 26 12:14:35 EDT 2023</td>
</tr>
<tr><td>Total time:</td><td>310 seconds (310464 ms)</td>
</tr><tr>
<td>Included groups:</td><td></td>
</tr><tr>
<td>Excluded groups:</td><td></td>
</tr>
</table><p/>
<small><i>(Hover the method name to see the test class name)</i></small><p/>
<table width='100%' border='1' class='invocation-failed'>
<tr><td colspan='4' align='center'><b>FAILED TESTS</b></td></tr>
<tr><td><b>Test method</b></td>
<td><b>Attribute(s)</b></td>
<td width="30%"><b>Exception</b></td>
<td width="10%"><b>Time (seconds)</b></td>
<td><b>Instance</b></td>
</tr>
<tr>
<td title='testCases.Search.loginSmokeTest()'><b>loginSmokeTest</b><br>Test class: testCases.Search<br/>
<a href="#Output-19873741" onClick='toggleBox("Output-19873741", this, "Show output", "Hide output");'>Show output</a>

<a href="#Output-19873741" onClick="toggleAllBoxes();">Show all outputs</a>
<div class='log' id="Output-19873741">
Beginning test for simple search...<br/>
Beginning Login Modular Test...<br/>
Waiting for page to load completely...<br/>
The page '' is fully loaded now.<br/>
Method: setEmail<br/>
Method: setPassword<br/>
Method: readEmail<br/>
Email Address: jesse.childress@aretecinc.com<br/>
Method: readEmail<br/>
Method: clickLogin<br/>
Waiting for page to load completely...<br/>
The page '' is fully loaded now.<br/>
Expected URL: https://test-search-2my7afm7yq-ue.a.run.app/<br/>
Current URL : https://test-search-2my7afm7yq-ue.a.run.app/login<br/>
Beginning Search Modular Test...
This is for the main search page from login...<br/>
Waiting for page to load completely...<br/>
The page 'Test App' is fully loaded now.<br/>
Expected URL: https://test-search-2my7afm7yq-ue.a.run.app/<br/>
Current URL : https://test-search-2my7afm7yq-ue.a.run.app/<br/>
Method: selectDomain<br/>
Method: clickAllDomainsButton<br/>
Method: openClosedDomains<br/>
Method: setSearchField<br/>
Method: readSearchField<br/>
Method: setAPIDefault<br/>
Waiting for page to load completely...<br/>
The page 'Test App' is fully loaded now.<br/>
Expected URL: https://test-search-2my7afm7yq-ue.a.run.app/search-result.*<br/>
Current URL : https://test-search-2my7afm7yq-ue.a.run.app/search-result?search=How%20can%20Aretec%20save%20money%20on%20taxes?<br/>
Waiting for page to load completely...<br/>
The page 'Test App' is fully loaded now.<br/>
Method: readAnswer<br/>
Method: waitForAnswerGeneration<br/>
</div>
</td>
<td><div><pre>org.openqa.selenium.NoSuchElementException: no such element: Unable to locate element: {&quot;method&quot;:&quot;xpath&quot;,&quot;selector&quot;:&quot;//div[@class = &apos;content mgBt_10 bullet&apos;]/p&quot;}
  (Session info: chrome=113.0.5672.127)
For documentation on this error, please visit: https://selenium.dev/exceptions/#no_such_element
Build info: version: &apos;4.8.3&apos;, revision: &apos;e5e76298c3&apos;
System info: os.name: &apos;Windows 10&apos;, os.arch: &apos;amd64&apos;, os.version: &apos;10.0&apos;, java.version: &apos;17&apos;
Driver info: org.openqa.selenium.chrome.ChromeDriver
Command: [58dc58325a0a0a96f64f76cf5fe6348c, findElement {using=xpath, value=//div[@class = &apos;content mgBt_10 bullet&apos;]/p}]
Capabilities {acceptInsecureCerts: false, browserName: chrome, browserVersion: 113.0.5672.127, chrome: {chromedriverVersion: 113.0.5672.63 (0e1a4471d5ae..., userDataDir: C:\Users\jesse\AppData\Loca...}, goog:chromeOptions: {debuggerAddress: localhost:58347}, networkConnectionEnabled: false, pageLoadStrategy: normal, platformName: WINDOWS, proxy: Proxy(), se:cdp: ws://localhost:58347/devtoo..., se:cdpVersion: 113.0.5672.127, setWindowRect: true, strictFileInteractability: false, timeouts: {implicit: 0, pageLoad: 300000, script: 30000}, unhandledPromptBehavior: dismiss and notify, webauthn:extension:credBlob: true, webauthn:extension:largeBlob: true, webauthn:extension:minPinLength: true, webauthn:extension:prf: true, webauthn:virtualAuthenticators: true}
Session ID: 58dc58325a0a0a96f64f76cf5fe6348c
	at java.base/jdk.internal.reflect.NativeConstructorAccessorImpl.newInstance0(Native Method)
	at java.base/jdk.internal.reflect.NativeConstructorAccessorImpl.newInstance(NativeConstructorAccessorImpl.java:77)
	at java.base/jdk.internal.reflect.DelegatingConstructorAccessorImpl.newInstance(DelegatingConstructorAccessorImpl.java:45)
	at java.base/java.lang.reflect.Constructor.newInstanceWithCaller(Constructor.java:499)
	at java.base/java.lang.reflect.Constructor.newInstance(Constructor.java:480)
	at org.openqa.selenium.remote.codec.w3c.W3CHttpResponseCodec.createException(W3CHttpResponseCodec.java:200)
	at org.openqa.selenium.remote.codec.w3c.W3CHttpResponseCodec.decode(W3CHttpResponseCodec.java:133)
	at org.openqa.selenium.remote.codec.w3c.W3CHttpResponseCodec.decode(W3CHttpResponseCodec.java:53)
	at org.openqa.selenium.remote.HttpCommandExecutor.execute(HttpCommandExecutor.java:193)
	at org.openqa.selenium.remote.service.DriverCommandExecutor.invokeExecute(DriverCommandExecutor.java:183)
	at org.openqa.selenium.remote.service.DriverCommandExecutor.execute(DriverCommandExecutor.java:158)
	at org.openqa.selenium.remote.RemoteWebDriver.execute(RemoteWebDriver.java:543)
	at org.openqa.selenium.remote.ElementLocation$ElementFinder$2.findElement(ElementLocation.java:162)
	at org.openqa.selenium.remote.ElementLocation.findElement(ElementLocation.java:60)
	at org.openqa.selenium.remote.RemoteWebDriver.findElement(RemoteWebDriver.java:352)
	at org.openqa.selenium.remote.RemoteWebDriver.findElement(RemoteWebDriver.java:344)
	at pageFactories.SearchResultsPageFactory.waitForAnswerGeneration(SearchResultsPageFactory.java:47)
	at pageFactories.SearchResultsPageFactory.readAnswer(SearchResultsPageFactory.java:85)
	at testCases.Search.loginSmokeTest(Search.java:34)
	at java.base/jdk.internal.reflect.NativeMethodAccessorImpl.invoke0(Native Method)
	at java.base/jdk.internal.reflect.NativeMethodAccessorImpl.invoke(NativeMethodAccessorImpl.java:77)
	at java.base/jdk.internal.reflect.DelegatingMethodAccessorImpl.invoke(DelegatingMethodAccessorImpl.java:43)
	at java.base/java.lang.reflect.Method.invoke(Method.java:568)
	at org.testng.internal.invokers.MethodInvocationHelper.invokeMethod(MethodInvocationHelper.java:139)
	at org.testng.internal.invokers.TestInvoker.invokeMethod(TestInvoker.java:677)
	at org.testng.internal.invokers.TestInvoker.invokeTestMethod(TestInvoker.java:221)
	at org.testng.internal.invokers.MethodRunner.runInSequence(MethodRunner.java:50)
	at org.testng.internal.invokers.TestInvoker$MethodInvocationAgent.invoke(TestInvoker.java:969)
	at org.testng.internal.invokers.TestInvoker.invokeTestMethods(TestInvoker.java:194)
	at org.testng.internal.invokers.TestMethodWorker.invokeTestMethods(TestMethodWorker.java:148)
	at org.testng.internal.invokers.TestMethodWorker.run(TestMethodWorker.java:128)
	at java.base/java.util.ArrayList.forEach(ArrayList.java:1511)
	at org.testng.TestRunner.privateRun(TestRunner.java:829)
	at org.testng.TestRunner.run(TestRunner.java:602)
	at org.testng.SuiteRunner.runTest(SuiteRunner.java:437)
	at org.testng.SuiteRunner.runSequentially(SuiteRunner.java:431)
	at org.testng.SuiteRunner.privateRun(SuiteRunner.java:391)
	at org.testng.SuiteRunner.run(SuiteRunner.java:330)
	at org.testng.SuiteRunnerWorker.runSuite(SuiteRunnerWorker.java:52)
	at org.testng.SuiteRunnerWorker.run(SuiteRunnerWorker.java:95)
	at org.testng.TestNG.runSuitesSequentially(TestNG.java:1256)
	at org.testng.TestNG.runSuitesLocally(TestNG.java:1176)
	at org.testng.TestNG.runSuites(TestNG.java:1099)
	at org.testng.TestNG.run(TestNG.java:1067)
	at org.testng.remote.AbstractRemoteTestNG.run(AbstractRemoteTestNG.java:115)
	at org.testng.remote.RemoteTestNG.initAndRun(RemoteTestNG.java:251)
	at org.testng.remote.RemoteTestNG.main(RemoteTestNG.java:77)
</pre></div><a href='#' onClick='toggleBox("stack-trace19873741", this, "Click to show all stack frames", "Click to hide stack frames")'>Click to show all stack frames</a>
<div class='stack-trace' id='stack-trace19873741'><pre>org.openqa.selenium.NoSuchElementException: no such element: Unable to locate element: {&quot;method&quot;:&quot;xpath&quot;,&quot;selector&quot;:&quot;//div[@class = &apos;content mgBt_10 bullet&apos;]/p&quot;}
  (Session info: chrome=113.0.5672.127)
For documentation on this error, please visit: https://selenium.dev/exceptions/#no_such_element
Build info: version: &apos;4.8.3&apos;, revision: &apos;e5e76298c3&apos;
System info: os.name: &apos;Windows 10&apos;, os.arch: &apos;amd64&apos;, os.version: &apos;10.0&apos;, java.version: &apos;17&apos;
Driver info: org.openqa.selenium.chrome.ChromeDriver
Command: [58dc58325a0a0a96f64f76cf5fe6348c, findElement {using=xpath, value=//div[@class = &apos;content mgBt_10 bullet&apos;]/p}]
Capabilities {acceptInsecureCerts: false, browserName: chrome, browserVersion: 113.0.5672.127, chrome: {chromedriverVersion: 113.0.5672.63 (0e1a4471d5ae..., userDataDir: C:\Users\jesse\AppData\Loca...}, goog:chromeOptions: {debuggerAddress: localhost:58347}, networkConnectionEnabled: false, pageLoadStrategy: normal, platformName: WINDOWS, proxy: Proxy(), se:cdp: ws://localhost:58347/devtoo..., se:cdpVersion: 113.0.5672.127, setWindowRect: true, strictFileInteractability: false, timeouts: {implicit: 0, pageLoad: 300000, script: 30000}, unhandledPromptBehavior: dismiss and notify, webauthn:extension:credBlob: true, webauthn:extension:largeBlob: true, webauthn:extension:minPinLength: true, webauthn:extension:prf: true, webauthn:virtualAuthenticators: true}
Session ID: 58dc58325a0a0a96f64f76cf5fe6348c
	at java.base/jdk.internal.reflect.NativeConstructorAccessorImpl.newInstance0(Native Method)
	at java.base/jdk.internal.reflect.NativeConstructorAccessorImpl.newInstance(NativeConstructorAccessorImpl.java:77)
	at java.base/jdk.internal.reflect.DelegatingConstructorAccessorImpl.newInstance(DelegatingConstructorAccessorImpl.java:45)
	at java.base/java.lang.reflect.Constructor.newInstanceWithCaller(Constructor.java:499)
	at java.base/java.lang.reflect.Constructor.newInstance(Constructor.java:480)
	at org.openqa.selenium.remote.codec.w3c.W3CHttpResponseCodec.createException(W3CHttpResponseCodec.java:200)
	at org.openqa.selenium.remote.codec.w3c.W3CHttpResponseCodec.decode(W3CHttpResponseCodec.java:133)
	at org.openqa.selenium.remote.codec.w3c.W3CHttpResponseCodec.decode(W3CHttpResponseCodec.java:53)
	at org.openqa.selenium.remote.HttpCommandExecutor.execute(HttpCommandExecutor.java:193)
	at org.openqa.selenium.remote.service.DriverCommandExecutor.invokeExecute(DriverCommandExecutor.java:183)
	at org.openqa.selenium.remote.service.DriverCommandExecutor.execute(DriverCommandExecutor.java:158)
	at org.openqa.selenium.remote.RemoteWebDriver.execute(RemoteWebDriver.java:543)
	at org.openqa.selenium.remote.ElementLocation$ElementFinder$2.findElement(ElementLocation.java:162)
	at org.openqa.selenium.remote.ElementLocation.findElement(ElementLocation.java:60)
	at org.openqa.selenium.remote.RemoteWebDriver.findElement(RemoteWebDriver.java:352)
	at org.openqa.selenium.remote.RemoteWebDriver.findElement(RemoteWebDriver.java:344)
	at pageFactories.SearchResultsPageFactory.waitForAnswerGeneration(SearchResultsPageFactory.java:47)
	at pageFactories.SearchResultsPageFactory.readAnswer(SearchResultsPageFactory.java:85)
	at testCases.Search.loginSmokeTest(Search.java:34)
	at java.base/jdk.internal.reflect.NativeMethodAccessorImpl.invoke0(Native Method)
	at java.base/jdk.internal.reflect.NativeMethodAccessorImpl.invoke(NativeMethodAccessorImpl.java:77)
	at java.base/jdk.internal.reflect.DelegatingMethodAccessorImpl.invoke(DelegatingMethodAccessorImpl.java:43)
	at java.base/java.lang.reflect.Method.invoke(Method.java:568)
	at org.testng.internal.invokers.MethodInvocationHelper.invokeMethod(MethodInvocationHelper.java:139)
	at org.testng.internal.invokers.TestInvoker.invokeMethod(TestInvoker.java:677)
	at org.testng.internal.invokers.TestInvoker.invokeTestMethod(TestInvoker.java:221)
	at org.testng.internal.invokers.MethodRunner.runInSequence(MethodRunner.java:50)
	at org.testng.internal.invokers.TestInvoker$MethodInvocationAgent.invoke(TestInvoker.java:969)
	at org.testng.internal.invokers.TestInvoker.invokeTestMethods(TestInvoker.java:194)
	at org.testng.internal.invokers.TestMethodWorker.invokeTestMethods(TestMethodWorker.java:148)
	at org.testng.internal.invokers.TestMethodWorker.run(TestMethodWorker.java:128)
	at java.base/java.util.ArrayList.forEach(ArrayList.java:1511)
	at org.testng.TestRunner.privateRun(TestRunner.java:829)
	at org.testng.TestRunner.run(TestRunner.java:602)
	at org.testng.SuiteRunner.runTest(SuiteRunner.java:437)
	at org.testng.SuiteRunner.runSequentially(SuiteRunner.java:431)
	at org.testng.SuiteRunner.privateRun(SuiteRunner.java:391)
	at org.testng.SuiteRunner.run(SuiteRunner.java:330)
	at org.testng.SuiteRunnerWorker.runSuite(SuiteRunnerWorker.java:52)
	at org.testng.SuiteRunnerWorker.run(SuiteRunnerWorker.java:95)
	at org.testng.TestNG.runSuitesSequentially(TestNG.java:1256)
	at org.testng.TestNG.runSuitesLocally(TestNG.java:1176)
	at org.testng.TestNG.runSuites(TestNG.java:1099)
	at org.testng.TestNG.run(TestNG.java:1067)
	at org.testng.remote.AbstractRemoteTestNG.run(AbstractRemoteTestNG.java:115)
	at org.testng.remote.RemoteTestNG.initAndRun(RemoteTestNG.java:251)
	at org.testng.remote.RemoteTestNG.main(RemoteTestNG.java:77)
</pre></div></td>
<td>31</td>
<td>testCases.Search@43df23d3</td></tr>
<tr>
<td title='testCases.Search.loginSmokeTest()'><b>loginSmokeTest</b><br>Test class: testCases.Search<br/>
<a href="#Output-1988062951" onClick='toggleBox("Output-1988062951", this, "Show output", "Hide output");'>Show output</a>

<a href="#Output-1988062951" onClick="toggleAllBoxes();">Show all outputs</a>
<div class='log' id="Output-1988062951">
Beginning test for simple search...<br/>
Beginning Login Modular Test...<br/>
Waiting for page to load completely...<br/>
The page '' is fully loaded now.<br/>
Method: setEmail<br/>
Method: setPassword<br/>
Method: readEmail<br/>
Email Address: jesse.childress@aretecinc.com<br/>
Method: readEmail<br/>
Method: clickLogin<br/>
Waiting for page to load completely...<br/>
The page '' is fully loaded now.<br/>
Expected URL: https://test-search-2my7afm7yq-ue.a.run.app/<br/>
Current URL : https://test-search-2my7afm7yq-ue.a.run.app/login<br/>
Beginning Search Modular Test...
This is for the main search page from login...<br/>
Waiting for page to load completely...<br/>
The page 'Test App' is fully loaded now.<br/>
Expected URL: https://test-search-2my7afm7yq-ue.a.run.app/<br/>
Current URL : https://test-search-2my7afm7yq-ue.a.run.app/<br/>
Method: selectDomain<br/>
Method: clickAllDomainsButton<br/>
Method: openClosedDomains<br/>
</div>
</td>
<td><div><pre>org.openqa.selenium.ElementClickInterceptedException: element click intercepted: Element &lt;span class=&quot;ant-tree-switcher ant-tree-switcher_close&quot;&gt;...&lt;/span&gt; is not clickable at point (471, 669). Other element would receive the click: &lt;svg viewBox=&quot;0 0 1024 1024&quot; focusable=&quot;false&quot; data-icon=&quot;caret-down&quot; width=&quot;1em&quot; height=&quot;1em&quot; fill=&quot;currentColor&quot; aria-hidden=&quot;true&quot;&gt;...&lt;/svg&gt;
  (Session info: chrome=113.0.5672.127)
Build info: version: &apos;4.8.3&apos;, revision: &apos;e5e76298c3&apos;
System info: os.name: &apos;Windows 10&apos;, os.arch: &apos;amd64&apos;, os.version: &apos;10.0&apos;, java.version: &apos;17&apos;
Driver info: org.openqa.selenium.chrome.ChromeDriver
Command: [1482af483f37a36e8546452f256eb1fa, clickElement {id=C7C5BA563982DA1D629F86A480E119C1_element_103}]
Capabilities {acceptInsecureCerts: false, browserName: chrome, browserVersion: 113.0.5672.127, chrome: {chromedriverVersion: 113.0.5672.63 (0e1a4471d5ae..., userDataDir: C:\Users\jesse\AppData\Loca...}, goog:chromeOptions: {debuggerAddress: localhost:58152}, networkConnectionEnabled: false, pageLoadStrategy: normal, platformName: WINDOWS, proxy: Proxy(), se:cdp: ws://localhost:58152/devtoo..., se:cdpVersion: 113.0.5672.127, setWindowRect: true, strictFileInteractability: false, timeouts: {implicit: 0, pageLoad: 300000, script: 30000}, unhandledPromptBehavior: dismiss and notify, webauthn:extension:credBlob: true, webauthn:extension:largeBlob: true, webauthn:extension:minPinLength: true, webauthn:extension:prf: true, webauthn:virtualAuthenticators: true}
Element: [[ChromeDriver: chrome on WINDOWS (1482af483f37a36e8546452f256eb1fa)] -&gt; xpath: //span[@class = &apos;ant-tree-switcher ant-tree-switcher_close&apos;]]
Session ID: 1482af483f37a36e8546452f256eb1fa
	at java.base/jdk.internal.reflect.NativeConstructorAccessorImpl.newInstance0(Native Method)
	at java.base/jdk.internal.reflect.NativeConstructorAccessorImpl.newInstance(NativeConstructorAccessorImpl.java:77)
	at java.base/jdk.internal.reflect.DelegatingConstructorAccessorImpl.newInstance(DelegatingConstructorAccessorImpl.java:45)
	at java.base/java.lang.reflect.Constructor.newInstanceWithCaller(Constructor.java:499)
	at java.base/java.lang.reflect.Constructor.newInstance(Constructor.java:480)
	at org.openqa.selenium.remote.codec.w3c.W3CHttpResponseCodec.createException(W3CHttpResponseCodec.java:200)
	at org.openqa.selenium.remote.codec.w3c.W3CHttpResponseCodec.decode(W3CHttpResponseCodec.java:133)
	at org.openqa.selenium.remote.codec.w3c.W3CHttpResponseCodec.decode(W3CHttpResponseCodec.java:53)
	at org.openqa.selenium.remote.HttpCommandExecutor.execute(HttpCommandExecutor.java:193)
	at org.openqa.selenium.remote.service.DriverCommandExecutor.invokeExecute(DriverCommandExecutor.java:183)
	at org.openqa.selenium.remote.service.DriverCommandExecutor.execute(DriverCommandExecutor.java:158)
	at org.openqa.selenium.remote.RemoteWebDriver.execute(RemoteWebDriver.java:543)
	at org.openqa.selenium.remote.RemoteWebElement.execute(RemoteWebElement.java:257)
	at org.openqa.selenium.remote.RemoteWebElement.click(RemoteWebElement.java:78)
	at pageFactories.SearchPageFactory.openClosedDomains(SearchPageFactory.java:352)
	at pageFactories.SearchPageFactory.selectDomain(SearchPageFactory.java:213)
	at testCases.ModularTests.SearchMod.search(SearchMod.java:98)
	at testCases.Search.loginSmokeTest(Search.java:30)
	at java.base/jdk.internal.reflect.NativeMethodAccessorImpl.invoke0(Native Method)
	at java.base/jdk.internal.reflect.NativeMethodAccessorImpl.invoke(NativeMethodAccessorImpl.java:77)
	at java.base/jdk.internal.reflect.DelegatingMethodAccessorImpl.invoke(DelegatingMethodAccessorImpl.java:43)
	at java.base/java.lang.reflect.Method.invoke(Method.java:568)
	at org.testng.internal.invokers.MethodInvocationHelper.invokeMethod(MethodInvocationHelper.java:139)
	at org.testng.internal.invokers.TestInvoker.invokeMethod(TestInvoker.java:677)
	at org.testng.internal.invokers.TestInvoker.invokeTestMethod(TestInvoker.java:221)
	at org.testng.internal.invokers.MethodRunner.runInSequence(MethodRunner.java:50)
	at org.testng.internal.invokers.TestInvoker$MethodInvocationAgent.invoke(TestInvoker.java:969)
	at org.testng.internal.invokers.TestInvoker.invokeTestMethods(TestInvoker.java:194)
	at org.testng.internal.invokers.TestMethodWorker.invokeTestMethods(TestMethodWorker.java:148)
	at org.testng.internal.invokers.TestMethodWorker.run(TestMethodWorker.java:128)
	at java.base/java.util.ArrayList.forEach(ArrayList.java:1511)
	at org.testng.TestRunner.privateRun(TestRunner.java:829)
	at org.testng.TestRunner.run(TestRunner.java:602)
	at org.testng.SuiteRunner.runTest(SuiteRunner.java:437)
	at org.testng.SuiteRunner.runSequentially(SuiteRunner.java:431)
	at org.testng.SuiteRunner.privateRun(SuiteRunner.java:391)
	at org.testng.SuiteRunner.run(SuiteRunner.java:330)
	at org.testng.SuiteRunnerWorker.runSuite(SuiteRunnerWorker.java:52)
	at org.testng.SuiteRunnerWorker.run(SuiteRunnerWorker.java:95)
	at org.testng.TestNG.runSuitesSequentially(TestNG.java:1256)
	at org.testng.TestNG.runSuitesLocally(TestNG.java:1176)
	at org.testng.TestNG.runSuites(TestNG.java:1099)
	at org.testng.TestNG.run(TestNG.java:1067)
	at org.testng.remote.AbstractRemoteTestNG.run(AbstractRemoteTestNG.java:115)
	at org.testng.remote.RemoteTestNG.initAndRun(RemoteTestNG.java:251)
	at org.testng.remote.RemoteTestNG.main(RemoteTestNG.java:77)
</pre></div><a href='#' onClick='toggleBox("stack-trace1988062951", this, "Click to show all stack frames", "Click to hide stack frames")'>Click to show all stack frames</a>
<div class='stack-trace' id='stack-trace1988062951'><pre>org.openqa.selenium.ElementClickInterceptedException: element click intercepted: Element &lt;span class=&quot;ant-tree-switcher ant-tree-switcher_close&quot;&gt;...&lt;/span&gt; is not clickable at point (471, 669). Other element would receive the click: &lt;svg viewBox=&quot;0 0 1024 1024&quot; focusable=&quot;false&quot; data-icon=&quot;caret-down&quot; width=&quot;1em&quot; height=&quot;1em&quot; fill=&quot;currentColor&quot; aria-hidden=&quot;true&quot;&gt;...&lt;/svg&gt;
  (Session info: chrome=113.0.5672.127)
Build info: version: &apos;4.8.3&apos;, revision: &apos;e5e76298c3&apos;
System info: os.name: &apos;Windows 10&apos;, os.arch: &apos;amd64&apos;, os.version: &apos;10.0&apos;, java.version: &apos;17&apos;
Driver info: org.openqa.selenium.chrome.ChromeDriver
Command: [1482af483f37a36e8546452f256eb1fa, clickElement {id=C7C5BA563982DA1D629F86A480E119C1_element_103}]
Capabilities {acceptInsecureCerts: false, browserName: chrome, browserVersion: 113.0.5672.127, chrome: {chromedriverVersion: 113.0.5672.63 (0e1a4471d5ae..., userDataDir: C:\Users\jesse\AppData\Loca...}, goog:chromeOptions: {debuggerAddress: localhost:58152}, networkConnectionEnabled: false, pageLoadStrategy: normal, platformName: WINDOWS, proxy: Proxy(), se:cdp: ws://localhost:58152/devtoo..., se:cdpVersion: 113.0.5672.127, setWindowRect: true, strictFileInteractability: false, timeouts: {implicit: 0, pageLoad: 300000, script: 30000}, unhandledPromptBehavior: dismiss and notify, webauthn:extension:credBlob: true, webauthn:extension:largeBlob: true, webauthn:extension:minPinLength: true, webauthn:extension:prf: true, webauthn:virtualAuthenticators: true}
Element: [[ChromeDriver: chrome on WINDOWS (1482af483f37a36e8546452f256eb1fa)] -&gt; xpath: //span[@class = &apos;ant-tree-switcher ant-tree-switcher_close&apos;]]
Session ID: 1482af483f37a36e8546452f256eb1fa
	at java.base/jdk.internal.reflect.NativeConstructorAccessorImpl.newInstance0(Native Method)
	at java.base/jdk.internal.reflect.NativeConstructorAccessorImpl.newInstance(NativeConstructorAccessorImpl.java:77)
	at java.base/jdk.internal.reflect.DelegatingConstructorAccessorImpl.newInstance(DelegatingConstructorAccessorImpl.java:45)
	at java.base/java.lang.reflect.Constructor.newInstanceWithCaller(Constructor.java:499)
	at java.base/java.lang.reflect.Constructor.newInstance(Constructor.java:480)
	at org.openqa.selenium.remote.codec.w3c.W3CHttpResponseCodec.createException(W3CHttpResponseCodec.java:200)
	at org.openqa.selenium.remote.codec.w3c.W3CHttpResponseCodec.decode(W3CHttpResponseCodec.java:133)
	at org.openqa.selenium.remote.codec.w3c.W3CHttpResponseCodec.decode(W3CHttpResponseCodec.java:53)
	at org.openqa.selenium.remote.HttpCommandExecutor.execute(HttpCommandExecutor.java:193)
	at org.openqa.selenium.remote.service.DriverCommandExecutor.invokeExecute(DriverCommandExecutor.java:183)
	at org.openqa.selenium.remote.service.DriverCommandExecutor.execute(DriverCommandExecutor.java:158)
	at org.openqa.selenium.remote.RemoteWebDriver.execute(RemoteWebDriver.java:543)
	at org.openqa.selenium.remote.RemoteWebElement.execute(RemoteWebElement.java:257)
	at org.openqa.selenium.remote.RemoteWebElement.click(RemoteWebElement.java:78)
	at pageFactories.SearchPageFactory.openClosedDomains(SearchPageFactory.java:352)
	at pageFactories.SearchPageFactory.selectDomain(SearchPageFactory.java:213)
	at testCases.ModularTests.SearchMod.search(SearchMod.java:98)
	at testCases.Search.loginSmokeTest(Search.java:30)
	at java.base/jdk.internal.reflect.NativeMethodAccessorImpl.invoke0(Native Method)
	at java.base/jdk.internal.reflect.NativeMethodAccessorImpl.invoke(NativeMethodAccessorImpl.java:77)
	at java.base/jdk.internal.reflect.DelegatingMethodAccessorImpl.invoke(DelegatingMethodAccessorImpl.java:43)
	at java.base/java.lang.reflect.Method.invoke(Method.java:568)
	at org.testng.internal.invokers.MethodInvocationHelper.invokeMethod(MethodInvocationHelper.java:139)
	at org.testng.internal.invokers.TestInvoker.invokeMethod(TestInvoker.java:677)
	at org.testng.internal.invokers.TestInvoker.invokeTestMethod(TestInvoker.java:221)
	at org.testng.internal.invokers.MethodRunner.runInSequence(MethodRunner.java:50)
	at org.testng.internal.invokers.TestInvoker$MethodInvocationAgent.invoke(TestInvoker.java:969)
	at org.testng.internal.invokers.TestInvoker.invokeTestMethods(TestInvoker.java:194)
	at org.testng.internal.invokers.TestMethodWorker.invokeTestMethods(TestMethodWorker.java:148)
	at org.testng.internal.invokers.TestMethodWorker.run(TestMethodWorker.java:128)
	at java.base/java.util.ArrayList.forEach(ArrayList.java:1511)
	at org.testng.TestRunner.privateRun(TestRunner.java:829)
	at org.testng.TestRunner.run(TestRunner.java:602)
	at org.testng.SuiteRunner.runTest(SuiteRunner.java:437)
	at org.testng.SuiteRunner.runSequentially(SuiteRunner.java:431)
	at org.testng.SuiteRunner.privateRun(SuiteRunner.java:391)
	at org.testng.SuiteRunner.run(SuiteRunner.java:330)
	at org.testng.SuiteRunnerWorker.runSuite(SuiteRunnerWorker.java:52)
	at org.testng.SuiteRunnerWorker.run(SuiteRunnerWorker.java:95)
	at org.testng.TestNG.runSuitesSequentially(TestNG.java:1256)
	at org.testng.TestNG.runSuitesLocally(TestNG.java:1176)
	at org.testng.TestNG.runSuites(TestNG.java:1099)
	at org.testng.TestNG.run(TestNG.java:1067)
	at org.testng.remote.AbstractRemoteTestNG.run(AbstractRemoteTestNG.java:115)
	at org.testng.remote.RemoteTestNG.initAndRun(RemoteTestNG.java:251)
	at org.testng.remote.RemoteTestNG.main(RemoteTestNG.java:77)
</pre></div></td>
<td>11</td>
<td>testCases.Search@43df23d3</td></tr>
<tr>
<td title='testCases.Search.loginSmokeTest()'><b>loginSmokeTest</b><br>Test class: testCases.Search<br/>
<a href="#Output-1440250739" onClick='toggleBox("Output-1440250739", this, "Show output", "Hide output");'>Show output</a>

<a href="#Output-1440250739" onClick="toggleAllBoxes();">Show all outputs</a>
<div class='log' id="Output-1440250739">
Beginning test for simple search...<br/>
Beginning Login Modular Test...<br/>
Waiting for page to load completely...<br/>
The page '' is fully loaded now.<br/>
Method: setEmail<br/>
Method: setPassword<br/>
Method: readEmail<br/>
Email Address: jesse.childress@aretecinc.com<br/>
Method: readEmail<br/>
Method: clickLogin<br/>
Waiting for page to load completely...<br/>
The page '' is fully loaded now.<br/>
Expected URL: https://test-search-2my7afm7yq-ue.a.run.app/<br/>
Current URL : https://test-search-2my7afm7yq-ue.a.run.app/login<br/>
Beginning Search Modular Test...
This is for the main search page from login...<br/>
Waiting for page to load completely...<br/>
The page 'Test App' is fully loaded now.<br/>
Expected URL: https://test-search-2my7afm7yq-ue.a.run.app/<br/>
Current URL : https://test-search-2my7afm7yq-ue.a.run.app/<br/>
Method: selectDomain<br/>
Method: clickAllDomainsButton<br/>
Method: openClosedDomains<br/>
</div>
</td>
<td><div><pre>org.openqa.selenium.ElementClickInterceptedException: element click intercepted: Element &lt;span class=&quot;ant-tree-switcher ant-tree-switcher_close&quot;&gt;...&lt;/span&gt; is not clickable at point (471, 641). Other element would receive the click: &lt;span class=&quot;ant-tree-switcher ant-tree-switcher-noop&quot;&gt;&lt;/span&gt;
  (Session info: chrome=113.0.5672.127)
Build info: version: &apos;4.8.3&apos;, revision: &apos;e5e76298c3&apos;
System info: os.name: &apos;Windows 10&apos;, os.arch: &apos;amd64&apos;, os.version: &apos;10.0&apos;, java.version: &apos;17&apos;
Driver info: org.openqa.selenium.chrome.ChromeDriver
Command: [256385a1261415ac4c6857fbcbb56f3a, clickElement {id=587C7D5D2A864DA96F963A890B44BAC7_element_98}]
Capabilities {acceptInsecureCerts: false, browserName: chrome, browserVersion: 113.0.5672.127, chrome: {chromedriverVersion: 113.0.5672.63 (0e1a4471d5ae..., userDataDir: C:\Users\jesse\AppData\Loca...}, goog:chromeOptions: {debuggerAddress: localhost:58504}, networkConnectionEnabled: false, pageLoadStrategy: normal, platformName: WINDOWS, proxy: Proxy(), se:cdp: ws://localhost:58504/devtoo..., se:cdpVersion: 113.0.5672.127, setWindowRect: true, strictFileInteractability: false, timeouts: {implicit: 0, pageLoad: 300000, script: 30000}, unhandledPromptBehavior: dismiss and notify, webauthn:extension:credBlob: true, webauthn:extension:largeBlob: true, webauthn:extension:minPinLength: true, webauthn:extension:prf: true, webauthn:virtualAuthenticators: true}
Element: [[ChromeDriver: chrome on WINDOWS (256385a1261415ac4c6857fbcbb56f3a)] -&gt; xpath: //span[@class = &apos;ant-tree-switcher ant-tree-switcher_close&apos;]]
Session ID: 256385a1261415ac4c6857fbcbb56f3a
	at java.base/jdk.internal.reflect.NativeConstructorAccessorImpl.newInstance0(Native Method)
	at java.base/jdk.internal.reflect.NativeConstructorAccessorImpl.newInstance(NativeConstructorAccessorImpl.java:77)
	at java.base/jdk.internal.reflect.DelegatingConstructorAccessorImpl.newInstance(DelegatingConstructorAccessorImpl.java:45)
	at java.base/java.lang.reflect.Constructor.newInstanceWithCaller(Constructor.java:499)
	at java.base/java.lang.reflect.Constructor.newInstance(Constructor.java:480)
	at org.openqa.selenium.remote.codec.w3c.W3CHttpResponseCodec.createException(W3CHttpResponseCodec.java:200)
	at org.openqa.selenium.remote.codec.w3c.W3CHttpResponseCodec.decode(W3CHttpResponseCodec.java:133)
	at org.openqa.selenium.remote.codec.w3c.W3CHttpResponseCodec.decode(W3CHttpResponseCodec.java:53)
	at org.openqa.selenium.remote.HttpCommandExecutor.execute(HttpCommandExecutor.java:193)
	at org.openqa.selenium.remote.service.DriverCommandExecutor.invokeExecute(DriverCommandExecutor.java:183)
	at org.openqa.selenium.remote.service.DriverCommandExecutor.execute(DriverCommandExecutor.java:158)
	at org.openqa.selenium.remote.RemoteWebDriver.execute(RemoteWebDriver.java:543)
	at org.openqa.selenium.remote.RemoteWebElement.execute(RemoteWebElement.java:257)
	at org.openqa.selenium.remote.RemoteWebElement.click(RemoteWebElement.java:78)
	at pageFactories.SearchPageFactory.openClosedDomains(SearchPageFactory.java:352)
	at pageFactories.SearchPageFactory.selectDomain(SearchPageFactory.java:213)
	at testCases.ModularTests.SearchMod.search(SearchMod.java:98)
	at testCases.Search.loginSmokeTest(Search.java:30)
	at java.base/jdk.internal.reflect.NativeMethodAccessorImpl.invoke0(Native Method)
	at java.base/jdk.internal.reflect.NativeMethodAccessorImpl.invoke(NativeMethodAccessorImpl.java:77)
	at java.base/jdk.internal.reflect.DelegatingMethodAccessorImpl.invoke(DelegatingMethodAccessorImpl.java:43)
	at java.base/java.lang.reflect.Method.invoke(Method.java:568)
	at org.testng.internal.invokers.MethodInvocationHelper.invokeMethod(MethodInvocationHelper.java:139)
	at org.testng.internal.invokers.TestInvoker.invokeMethod(TestInvoker.java:677)
	at org.testng.internal.invokers.TestInvoker.invokeTestMethod(TestInvoker.java:221)
	at org.testng.internal.invokers.MethodRunner.runInSequence(MethodRunner.java:50)
	at org.testng.internal.invokers.TestInvoker$MethodInvocationAgent.invoke(TestInvoker.java:969)
	at org.testng.internal.invokers.TestInvoker.invokeTestMethods(TestInvoker.java:194)
	at org.testng.internal.invokers.TestMethodWorker.invokeTestMethods(TestMethodWorker.java:148)
	at org.testng.internal.invokers.TestMethodWorker.run(TestMethodWorker.java:128)
	at java.base/java.util.ArrayList.forEach(ArrayList.java:1511)
	at org.testng.TestRunner.privateRun(TestRunner.java:829)
	at org.testng.TestRunner.run(TestRunner.java:602)
	at org.testng.SuiteRunner.runTest(SuiteRunner.java:437)
	at org.testng.SuiteRunner.runSequentially(SuiteRunner.java:431)
	at org.testng.SuiteRunner.privateRun(SuiteRunner.java:391)
	at org.testng.SuiteRunner.run(SuiteRunner.java:330)
	at org.testng.SuiteRunnerWorker.runSuite(SuiteRunnerWorker.java:52)
	at org.testng.SuiteRunnerWorker.run(SuiteRunnerWorker.java:95)
	at org.testng.TestNG.runSuitesSequentially(TestNG.java:1256)
	at org.testng.TestNG.runSuitesLocally(TestNG.java:1176)
	at org.testng.TestNG.runSuites(TestNG.java:1099)
	at org.testng.TestNG.run(TestNG.java:1067)
	at org.testng.remote.AbstractRemoteTestNG.run(AbstractRemoteTestNG.java:115)
	at org.testng.remote.RemoteTestNG.initAndRun(RemoteTestNG.java:251)
	at org.testng.remote.RemoteTestNG.main(RemoteTestNG.java:77)
</pre></div><a href='#' onClick='toggleBox("stack-trace1440250739", this, "Click to show all stack frames", "Click to hide stack frames")'>Click to show all stack frames</a>
<div class='stack-trace' id='stack-trace1440250739'><pre>org.openqa.selenium.ElementClickInterceptedException: element click intercepted: Element &lt;span class=&quot;ant-tree-switcher ant-tree-switcher_close&quot;&gt;...&lt;/span&gt; is not clickable at point (471, 641). Other element would receive the click: &lt;span class=&quot;ant-tree-switcher ant-tree-switcher-noop&quot;&gt;&lt;/span&gt;
  (Session info: chrome=113.0.5672.127)
Build info: version: &apos;4.8.3&apos;, revision: &apos;e5e76298c3&apos;
System info: os.name: &apos;Windows 10&apos;, os.arch: &apos;amd64&apos;, os.version: &apos;10.0&apos;, java.version: &apos;17&apos;
Driver info: org.openqa.selenium.chrome.ChromeDriver
Command: [256385a1261415ac4c6857fbcbb56f3a, clickElement {id=587C7D5D2A864DA96F963A890B44BAC7_element_98}]
Capabilities {acceptInsecureCerts: false, browserName: chrome, browserVersion: 113.0.5672.127, chrome: {chromedriverVersion: 113.0.5672.63 (0e1a4471d5ae..., userDataDir: C:\Users\jesse\AppData\Loca...}, goog:chromeOptions: {debuggerAddress: localhost:58504}, networkConnectionEnabled: false, pageLoadStrategy: normal, platformName: WINDOWS, proxy: Proxy(), se:cdp: ws://localhost:58504/devtoo..., se:cdpVersion: 113.0.5672.127, setWindowRect: true, strictFileInteractability: false, timeouts: {implicit: 0, pageLoad: 300000, script: 30000}, unhandledPromptBehavior: dismiss and notify, webauthn:extension:credBlob: true, webauthn:extension:largeBlob: true, webauthn:extension:minPinLength: true, webauthn:extension:prf: true, webauthn:virtualAuthenticators: true}
Element: [[ChromeDriver: chrome on WINDOWS (256385a1261415ac4c6857fbcbb56f3a)] -&gt; xpath: //span[@class = &apos;ant-tree-switcher ant-tree-switcher_close&apos;]]
Session ID: 256385a1261415ac4c6857fbcbb56f3a
	at java.base/jdk.internal.reflect.NativeConstructorAccessorImpl.newInstance0(Native Method)
	at java.base/jdk.internal.reflect.NativeConstructorAccessorImpl.newInstance(NativeConstructorAccessorImpl.java:77)
	at java.base/jdk.internal.reflect.DelegatingConstructorAccessorImpl.newInstance(DelegatingConstructorAccessorImpl.java:45)
	at java.base/java.lang.reflect.Constructor.newInstanceWithCaller(Constructor.java:499)
	at java.base/java.lang.reflect.Constructor.newInstance(Constructor.java:480)
	at org.openqa.selenium.remote.codec.w3c.W3CHttpResponseCodec.createException(W3CHttpResponseCodec.java:200)
	at org.openqa.selenium.remote.codec.w3c.W3CHttpResponseCodec.decode(W3CHttpResponseCodec.java:133)
	at org.openqa.selenium.remote.codec.w3c.W3CHttpResponseCodec.decode(W3CHttpResponseCodec.java:53)
	at org.openqa.selenium.remote.HttpCommandExecutor.execute(HttpCommandExecutor.java:193)
	at org.openqa.selenium.remote.service.DriverCommandExecutor.invokeExecute(DriverCommandExecutor.java:183)
	at org.openqa.selenium.remote.service.DriverCommandExecutor.execute(DriverCommandExecutor.java:158)
	at org.openqa.selenium.remote.RemoteWebDriver.execute(RemoteWebDriver.java:543)
	at org.openqa.selenium.remote.RemoteWebElement.execute(RemoteWebElement.java:257)
	at org.openqa.selenium.remote.RemoteWebElement.click(RemoteWebElement.java:78)
	at pageFactories.SearchPageFactory.openClosedDomains(SearchPageFactory.java:352)
	at pageFactories.SearchPageFactory.selectDomain(SearchPageFactory.java:213)
	at testCases.ModularTests.SearchMod.search(SearchMod.java:98)
	at testCases.Search.loginSmokeTest(Search.java:30)
	at java.base/jdk.internal.reflect.NativeMethodAccessorImpl.invoke0(Native Method)
	at java.base/jdk.internal.reflect.NativeMethodAccessorImpl.invoke(NativeMethodAccessorImpl.java:77)
	at java.base/jdk.internal.reflect.DelegatingMethodAccessorImpl.invoke(DelegatingMethodAccessorImpl.java:43)
	at java.base/java.lang.reflect.Method.invoke(Method.java:568)
	at org.testng.internal.invokers.MethodInvocationHelper.invokeMethod(MethodInvocationHelper.java:139)
	at org.testng.internal.invokers.TestInvoker.invokeMethod(TestInvoker.java:677)
	at org.testng.internal.invokers.TestInvoker.invokeTestMethod(TestInvoker.java:221)
	at org.testng.internal.invokers.MethodRunner.runInSequence(MethodRunner.java:50)
	at org.testng.internal.invokers.TestInvoker$MethodInvocationAgent.invoke(TestInvoker.java:969)
	at org.testng.internal.invokers.TestInvoker.invokeTestMethods(TestInvoker.java:194)
	at org.testng.internal.invokers.TestMethodWorker.invokeTestMethods(TestMethodWorker.java:148)
	at org.testng.internal.invokers.TestMethodWorker.run(TestMethodWorker.java:128)
	at java.base/java.util.ArrayList.forEach(ArrayList.java:1511)
	at org.testng.TestRunner.privateRun(TestRunner.java:829)
	at org.testng.TestRunner.run(TestRunner.java:602)
	at org.testng.SuiteRunner.runTest(SuiteRunner.java:437)
	at org.testng.SuiteRunner.runSequentially(SuiteRunner.java:431)
	at org.testng.SuiteRunner.privateRun(SuiteRunner.java:391)
	at org.testng.SuiteRunner.run(SuiteRunner.java:330)
	at org.testng.SuiteRunnerWorker.runSuite(SuiteRunnerWorker.java:52)
	at org.testng.SuiteRunnerWorker.run(SuiteRunnerWorker.java:95)
	at org.testng.TestNG.runSuitesSequentially(TestNG.java:1256)
	at org.testng.TestNG.runSuitesLocally(TestNG.java:1176)
	at org.testng.TestNG.runSuites(TestNG.java:1099)
	at org.testng.TestNG.run(TestNG.java:1067)
	at org.testng.remote.AbstractRemoteTestNG.run(AbstractRemoteTestNG.java:115)
	at org.testng.remote.RemoteTestNG.initAndRun(RemoteTestNG.java:251)
	at org.testng.remote.RemoteTestNG.main(RemoteTestNG.java:77)
</pre></div></td>
<td>8</td>
<td>testCases.Search@43df23d3</td></tr>
<tr>
<td title='testCases.Search.loginSmokeTest()'><b>loginSmokeTest</b><br>Test class: testCases.Search<br/>
<a href="#Output-1638796611" onClick='toggleBox("Output-1638796611", this, "Show output", "Hide output");'>Show output</a>

<a href="#Output-1638796611" onClick="toggleAllBoxes();">Show all outputs</a>
<div class='log' id="Output-1638796611">
Beginning test for simple search...<br/>
Beginning Login Modular Test...<br/>
Waiting for page to load completely...<br/>
The page '' is fully loaded now.<br/>
Method: setEmail<br/>
Method: setPassword<br/>
Method: readEmail<br/>
Email Address: jesse.childress@aretecinc.com<br/>
Method: readEmail<br/>
Method: clickLogin<br/>
Waiting for page to load completely...<br/>
The page '' is fully loaded now.<br/>
Expected URL: https://test-search-2my7afm7yq-ue.a.run.app/<br/>
Current URL : https://test-search-2my7afm7yq-ue.a.run.app/login<br/>
Beginning Search Modular Test...
This is for the main search page from login...<br/>
Waiting for page to load completely...<br/>
The page 'Test App' is fully loaded now.<br/>
Expected URL: https://test-search-2my7afm7yq-ue.a.run.app/<br/>
Current URL : https://test-search-2my7afm7yq-ue.a.run.app/<br/>
Method: selectDomain<br/>
Method: clickAllDomainsButton<br/>
Method: openClosedDomains<br/>
Method: setSearchField<br/>
Method: readSearchField<br/>
Method: setAPIDefault<br/>
Waiting for page to load completely...<br/>
The page 'Test App' is fully loaded now.<br/>
Expected URL: https://test-search-2my7afm7yq-ue.a.run.app/search-result.*<br/>
Current URL : https://test-search-2my7afm7yq-ue.a.run.app/search-result?search=How%20can%20Aretec%20save%20money%20on%20taxes?<br/>
Waiting for page to load completely...<br/>
The page 'Test App' is fully loaded now.<br/>
Method: readAnswer<br/>
Method: waitForAnswerGeneration<br/>
</div>
</td>
<td><div><pre>org.openqa.selenium.NoSuchElementException: no such element: Unable to locate element: {&quot;method&quot;:&quot;xpath&quot;,&quot;selector&quot;:&quot;//div[@class = &apos;content mgBt_10 bullet&apos;]/p&quot;}
  (Session info: chrome=113.0.5672.127)
For documentation on this error, please visit: https://selenium.dev/exceptions/#no_such_element
Build info: version: &apos;4.8.3&apos;, revision: &apos;e5e76298c3&apos;
System info: os.name: &apos;Windows 10&apos;, os.arch: &apos;amd64&apos;, os.version: &apos;10.0&apos;, java.version: &apos;17&apos;
Driver info: org.openqa.selenium.chrome.ChromeDriver
Command: [a495a678c8ea12283ab20322db884f7c, findElement {using=xpath, value=//div[@class = &apos;content mgBt_10 bullet&apos;]/p}]
Capabilities {acceptInsecureCerts: false, browserName: chrome, browserVersion: 113.0.5672.127, chrome: {chromedriverVersion: 113.0.5672.63 (0e1a4471d5ae..., userDataDir: C:\Users\jesse\AppData\Loca...}, goog:chromeOptions: {debuggerAddress: localhost:58177}, networkConnectionEnabled: false, pageLoadStrategy: normal, platformName: WINDOWS, proxy: Proxy(), se:cdp: ws://localhost:58177/devtoo..., se:cdpVersion: 113.0.5672.127, setWindowRect: true, strictFileInteractability: false, timeouts: {implicit: 0, pageLoad: 300000, script: 30000}, unhandledPromptBehavior: dismiss and notify, webauthn:extension:credBlob: true, webauthn:extension:largeBlob: true, webauthn:extension:minPinLength: true, webauthn:extension:prf: true, webauthn:virtualAuthenticators: true}
Session ID: a495a678c8ea12283ab20322db884f7c
	at java.base/jdk.internal.reflect.NativeConstructorAccessorImpl.newInstance0(Native Method)
	at java.base/jdk.internal.reflect.NativeConstructorAccessorImpl.newInstance(NativeConstructorAccessorImpl.java:77)
	at java.base/jdk.internal.reflect.DelegatingConstructorAccessorImpl.newInstance(DelegatingConstructorAccessorImpl.java:45)
	at java.base/java.lang.reflect.Constructor.newInstanceWithCaller(Constructor.java:499)
	at java.base/java.lang.reflect.Constructor.newInstance(Constructor.java:480)
	at org.openqa.selenium.remote.codec.w3c.W3CHttpResponseCodec.createException(W3CHttpResponseCodec.java:200)
	at org.openqa.selenium.remote.codec.w3c.W3CHttpResponseCodec.decode(W3CHttpResponseCodec.java:133)
	at org.openqa.selenium.remote.codec.w3c.W3CHttpResponseCodec.decode(W3CHttpResponseCodec.java:53)
	at org.openqa.selenium.remote.HttpCommandExecutor.execute(HttpCommandExecutor.java:193)
	at org.openqa.selenium.remote.service.DriverCommandExecutor.invokeExecute(DriverCommandExecutor.java:183)
	at org.openqa.selenium.remote.service.DriverCommandExecutor.execute(DriverCommandExecutor.java:158)
	at org.openqa.selenium.remote.RemoteWebDriver.execute(RemoteWebDriver.java:543)
	at org.openqa.selenium.remote.ElementLocation$ElementFinder$2.findElement(ElementLocation.java:162)
	at org.openqa.selenium.remote.ElementLocation.findElement(ElementLocation.java:60)
	at org.openqa.selenium.remote.RemoteWebDriver.findElement(RemoteWebDriver.java:352)
	at org.openqa.selenium.remote.RemoteWebDriver.findElement(RemoteWebDriver.java:344)
	at pageFactories.SearchResultsPageFactory.waitForAnswerGeneration(SearchResultsPageFactory.java:47)
	at pageFactories.SearchResultsPageFactory.readAnswer(SearchResultsPageFactory.java:85)
	at testCases.Search.loginSmokeTest(Search.java:34)
	at java.base/jdk.internal.reflect.NativeMethodAccessorImpl.invoke0(Native Method)
	at java.base/jdk.internal.reflect.NativeMethodAccessorImpl.invoke(NativeMethodAccessorImpl.java:77)
	at java.base/jdk.internal.reflect.DelegatingMethodAccessorImpl.invoke(DelegatingMethodAccessorImpl.java:43)
	at java.base/java.lang.reflect.Method.invoke(Method.java:568)
	at org.testng.internal.invokers.MethodInvocationHelper.invokeMethod(MethodInvocationHelper.java:139)
	at org.testng.internal.invokers.TestInvoker.invokeMethod(TestInvoker.java:677)
	at org.testng.internal.invokers.TestInvoker.invokeTestMethod(TestInvoker.java:221)
	at org.testng.internal.invokers.MethodRunner.runInSequence(MethodRunner.java:50)
	at org.testng.internal.invokers.TestInvoker$MethodInvocationAgent.invoke(TestInvoker.java:969)
	at org.testng.internal.invokers.TestInvoker.invokeTestMethods(TestInvoker.java:194)
	at org.testng.internal.invokers.TestMethodWorker.invokeTestMethods(TestMethodWorker.java:148)
	at org.testng.internal.invokers.TestMethodWorker.run(TestMethodWorker.java:128)
	at java.base/java.util.ArrayList.forEach(ArrayList.java:1511)
	at org.testng.TestRunner.privateRun(TestRunner.java:829)
	at org.testng.TestRunner.run(TestRunner.java:602)
	at org.testng.SuiteRunner.runTest(SuiteRunner.java:437)
	at org.testng.SuiteRunner.runSequentially(SuiteRunner.java:431)
	at org.testng.SuiteRunner.privateRun(SuiteRunner.java:391)
	at org.testng.SuiteRunner.run(SuiteRunner.java:330)
	at org.testng.SuiteRunnerWorker.runSuite(SuiteRunnerWorker.java:52)
	at org.testng.SuiteRunnerWorker.run(SuiteRunnerWorker.java:95)
	at org.testng.TestNG.runSuitesSequentially(TestNG.java:1256)
	at org.testng.TestNG.runSuitesLocally(TestNG.java:1176)
	at org.testng.TestNG.runSuites(TestNG.java:1099)
	at org.testng.TestNG.run(TestNG.java:1067)
	at org.testng.remote.AbstractRemoteTestNG.run(AbstractRemoteTestNG.java:115)
	at org.testng.remote.RemoteTestNG.initAndRun(RemoteTestNG.java:251)
	at org.testng.remote.RemoteTestNG.main(RemoteTestNG.java:77)
</pre></div><a href='#' onClick='toggleBox("stack-trace1638796611", this, "Click to show all stack frames", "Click to hide stack frames")'>Click to show all stack frames</a>
<div class='stack-trace' id='stack-trace1638796611'><pre>org.openqa.selenium.NoSuchElementException: no such element: Unable to locate element: {&quot;method&quot;:&quot;xpath&quot;,&quot;selector&quot;:&quot;//div[@class = &apos;content mgBt_10 bullet&apos;]/p&quot;}
  (Session info: chrome=113.0.5672.127)
For documentation on this error, please visit: https://selenium.dev/exceptions/#no_such_element
Build info: version: &apos;4.8.3&apos;, revision: &apos;e5e76298c3&apos;
System info: os.name: &apos;Windows 10&apos;, os.arch: &apos;amd64&apos;, os.version: &apos;10.0&apos;, java.version: &apos;17&apos;
Driver info: org.openqa.selenium.chrome.ChromeDriver
Command: [a495a678c8ea12283ab20322db884f7c, findElement {using=xpath, value=//div[@class = &apos;content mgBt_10 bullet&apos;]/p}]
Capabilities {acceptInsecureCerts: false, browserName: chrome, browserVersion: 113.0.5672.127, chrome: {chromedriverVersion: 113.0.5672.63 (0e1a4471d5ae..., userDataDir: C:\Users\jesse\AppData\Loca...}, goog:chromeOptions: {debuggerAddress: localhost:58177}, networkConnectionEnabled: false, pageLoadStrategy: normal, platformName: WINDOWS, proxy: Proxy(), se:cdp: ws://localhost:58177/devtoo..., se:cdpVersion: 113.0.5672.127, setWindowRect: true, strictFileInteractability: false, timeouts: {implicit: 0, pageLoad: 300000, script: 30000}, unhandledPromptBehavior: dismiss and notify, webauthn:extension:credBlob: true, webauthn:extension:largeBlob: true, webauthn:extension:minPinLength: true, webauthn:extension:prf: true, webauthn:virtualAuthenticators: true}
Session ID: a495a678c8ea12283ab20322db884f7c
	at java.base/jdk.internal.reflect.NativeConstructorAccessorImpl.newInstance0(Native Method)
	at java.base/jdk.internal.reflect.NativeConstructorAccessorImpl.newInstance(NativeConstructorAccessorImpl.java:77)
	at java.base/jdk.internal.reflect.DelegatingConstructorAccessorImpl.newInstance(DelegatingConstructorAccessorImpl.java:45)
	at java.base/java.lang.reflect.Constructor.newInstanceWithCaller(Constructor.java:499)
	at java.base/java.lang.reflect.Constructor.newInstance(Constructor.java:480)
	at org.openqa.selenium.remote.codec.w3c.W3CHttpResponseCodec.createException(W3CHttpResponseCodec.java:200)
	at org.openqa.selenium.remote.codec.w3c.W3CHttpResponseCodec.decode(W3CHttpResponseCodec.java:133)
	at org.openqa.selenium.remote.codec.w3c.W3CHttpResponseCodec.decode(W3CHttpResponseCodec.java:53)
	at org.openqa.selenium.remote.HttpCommandExecutor.execute(HttpCommandExecutor.java:193)
	at org.openqa.selenium.remote.service.DriverCommandExecutor.invokeExecute(DriverCommandExecutor.java:183)
	at org.openqa.selenium.remote.service.DriverCommandExecutor.execute(DriverCommandExecutor.java:158)
	at org.openqa.selenium.remote.RemoteWebDriver.execute(RemoteWebDriver.java:543)
	at org.openqa.selenium.remote.ElementLocation$ElementFinder$2.findElement(ElementLocation.java:162)
	at org.openqa.selenium.remote.ElementLocation.findElement(ElementLocation.java:60)
	at org.openqa.selenium.remote.RemoteWebDriver.findElement(RemoteWebDriver.java:352)
	at org.openqa.selenium.remote.RemoteWebDriver.findElement(RemoteWebDriver.java:344)
	at pageFactories.SearchResultsPageFactory.waitForAnswerGeneration(SearchResultsPageFactory.java:47)
	at pageFactories.SearchResultsPageFactory.readAnswer(SearchResultsPageFactory.java:85)
	at testCases.Search.loginSmokeTest(Search.java:34)
	at java.base/jdk.internal.reflect.NativeMethodAccessorImpl.invoke0(Native Method)
	at java.base/jdk.internal.reflect.NativeMethodAccessorImpl.invoke(NativeMethodAccessorImpl.java:77)
	at java.base/jdk.internal.reflect.DelegatingMethodAccessorImpl.invoke(DelegatingMethodAccessorImpl.java:43)
	at java.base/java.lang.reflect.Method.invoke(Method.java:568)
	at org.testng.internal.invokers.MethodInvocationHelper.invokeMethod(MethodInvocationHelper.java:139)
	at org.testng.internal.invokers.TestInvoker.invokeMethod(TestInvoker.java:677)
	at org.testng.internal.invokers.TestInvoker.invokeTestMethod(TestInvoker.java:221)
	at org.testng.internal.invokers.MethodRunner.runInSequence(MethodRunner.java:50)
	at org.testng.internal.invokers.TestInvoker$MethodInvocationAgent.invoke(TestInvoker.java:969)
	at org.testng.internal.invokers.TestInvoker.invokeTestMethods(TestInvoker.java:194)
	at org.testng.internal.invokers.TestMethodWorker.invokeTestMethods(TestMethodWorker.java:148)
	at org.testng.internal.invokers.TestMethodWorker.run(TestMethodWorker.java:128)
	at java.base/java.util.ArrayList.forEach(ArrayList.java:1511)
	at org.testng.TestRunner.privateRun(TestRunner.java:829)
	at org.testng.TestRunner.run(TestRunner.java:602)
	at org.testng.SuiteRunner.runTest(SuiteRunner.java:437)
	at org.testng.SuiteRunner.runSequentially(SuiteRunner.java:431)
	at org.testng.SuiteRunner.privateRun(SuiteRunner.java:391)
	at org.testng.SuiteRunner.run(SuiteRunner.java:330)
	at org.testng.SuiteRunnerWorker.runSuite(SuiteRunnerWorker.java:52)
	at org.testng.SuiteRunnerWorker.run(SuiteRunnerWorker.java:95)
	at org.testng.TestNG.runSuitesSequentially(TestNG.java:1256)
	at org.testng.TestNG.runSuitesLocally(TestNG.java:1176)
	at org.testng.TestNG.runSuites(TestNG.java:1099)
	at org.testng.TestNG.run(TestNG.java:1067)
	at org.testng.remote.AbstractRemoteTestNG.run(AbstractRemoteTestNG.java:115)
	at org.testng.remote.RemoteTestNG.initAndRun(RemoteTestNG.java:251)
	at org.testng.remote.RemoteTestNG.main(RemoteTestNG.java:77)
</pre></div></td>
<td>30</td>
<td>testCases.Search@43df23d3</td></tr>
</table><p>
<table width='100%' border='1' class='invocation-passed'>
<tr><td colspan='4' align='center'><b>PASSED TESTS</b></td></tr>
<tr><td><b>Test method</b></td>
<td><b>Attribute(s)</b></td>
<td width="30%"><b>Exception</b></td>
<td width="10%"><b>Time (seconds)</b></td>
<td><b>Instance</b></td>
</tr>
<tr>
<td title='testCases.Search.loginSmokeTest()'><b>loginSmokeTest</b><br>Test class: testCases.Search<br/>
<a href="#Output-274579533" onClick='toggleBox("Output-274579533", this, "Show output", "Hide output");'>Show output</a>

<a href="#Output-274579533" onClick="toggleAllBoxes();">Show all outputs</a>
<div class='log' id="Output-274579533">
Beginning test for simple search...<br/>
Beginning Login Modular Test...<br/>
Waiting for page to load completely...<br/>
The page '' is fully loaded now.<br/>
Method: setEmail<br/>
Method: setPassword<br/>
Method: readEmail<br/>
Email Address: jesse.childress@aretecinc.com<br/>
Method: readEmail<br/>
Method: clickLogin<br/>
Waiting for page to load completely...<br/>
The page '' is fully loaded now.<br/>
Expected URL: https://test-search-2my7afm7yq-ue.a.run.app/<br/>
Current URL : https://test-search-2my7afm7yq-ue.a.run.app/login<br/>
Beginning Search Modular Test...
This is for the main search page from login...<br/>
Waiting for page to load completely...<br/>
The page 'Test App' is fully loaded now.<br/>
Expected URL: https://test-search-2my7afm7yq-ue.a.run.app/<br/>
Current URL : https://test-search-2my7afm7yq-ue.a.run.app/<br/>
Method: selectDomain<br/>
Method: clickAllDomainsButton<br/>
Method: openClosedDomains<br/>
Method: setSearchField<br/>
Method: readSearchField<br/>
Method: setAPIDefault<br/>
Waiting for page to load completely...<br/>
The page 'Test App' is fully loaded now.<br/>
Expected URL: https://test-search-2my7afm7yq-ue.a.run.app/search-result.*<br/>
Current URL : https://test-search-2my7afm7yq-ue.a.run.app/search-result?search=How%20can%20Aretec%20save%20money%20on%20taxes?<br/>
Waiting for page to load completely...<br/>
The page 'Test App' is fully loaded now.<br/>
Method: readAnswer<br/>
Method: waitForAnswerGeneration<br/>
Waited on Answer text for: 13 seconds.<br/>
</div>
</td>
<td></td>
<td>41</td>
<td>testCases.Search@43df23d3</td></tr>
<tr>
<td title='testCases.Search.loginSmokeTest()'><b>loginSmokeTest</b><br>Test class: testCases.Search<br/>
<a href="#Output-561890446" onClick='toggleBox("Output-561890446", this, "Show output", "Hide output");'>Show output</a>

<a href="#Output-561890446" onClick="toggleAllBoxes();">Show all outputs</a>
<div class='log' id="Output-561890446">
Beginning test for simple search...<br/>
Beginning Login Modular Test...<br/>
Waiting for page to load completely...<br/>
The page '' is fully loaded now.<br/>
Method: setEmail<br/>
Method: setPassword<br/>
Method: readEmail<br/>
Email Address: jesse.childress@aretecinc.com<br/>
Method: readEmail<br/>
Method: clickLogin<br/>
Waiting for page to load completely...<br/>
The page '' is fully loaded now.<br/>
Expected URL: https://test-search-2my7afm7yq-ue.a.run.app/<br/>
Current URL : https://test-search-2my7afm7yq-ue.a.run.app/login<br/>
Beginning Search Modular Test...
This is for the main search page from login...<br/>
Waiting for page to load completely...<br/>
The page 'Test App' is fully loaded now.<br/>
Expected URL: https://test-search-2my7afm7yq-ue.a.run.app/<br/>
Current URL : https://test-search-2my7afm7yq-ue.a.run.app/<br/>
Method: selectDomain<br/>
Method: clickAllDomainsButton<br/>
Method: openClosedDomains<br/>
Method: setSearchField<br/>
Method: readSearchField<br/>
Method: setAPIDefault<br/>
Waiting for page to load completely...<br/>
The page 'Test App' is fully loaded now.<br/>
Expected URL: https://test-search-2my7afm7yq-ue.a.run.app/search-result.*<br/>
Current URL : https://test-search-2my7afm7yq-ue.a.run.app/search-result?search=How%20can%20Aretec%20save%20money%20on%20taxes?<br/>
Waiting for page to load completely...<br/>
The page 'Test App' is fully loaded now.<br/>
Method: readAnswer<br/>
Method: waitForAnswerGeneration<br/>
Waited on Answer text for: 12 seconds.<br/>
</div>
</td>
<td></td>
<td>39</td>
<td>testCases.Search@43df23d3</td></tr>
<tr>
<td title='testCases.Search.loginSmokeTest()'><b>loginSmokeTest</b><br>Test class: testCases.Search<br/>
<a href="#Output-1749250768" onClick='toggleBox("Output-1749250768", this, "Show output", "Hide output");'>Show output</a>

<a href="#Output-1749250768" onClick="toggleAllBoxes();">Show all outputs</a>
<div class='log' id="Output-1749250768">
Beginning test for simple search...<br/>
Beginning Login Modular Test...<br/>
Waiting for page to load completely...<br/>
The page '' is fully loaded now.<br/>
Method: setEmail<br/>
Method: setPassword<br/>
Method: readEmail<br/>
Email Address: jesse.childress@aretecinc.com<br/>
Method: readEmail<br/>
Method: clickLogin<br/>
Waiting for page to load completely...<br/>
The page '' is fully loaded now.<br/>
Expected URL: https://test-search-2my7afm7yq-ue.a.run.app/<br/>
Current URL : https://test-search-2my7afm7yq-ue.a.run.app/login<br/>
Beginning Search Modular Test...
This is for the main search page from login...<br/>
Waiting for page to load completely...<br/>
The page 'Test App' is fully loaded now.<br/>
Expected URL: https://test-search-2my7afm7yq-ue.a.run.app/<br/>
Current URL : https://test-search-2my7afm7yq-ue.a.run.app/<br/>
Method: selectDomain<br/>
Method: clickAllDomainsButton<br/>
Method: openClosedDomains<br/>
Method: setSearchField<br/>
Method: readSearchField<br/>
Method: setAPIDefault<br/>
Waiting for page to load completely...<br/>
The page 'Test App' is fully loaded now.<br/>
Expected URL: https://test-search-2my7afm7yq-ue.a.run.app/search-result.*<br/>
Current URL : https://test-search-2my7afm7yq-ue.a.run.app/search-result?search=How%20can%20Aretec%20save%20money%20on%20taxes?<br/>
Waiting for page to load completely...<br/>
The page 'Test App' is fully loaded now.<br/>
Method: readAnswer<br/>
Method: waitForAnswerGeneration<br/>
Waited on Answer text for: 11 seconds.<br/>
</div>
</td>
<td></td>
<td>40</td>
<td>testCases.Search@43df23d3</td></tr>
<tr>
<td title='testCases.Search.loginSmokeTest()'><b>loginSmokeTest</b><br>Test class: testCases.Search<br/>
<a href="#Output-898883700" onClick='toggleBox("Output-898883700", this, "Show output", "Hide output");'>Show output</a>

<a href="#Output-898883700" onClick="toggleAllBoxes();">Show all outputs</a>
<div class='log' id="Output-898883700">
Beginning test for simple search...<br/>
Beginning Login Modular Test...<br/>
Waiting for page to load completely...<br/>
The page '' is fully loaded now.<br/>
Method: setEmail<br/>
Method: setPassword<br/>
Method: readEmail<br/>
Email Address: jesse.childress@aretecinc.com<br/>
Method: readEmail<br/>
Method: clickLogin<br/>
Waiting for page to load completely...<br/>
The page '' is fully loaded now.<br/>
Expected URL: https://test-search-2my7afm7yq-ue.a.run.app/<br/>
Current URL : https://test-search-2my7afm7yq-ue.a.run.app/login<br/>
Beginning Search Modular Test...
This is for the main search page from login...<br/>
Waiting for page to load completely...<br/>
The page 'Test App' is fully loaded now.<br/>
Expected URL: https://test-search-2my7afm7yq-ue.a.run.app/<br/>
Current URL : https://test-search-2my7afm7yq-ue.a.run.app/<br/>
Method: selectDomain<br/>
Method: clickAllDomainsButton<br/>
Method: openClosedDomains<br/>
Method: setSearchField<br/>
Method: readSearchField<br/>
Method: setAPIDefault<br/>
Waiting for page to load completely...<br/>
The page 'Test App' is fully loaded now.<br/>
Expected URL: https://test-search-2my7afm7yq-ue.a.run.app/search-result.*<br/>
Current URL : https://test-search-2my7afm7yq-ue.a.run.app/search-result?search=How%20can%20Aretec%20save%20money%20on%20taxes?<br/>
Waiting for page to load completely...<br/>
The page 'Test App' is fully loaded now.<br/>
Method: readAnswer<br/>
Method: waitForAnswerGeneration<br/>
Waited on Answer text for: 4 seconds.<br/>
</div>
</td>
<td></td>
<td>30</td>
<td>testCases.Search@43df23d3</td></tr>
<tr>
<td title='testCases.Search.loginSmokeTest()'><b>loginSmokeTest</b><br>Test class: testCases.Search<br/>
<a href="#Output-1121446076" onClick='toggleBox("Output-1121446076", this, "Show output", "Hide output");'>Show output</a>

<a href="#Output-1121446076" onClick="toggleAllBoxes();">Show all outputs</a>
<div class='log' id="Output-1121446076">
Beginning test for simple search...<br/>
Beginning Login Modular Test...<br/>
Waiting for page to load completely...<br/>
The page '' is fully loaded now.<br/>
Method: setEmail<br/>
Method: setPassword<br/>
Method: readEmail<br/>
Email Address: jesse.childress@aretecinc.com<br/>
Method: readEmail<br/>
Method: clickLogin<br/>
Waiting for page to load completely...<br/>
The page '' is fully loaded now.<br/>
Expected URL: https://test-search-2my7afm7yq-ue.a.run.app/<br/>
Current URL : https://test-search-2my7afm7yq-ue.a.run.app/login<br/>
Beginning Search Modular Test...
This is for the main search page from login...<br/>
Waiting for page to load completely...<br/>
The page 'Test App' is fully loaded now.<br/>
Expected URL: https://test-search-2my7afm7yq-ue.a.run.app/<br/>
Current URL : https://test-search-2my7afm7yq-ue.a.run.app/<br/>
Method: selectDomain<br/>
Method: clickAllDomainsButton<br/>
Method: openClosedDomains<br/>
Method: setSearchField<br/>
Method: readSearchField<br/>
Method: setAPIDefault<br/>
Waiting for page to load completely...<br/>
The page 'Test App' is fully loaded now.<br/>
Expected URL: https://test-search-2my7afm7yq-ue.a.run.app/search-result.*<br/>
Current URL : https://test-search-2my7afm7yq-ue.a.run.app/search-result?search=How%20can%20Aretec%20save%20money%20on%20taxes?<br/>
Waiting for page to load completely...<br/>
The page 'Test App' is fully loaded now.<br/>
Method: readAnswer<br/>
Method: waitForAnswerGeneration<br/>
Waited on Answer text for: 4 seconds.<br/>
</div>
</td>
<td></td>
<td>35</td>
<td>testCases.Search@43df23d3</td></tr>
<tr>
<td title='testCases.Search.loginSmokeTest()'><b>loginSmokeTest</b><br>Test class: testCases.Search<br/>
<a href="#Output-1842276496" onClick='toggleBox("Output-1842276496", this, "Show output", "Hide output");'>Show output</a>

<a href="#Output-1842276496" onClick="toggleAllBoxes();">Show all outputs</a>
<div class='log' id="Output-1842276496">
Beginning test for simple search...<br/>
Beginning Login Modular Test...<br/>
Waiting for page to load completely...<br/>
The page '' is fully loaded now.<br/>
Method: setEmail<br/>
Method: setPassword<br/>
Method: readEmail<br/>
Email Address: jesse.childress@aretecinc.com<br/>
Method: readEmail<br/>
Method: clickLogin<br/>
Waiting for page to load completely...<br/>
The page '' is fully loaded now.<br/>
Expected URL: https://test-search-2my7afm7yq-ue.a.run.app/<br/>
Current URL : https://test-search-2my7afm7yq-ue.a.run.app/login<br/>
Beginning Search Modular Test...
This is for the main search page from login...<br/>
Waiting for page to load completely...<br/>
The page 'Test App' is fully loaded now.<br/>
Expected URL: https://test-search-2my7afm7yq-ue.a.run.app/<br/>
Current URL : https://test-search-2my7afm7yq-ue.a.run.app/<br/>
Method: selectDomain<br/>
Method: clickAllDomainsButton<br/>
Method: openClosedDomains<br/>
Method: setSearchField<br/>
Method: readSearchField<br/>
Method: setAPIDefault<br/>
Waiting for page to load completely...<br/>
The page 'Test App' is fully loaded now.<br/>
Expected URL: https://test-search-2my7afm7yq-ue.a.run.app/search-result.*<br/>
Current URL : https://test-search-2my7afm7yq-ue.a.run.app/search-result?search=How%20can%20Aretec%20save%20money%20on%20taxes?<br/>
Waiting for page to load completely...<br/>
The page 'Test App' is fully loaded now.<br/>
Method: readAnswer<br/>
Method: waitForAnswerGeneration<br/>
Waited on Answer text for: 7 seconds.<br/>
</div>
</td>
<td></td>
<td>34</td>
<td>testCases.Search@43df23d3</td></tr>
</table><p>
</body>
</html>