<!DOCTYPE html PUBLIC "-//W3C//DTD XHTML 1.1//EN" "https://www.w3.org/TR/xhtml11/DTD/xhtml11.dtd">
<html xmlns="https://www.w3.org/1999/xhtml">
<head>
<meta http-equiv="content-type" content="text/html; charset=UTF-8"/>
<title>TestNG Report</title>
<style type="text/css">table {margin-bottom:10px;border-collapse:collapse;empty-cells:show}th,td {border:1px solid #009;padding:.25em .5em}th {vertical-align:bottom}td {vertical-align:top}table a {font-weight:bold}.stripe td {background-color: #E6EBF9}.num {text-align:right}.passedodd td {background-color: #3F3}.passedeven td {background-color: #0A0}.skippedodd td {background-color: #DDD}.skippedeven td {background-color: #CCC}.failedodd td,.attn {background-color: #F33}.failedeven td,.stripe .attn {background-color: #D00}.stacktrace {white-space:pre;font-family:monospace}.totop {font-size:85%;text-align:center;border-bottom:2px solid #000}.invisible {display:none}</style>
</head>
<body>
<table>
<tr><th>Test</th><th># Passed</th><th># Skipped</th><th># Retried</th><th># Failed</th><th>Time (ms)</th><th>Included Groups</th><th>Excluded Groups</th></tr>
<tr><th colspan="8">Default suite</th></tr>
<tr><td><a href="#t0">Default test</a></td><td class="num">6</td><td class="num">0</td><td class="num">0</td><td class="num attn">4</td><td class="num">310,464</td><td></td><td></td></tr>
</table>
<table id='summary'><thead><tr><th>Class</th><th>Method</th><th>Start</th><th>Time (ms)</th></tr></thead><tbody><tr><th colspan="4">Default suite</th></tr></tbody><tbody id="t0"><tr><th colspan="4">Default test &#8212; failed</th></tr><tr class="failedeven"><td rowspan="4">testCases.Search</td><td><a href="#m0">loginSmokeTest</a></td><td rowspan="4">1685117907831</td><td rowspan="4">31017</td></tr><tr class="failedeven"><td><a href="#m1">loginSmokeTest</a></td></tr><tr class="failedeven"><td><a href="#m2">loginSmokeTest</a></td></tr><tr class="failedeven"><td><a href="#m3">loginSmokeTest</a></td></tr><tr><th colspan="4">Default test &#8212; passed</th></tr><tr class="passedeven"><td rowspan="6">testCases.Search</td><td><a href="#m4">loginSmokeTest</a></td><td rowspan="6">1685117799493</td><td rowspan="6">41336</td></tr><tr class="passedeven"><td><a href="#m5">loginSmokeTest</a></td></tr><tr class="passedeven"><td><a href="#m6">loginSmokeTest</a></td></tr><tr class="passedeven"><td><a href="#m7">loginSmokeTest</a></td></tr><tr class="passedeven"><td><a href="#m8">loginSmokeTest</a></td></tr><tr class="passedeven"><td><a href="#m9">loginSmokeTest</a></td></tr></tbody>
</table>
<h2>Default test</h2><h3 id="m0">testCases.Search#loginSmokeTest</h3><table class="result"><tr><th>Messages</th></tr><tr><td><div class="messages">Beginning test for simple search...<br/>Beginning Login Modular Test...<br/>Waiting for page to load completely...<br/>The page '' is fully loaded now.<br/>Method: setEmail<br/>Method: setPassword<br/>Method: readEmail<br/>Email Address: jesse.childress@aretecinc.com<br/>Method: readEmail<br/>Method: clickLogin<br/>Waiting for page to load completely...<br/>The page '' is fully loaded now.<br/>Expected URL: https://test-search-2my7afm7yq-ue.a.run.app/<br/>Current URL : https://test-search-2my7afm7yq-ue.a.run.app/login<br/>Beginning Search Modular Test...
This is for the main search page from login...<br/>Waiting for page to load completely...<br/>The page 'Test App' is fully loaded now.<br/>Expected URL: https://test-search-2my7afm7yq-ue.a.run.app/<br/>Current URL : https://test-search-2my7afm7yq-ue.a.run.app/<br/>Method: selectDomain<br/>Method: clickAllDomainsButton<br/>Method: openClosedDomains<br/>Method: setSearchField<br/>Method: readSearchField<br/>Method: setAPIDefault<br/>Waiting for page to load completely...<br/>The page 'Test App' is fully loaded now.<br/>Expected URL: https://test-search-2my7afm7yq-ue.a.run.app/search-result.*<br/>Current URL : https://test-search-2my7afm7yq-ue.a.run.app/search-result?search=How%20can%20Aretec%20save%20money%20on%20taxes?<br/>Waiting for page to load completely...<br/>The page 'Test App' is fully loaded now.<br/>Method: readAnswer<br/>Method: waitForAnswerGeneration</div></td></tr><tr><th>Exception</th></tr><tr><td><div class="stacktrace">org.openqa.selenium.NoSuchElementException: no such element: Unable to locate element: {&quot;method&quot;:&quot;xpath&quot;,&quot;selector&quot;:&quot;//div[@class = &apos;content mgBt_10 bullet&apos;]/p&quot;}
  (Session info: chrome=113.0.5672.127)
For documentation on this error, please visit: https://selenium.dev/exceptions/#no_such_element
Build info: version: &apos;4.8.3&apos;, revision: &apos;e5e76298c3&apos;
System info: os.name: &apos;Windows 10&apos;, os.arch: &apos;amd64&apos;, os.version: &apos;10.0&apos;, java.version: &apos;17&apos;
Driver info: org.openqa.selenium.chrome.ChromeDriver
Command: [58dc58325a0a0a96f64f76cf5fe6348c, findElement {using=xpath, value=//div[@class = &apos;content mgBt_10 bullet&apos;]/p}]
Capabilities {acceptInsecureCerts: false, browserName: chrome, browserVersion: 113.0.5672.127, chrome: {chromedriverVersion: 113.0.5672.63 (0e1a4471d5ae..., userDataDir: C:\Users\jesse\AppData\Loca...}, goog:chromeOptions: {debuggerAddress: localhost:58347}, networkConnectionEnabled: false, pageLoadStrategy: normal, platformName: WINDOWS, proxy: Proxy(), se:cdp: ws://localhost:58347/devtoo..., se:cdpVersion: 113.0.5672.127, setWindowRect: true, strictFileInteractability: false, timeouts: {implicit: 0, pageLoad: 300000, script: 30000}, unhandledPromptBehavior: dismiss and notify, webauthn:extension:credBlob: true, webauthn:extension:largeBlob: true, webauthn:extension:minPinLength: true, webauthn:extension:prf: true, webauthn:virtualAuthenticators: true}
Session ID: 58dc58325a0a0a96f64f76cf5fe6348c
	at java.base/jdk.internal.reflect.NativeConstructorAccessorImpl.newInstance0(Native Method)
	at java.base/jdk.internal.reflect.NativeConstructorAccessorImpl.newInstance(NativeConstructorAccessorImpl.java:77)
	at java.base/jdk.internal.reflect.DelegatingConstructorAccessorImpl.newInstance(DelegatingConstructorAccessorImpl.java:45)
	at java.base/java.lang.reflect.Constructor.newInstanceWithCaller(Constructor.java:499)
	at java.base/java.lang.reflect.Constructor.newInstance(Constructor.java:480)
	at org.openqa.selenium.remote.codec.w3c.W3CHttpResponseCodec.createException(W3CHttpResponseCodec.java:200)
	at org.openqa.selenium.remote.codec.w3c.W3CHttpResponseCodec.decode(W3CHttpResponseCodec.java:133)
	at org.openqa.selenium.remote.codec.w3c.W3CHttpResponseCodec.decode(W3CHttpResponseCodec.java:53)
	at org.openqa.selenium.remote.HttpCommandExecutor.execute(HttpCommandExecutor.java:193)
	at org.openqa.selenium.remote.service.DriverCommandExecutor.invokeExecute(DriverCommandExecutor.java:183)
	at org.openqa.selenium.remote.service.DriverCommandExecutor.execute(DriverCommandExecutor.java:158)
	at org.openqa.selenium.remote.RemoteWebDriver.execute(RemoteWebDriver.java:543)
	at org.openqa.selenium.remote.ElementLocation$ElementFinder$2.findElement(ElementLocation.java:162)
	at org.openqa.selenium.remote.ElementLocation.findElement(ElementLocation.java:60)
	at org.openqa.selenium.remote.RemoteWebDriver.findElement(RemoteWebDriver.java:352)
	at org.openqa.selenium.remote.RemoteWebDriver.findElement(RemoteWebDriver.java:344)
	at pageFactories.SearchResultsPageFactory.waitForAnswerGeneration(SearchResultsPageFactory.java:47)
	at pageFactories.SearchResultsPageFactory.readAnswer(SearchResultsPageFactory.java:85)
	at testCases.Search.loginSmokeTest(Search.java:34)
	at java.base/jdk.internal.reflect.NativeMethodAccessorImpl.invoke0(Native Method)
	at java.base/jdk.internal.reflect.NativeMethodAccessorImpl.invoke(NativeMethodAccessorImpl.java:77)
	at java.base/jdk.internal.reflect.DelegatingMethodAccessorImpl.invoke(DelegatingMethodAccessorImpl.java:43)
	at java.base/java.lang.reflect.Method.invoke(Method.java:568)
	at org.testng.internal.invokers.MethodInvocationHelper.invokeMethod(MethodInvocationHelper.java:139)
	at org.testng.internal.invokers.TestInvoker.invokeMethod(TestInvoker.java:677)
	at org.testng.internal.invokers.TestInvoker.invokeTestMethod(TestInvoker.java:221)
	at org.testng.internal.invokers.MethodRunner.runInSequence(MethodRunner.java:50)
	at org.testng.internal.invokers.TestInvoker$MethodInvocationAgent.invoke(TestInvoker.java:969)
	at org.testng.internal.invokers.TestInvoker.invokeTestMethods(TestInvoker.java:194)
	at org.testng.internal.invokers.TestMethodWorker.invokeTestMethods(TestMethodWorker.java:148)
	at org.testng.internal.invokers.TestMethodWorker.run(TestMethodWorker.java:128)
	at java.base/java.util.ArrayList.forEach(ArrayList.java:1511)
	at org.testng.TestRunner.privateRun(TestRunner.java:829)
	at org.testng.TestRunner.run(TestRunner.java:602)
	at org.testng.SuiteRunner.runTest(SuiteRunner.java:437)
	at org.testng.SuiteRunner.runSequentially(SuiteRunner.java:431)
	at org.testng.SuiteRunner.privateRun(SuiteRunner.java:391)
	at org.testng.SuiteRunner.run(SuiteRunner.java:330)
	at org.testng.SuiteRunnerWorker.runSuite(SuiteRunnerWorker.java:52)
	at org.testng.SuiteRunnerWorker.run(SuiteRunnerWorker.java:95)
	at org.testng.TestNG.runSuitesSequentially(TestNG.java:1256)
	at org.testng.TestNG.runSuitesLocally(TestNG.java:1176)
	at org.testng.TestNG.runSuites(TestNG.java:1099)
	at org.testng.TestNG.run(TestNG.java:1067)
	at org.testng.remote.AbstractRemoteTestNG.run(AbstractRemoteTestNG.java:115)
	at org.testng.remote.RemoteTestNG.initAndRun(RemoteTestNG.java:251)
	at org.testng.remote.RemoteTestNG.main(RemoteTestNG.java:77)
</div></td></tr></table><p class="totop"><a href="#summary">back to summary</a></p>
<h3 id="m1">testCases.Search#loginSmokeTest</h3><table class="result"><tr><th>Messages</th></tr><tr><td><div class="messages">Beginning test for simple search...<br/>Beginning Login Modular Test...<br/>Waiting for page to load completely...<br/>The page '' is fully loaded now.<br/>Method: setEmail<br/>Method: setPassword<br/>Method: readEmail<br/>Email Address: jesse.childress@aretecinc.com<br/>Method: readEmail<br/>Method: clickLogin<br/>Waiting for page to load completely...<br/>The page '' is fully loaded now.<br/>Expected URL: https://test-search-2my7afm7yq-ue.a.run.app/<br/>Current URL : https://test-search-2my7afm7yq-ue.a.run.app/login<br/>Beginning Search Modular Test...
This is for the main search page from login...<br/>Waiting for page to load completely...<br/>The page 'Test App' is fully loaded now.<br/>Expected URL: https://test-search-2my7afm7yq-ue.a.run.app/<br/>Current URL : https://test-search-2my7afm7yq-ue.a.run.app/<br/>Method: selectDomain<br/>Method: clickAllDomainsButton<br/>Method: openClosedDomains</div></td></tr><tr><th>Exception</th></tr><tr><td><div class="stacktrace">org.openqa.selenium.ElementClickInterceptedException: element click intercepted: Element &lt;span class=&quot;ant-tree-switcher ant-tree-switcher_close&quot;&gt;...&lt;/span&gt; is not clickable at point (471, 669). Other element would receive the click: &lt;svg viewBox=&quot;0 0 1024 1024&quot; focusable=&quot;false&quot; data-icon=&quot;caret-down&quot; width=&quot;1em&quot; height=&quot;1em&quot; fill=&quot;currentColor&quot; aria-hidden=&quot;true&quot;&gt;...&lt;/svg&gt;
  (Session info: chrome=113.0.5672.127)
Build info: version: &apos;4.8.3&apos;, revision: &apos;e5e76298c3&apos;
System info: os.name: &apos;Windows 10&apos;, os.arch: &apos;amd64&apos;, os.version: &apos;10.0&apos;, java.version: &apos;17&apos;
Driver info: org.openqa.selenium.chrome.ChromeDriver
Command: [1482af483f37a36e8546452f256eb1fa, clickElement {id=C7C5BA563982DA1D629F86A480E119C1_element_103}]
Capabilities {acceptInsecureCerts: false, browserName: chrome, browserVersion: 113.0.5672.127, chrome: {chromedriverVersion: 113.0.5672.63 (0e1a4471d5ae..., userDataDir: C:\Users\jesse\AppData\Loca...}, goog:chromeOptions: {debuggerAddress: localhost:58152}, networkConnectionEnabled: false, pageLoadStrategy: normal, platformName: WINDOWS, proxy: Proxy(), se:cdp: ws://localhost:58152/devtoo..., se:cdpVersion: 113.0.5672.127, setWindowRect: true, strictFileInteractability: false, timeouts: {implicit: 0, pageLoad: 300000, script: 30000}, unhandledPromptBehavior: dismiss and notify, webauthn:extension:credBlob: true, webauthn:extension:largeBlob: true, webauthn:extension:minPinLength: true, webauthn:extension:prf: true, webauthn:virtualAuthenticators: true}
Element: [[ChromeDriver: chrome on WINDOWS (1482af483f37a36e8546452f256eb1fa)] -&gt; xpath: //span[@class = &apos;ant-tree-switcher ant-tree-switcher_close&apos;]]
Session ID: 1482af483f37a36e8546452f256eb1fa
	at java.base/jdk.internal.reflect.NativeConstructorAccessorImpl.newInstance0(Native Method)
	at java.base/jdk.internal.reflect.NativeConstructorAccessorImpl.newInstance(NativeConstructorAccessorImpl.java:77)
	at java.base/jdk.internal.reflect.DelegatingConstructorAccessorImpl.newInstance(DelegatingConstructorAccessorImpl.java:45)
	at java.base/java.lang.reflect.Constructor.newInstanceWithCaller(Constructor.java:499)
	at java.base/java.lang.reflect.Constructor.newInstance(Constructor.java:480)
	at org.openqa.selenium.remote.codec.w3c.W3CHttpResponseCodec.createException(W3CHttpResponseCodec.java:200)
	at org.openqa.selenium.remote.codec.w3c.W3CHttpResponseCodec.decode(W3CHttpResponseCodec.java:133)
	at org.openqa.selenium.remote.codec.w3c.W3CHttpResponseCodec.decode(W3CHttpResponseCodec.java:53)
	at org.openqa.selenium.remote.HttpCommandExecutor.execute(HttpCommandExecutor.java:193)
	at org.openqa.selenium.remote.service.DriverCommandExecutor.invokeExecute(DriverCommandExecutor.java:183)
	at org.openqa.selenium.remote.service.DriverCommandExecutor.execute(DriverCommandExecutor.java:158)
	at org.openqa.selenium.remote.RemoteWebDriver.execute(RemoteWebDriver.java:543)
	at org.openqa.selenium.remote.RemoteWebElement.execute(RemoteWebElement.java:257)
	at org.openqa.selenium.remote.RemoteWebElement.click(RemoteWebElement.java:78)
	at pageFactories.SearchPageFactory.openClosedDomains(SearchPageFactory.java:352)
	at pageFactories.SearchPageFactory.selectDomain(SearchPageFactory.java:213)
	at testCases.ModularTests.SearchMod.search(SearchMod.java:98)
	at testCases.Search.loginSmokeTest(Search.java:30)
	at java.base/jdk.internal.reflect.NativeMethodAccessorImpl.invoke0(Native Method)
	at java.base/jdk.internal.reflect.NativeMethodAccessorImpl.invoke(NativeMethodAccessorImpl.java:77)
	at java.base/jdk.internal.reflect.DelegatingMethodAccessorImpl.invoke(DelegatingMethodAccessorImpl.java:43)
	at java.base/java.lang.reflect.Method.invoke(Method.java:568)
	at org.testng.internal.invokers.MethodInvocationHelper.invokeMethod(MethodInvocationHelper.java:139)
	at org.testng.internal.invokers.TestInvoker.invokeMethod(TestInvoker.java:677)
	at org.testng.internal.invokers.TestInvoker.invokeTestMethod(TestInvoker.java:221)
	at org.testng.internal.invokers.MethodRunner.runInSequence(MethodRunner.java:50)
	at org.testng.internal.invokers.TestInvoker$MethodInvocationAgent.invoke(TestInvoker.java:969)
	at org.testng.internal.invokers.TestInvoker.invokeTestMethods(TestInvoker.java:194)
	at org.testng.internal.invokers.TestMethodWorker.invokeTestMethods(TestMethodWorker.java:148)
	at org.testng.internal.invokers.TestMethodWorker.run(TestMethodWorker.java:128)
	at java.base/java.util.ArrayList.forEach(ArrayList.java:1511)
	at org.testng.TestRunner.privateRun(TestRunner.java:829)
	at org.testng.TestRunner.run(TestRunner.java:602)
	at org.testng.SuiteRunner.runTest(SuiteRunner.java:437)
	at org.testng.SuiteRunner.runSequentially(SuiteRunner.java:431)
	at org.testng.SuiteRunner.privateRun(SuiteRunner.java:391)
	at org.testng.SuiteRunner.run(SuiteRunner.java:330)
	at org.testng.SuiteRunnerWorker.runSuite(SuiteRunnerWorker.java:52)
	at org.testng.SuiteRunnerWorker.run(SuiteRunnerWorker.java:95)
	at org.testng.TestNG.runSuitesSequentially(TestNG.java:1256)
	at org.testng.TestNG.runSuitesLocally(TestNG.java:1176)
	at org.testng.TestNG.runSuites(TestNG.java:1099)
	at org.testng.TestNG.run(TestNG.java:1067)
	at org.testng.remote.AbstractRemoteTestNG.run(AbstractRemoteTestNG.java:115)
	at org.testng.remote.RemoteTestNG.initAndRun(RemoteTestNG.java:251)
	at org.testng.remote.RemoteTestNG.main(RemoteTestNG.java:77)
</div></td></tr></table><p class="totop"><a href="#summary">back to summary</a></p>
<h3 id="m2">testCases.Search#loginSmokeTest</h3><table class="result"><tr><th>Messages</th></tr><tr><td><div class="messages">Beginning test for simple search...<br/>Beginning Login Modular Test...<br/>Waiting for page to load completely...<br/>The page '' is fully loaded now.<br/>Method: setEmail<br/>Method: setPassword<br/>Method: readEmail<br/>Email Address: jesse.childress@aretecinc.com<br/>Method: readEmail<br/>Method: clickLogin<br/>Waiting for page to load completely...<br/>The page '' is fully loaded now.<br/>Expected URL: https://test-search-2my7afm7yq-ue.a.run.app/<br/>Current URL : https://test-search-2my7afm7yq-ue.a.run.app/login<br/>Beginning Search Modular Test...
This is for the main search page from login...<br/>Waiting for page to load completely...<br/>The page 'Test App' is fully loaded now.<br/>Expected URL: https://test-search-2my7afm7yq-ue.a.run.app/<br/>Current URL : https://test-search-2my7afm7yq-ue.a.run.app/<br/>Method: selectDomain<br/>Method: clickAllDomainsButton<br/>Method: openClosedDomains</div></td></tr><tr><th>Exception</th></tr><tr><td><div class="stacktrace">org.openqa.selenium.ElementClickInterceptedException: element click intercepted: Element &lt;span class=&quot;ant-tree-switcher ant-tree-switcher_close&quot;&gt;...&lt;/span&gt; is not clickable at point (471, 641). Other element would receive the click: &lt;span class=&quot;ant-tree-switcher ant-tree-switcher-noop&quot;&gt;&lt;/span&gt;
  (Session info: chrome=113.0.5672.127)
Build info: version: &apos;4.8.3&apos;, revision: &apos;e5e76298c3&apos;
System info: os.name: &apos;Windows 10&apos;, os.arch: &apos;amd64&apos;, os.version: &apos;10.0&apos;, java.version: &apos;17&apos;
Driver info: org.openqa.selenium.chrome.ChromeDriver
Command: [256385a1261415ac4c6857fbcbb56f3a, clickElement {id=587C7D5D2A864DA96F963A890B44BAC7_element_98}]
Capabilities {acceptInsecureCerts: false, browserName: chrome, browserVersion: 113.0.5672.127, chrome: {chromedriverVersion: 113.0.5672.63 (0e1a4471d5ae..., userDataDir: C:\Users\jesse\AppData\Loca...}, goog:chromeOptions: {debuggerAddress: localhost:58504}, networkConnectionEnabled: false, pageLoadStrategy: normal, platformName: WINDOWS, proxy: Proxy(), se:cdp: ws://localhost:58504/devtoo..., se:cdpVersion: 113.0.5672.127, setWindowRect: true, strictFileInteractability: false, timeouts: {implicit: 0, pageLoad: 300000, script: 30000}, unhandledPromptBehavior: dismiss and notify, webauthn:extension:credBlob: true, webauthn:extension:largeBlob: true, webauthn:extension:minPinLength: true, webauthn:extension:prf: true, webauthn:virtualAuthenticators: true}
Element: [[ChromeDriver: chrome on WINDOWS (256385a1261415ac4c6857fbcbb56f3a)] -&gt; xpath: //span[@class = &apos;ant-tree-switcher ant-tree-switcher_close&apos;]]
Session ID: 256385a1261415ac4c6857fbcbb56f3a
	at java.base/jdk.internal.reflect.NativeConstructorAccessorImpl.newInstance0(Native Method)
	at java.base/jdk.internal.reflect.NativeConstructorAccessorImpl.newInstance(NativeConstructorAccessorImpl.java:77)
	at java.base/jdk.internal.reflect.DelegatingConstructorAccessorImpl.newInstance(DelegatingConstructorAccessorImpl.java:45)
	at java.base/java.lang.reflect.Constructor.newInstanceWithCaller(Constructor.java:499)
	at java.base/java.lang.reflect.Constructor.newInstance(Constructor.java:480)
	at org.openqa.selenium.remote.codec.w3c.W3CHttpResponseCodec.createException(W3CHttpResponseCodec.java:200)
	at org.openqa.selenium.remote.codec.w3c.W3CHttpResponseCodec.decode(W3CHttpResponseCodec.java:133)
	at org.openqa.selenium.remote.codec.w3c.W3CHttpResponseCodec.decode(W3CHttpResponseCodec.java:53)
	at org.openqa.selenium.remote.HttpCommandExecutor.execute(HttpCommandExecutor.java:193)
	at org.openqa.selenium.remote.service.DriverCommandExecutor.invokeExecute(DriverCommandExecutor.java:183)
	at org.openqa.selenium.remote.service.DriverCommandExecutor.execute(DriverCommandExecutor.java:158)
	at org.openqa.selenium.remote.RemoteWebDriver.execute(RemoteWebDriver.java:543)
	at org.openqa.selenium.remote.RemoteWebElement.execute(RemoteWebElement.java:257)
	at org.openqa.selenium.remote.RemoteWebElement.click(RemoteWebElement.java:78)
	at pageFactories.SearchPageFactory.openClosedDomains(SearchPageFactory.java:352)
	at pageFactories.SearchPageFactory.selectDomain(SearchPageFactory.java:213)
	at testCases.ModularTests.SearchMod.search(SearchMod.java:98)
	at testCases.Search.loginSmokeTest(Search.java:30)
	at java.base/jdk.internal.reflect.NativeMethodAccessorImpl.invoke0(Native Method)
	at java.base/jdk.internal.reflect.NativeMethodAccessorImpl.invoke(NativeMethodAccessorImpl.java:77)
	at java.base/jdk.internal.reflect.DelegatingMethodAccessorImpl.invoke(DelegatingMethodAccessorImpl.java:43)
	at java.base/java.lang.reflect.Method.invoke(Method.java:568)
	at org.testng.internal.invokers.MethodInvocationHelper.invokeMethod(MethodInvocationHelper.java:139)
	at org.testng.internal.invokers.TestInvoker.invokeMethod(TestInvoker.java:677)
	at org.testng.internal.invokers.TestInvoker.invokeTestMethod(TestInvoker.java:221)
	at org.testng.internal.invokers.MethodRunner.runInSequence(MethodRunner.java:50)
	at org.testng.internal.invokers.TestInvoker$MethodInvocationAgent.invoke(TestInvoker.java:969)
	at org.testng.internal.invokers.TestInvoker.invokeTestMethods(TestInvoker.java:194)
	at org.testng.internal.invokers.TestMethodWorker.invokeTestMethods(TestMethodWorker.java:148)
	at org.testng.internal.invokers.TestMethodWorker.run(TestMethodWorker.java:128)
	at java.base/java.util.ArrayList.forEach(ArrayList.java:1511)
	at org.testng.TestRunner.privateRun(TestRunner.java:829)
	at org.testng.TestRunner.run(TestRunner.java:602)
	at org.testng.SuiteRunner.runTest(SuiteRunner.java:437)
	at org.testng.SuiteRunner.runSequentially(SuiteRunner.java:431)
	at org.testng.SuiteRunner.privateRun(SuiteRunner.java:391)
	at org.testng.SuiteRunner.run(SuiteRunner.java:330)
	at org.testng.SuiteRunnerWorker.runSuite(SuiteRunnerWorker.java:52)
	at org.testng.SuiteRunnerWorker.run(SuiteRunnerWorker.java:95)
	at org.testng.TestNG.runSuitesSequentially(TestNG.java:1256)
	at org.testng.TestNG.runSuitesLocally(TestNG.java:1176)
	at org.testng.TestNG.runSuites(TestNG.java:1099)
	at org.testng.TestNG.run(TestNG.java:1067)
	at org.testng.remote.AbstractRemoteTestNG.run(AbstractRemoteTestNG.java:115)
	at org.testng.remote.RemoteTestNG.initAndRun(RemoteTestNG.java:251)
	at org.testng.remote.RemoteTestNG.main(RemoteTestNG.java:77)
</div></td></tr></table><p class="totop"><a href="#summary">back to summary</a></p>
<h3 id="m3">testCases.Search#loginSmokeTest</h3><table class="result"><tr><th>Messages</th></tr><tr><td><div class="messages">Beginning test for simple search...<br/>Beginning Login Modular Test...<br/>Waiting for page to load completely...<br/>The page '' is fully loaded now.<br/>Method: setEmail<br/>Method: setPassword<br/>Method: readEmail<br/>Email Address: jesse.childress@aretecinc.com<br/>Method: readEmail<br/>Method: clickLogin<br/>Waiting for page to load completely...<br/>The page '' is fully loaded now.<br/>Expected URL: https://test-search-2my7afm7yq-ue.a.run.app/<br/>Current URL : https://test-search-2my7afm7yq-ue.a.run.app/login<br/>Beginning Search Modular Test...
This is for the main search page from login...<br/>Waiting for page to load completely...<br/>The page 'Test App' is fully loaded now.<br/>Expected URL: https://test-search-2my7afm7yq-ue.a.run.app/<br/>Current URL : https://test-search-2my7afm7yq-ue.a.run.app/<br/>Method: selectDomain<br/>Method: clickAllDomainsButton<br/>Method: openClosedDomains<br/>Method: setSearchField<br/>Method: readSearchField<br/>Method: setAPIDefault<br/>Waiting for page to load completely...<br/>The page 'Test App' is fully loaded now.<br/>Expected URL: https://test-search-2my7afm7yq-ue.a.run.app/search-result.*<br/>Current URL : https://test-search-2my7afm7yq-ue.a.run.app/search-result?search=How%20can%20Aretec%20save%20money%20on%20taxes?<br/>Waiting for page to load completely...<br/>The page 'Test App' is fully loaded now.<br/>Method: readAnswer<br/>Method: waitForAnswerGeneration</div></td></tr><tr><th>Exception</th></tr><tr><td><div class="stacktrace">org.openqa.selenium.NoSuchElementException: no such element: Unable to locate element: {&quot;method&quot;:&quot;xpath&quot;,&quot;selector&quot;:&quot;//div[@class = &apos;content mgBt_10 bullet&apos;]/p&quot;}
  (Session info: chrome=113.0.5672.127)
For documentation on this error, please visit: https://selenium.dev/exceptions/#no_such_element
Build info: version: &apos;4.8.3&apos;, revision: &apos;e5e76298c3&apos;
System info: os.name: &apos;Windows 10&apos;, os.arch: &apos;amd64&apos;, os.version: &apos;10.0&apos;, java.version: &apos;17&apos;
Driver info: org.openqa.selenium.chrome.ChromeDriver
Command: [a495a678c8ea12283ab20322db884f7c, findElement {using=xpath, value=//div[@class = &apos;content mgBt_10 bullet&apos;]/p}]
Capabilities {acceptInsecureCerts: false, browserName: chrome, browserVersion: 113.0.5672.127, chrome: {chromedriverVersion: 113.0.5672.63 (0e1a4471d5ae..., userDataDir: C:\Users\jesse\AppData\Loca...}, goog:chromeOptions: {debuggerAddress: localhost:58177}, networkConnectionEnabled: false, pageLoadStrategy: normal, platformName: WINDOWS, proxy: Proxy(), se:cdp: ws://localhost:58177/devtoo..., se:cdpVersion: 113.0.5672.127, setWindowRect: true, strictFileInteractability: false, timeouts: {implicit: 0, pageLoad: 300000, script: 30000}, unhandledPromptBehavior: dismiss and notify, webauthn:extension:credBlob: true, webauthn:extension:largeBlob: true, webauthn:extension:minPinLength: true, webauthn:extension:prf: true, webauthn:virtualAuthenticators: true}
Session ID: a495a678c8ea12283ab20322db884f7c
	at java.base/jdk.internal.reflect.NativeConstructorAccessorImpl.newInstance0(Native Method)
	at java.base/jdk.internal.reflect.NativeConstructorAccessorImpl.newInstance(NativeConstructorAccessorImpl.java:77)
	at java.base/jdk.internal.reflect.DelegatingConstructorAccessorImpl.newInstance(DelegatingConstructorAccessorImpl.java:45)
	at java.base/java.lang.reflect.Constructor.newInstanceWithCaller(Constructor.java:499)
	at java.base/java.lang.reflect.Constructor.newInstance(Constructor.java:480)
	at org.openqa.selenium.remote.codec.w3c.W3CHttpResponseCodec.createException(W3CHttpResponseCodec.java:200)
	at org.openqa.selenium.remote.codec.w3c.W3CHttpResponseCodec.decode(W3CHttpResponseCodec.java:133)
	at org.openqa.selenium.remote.codec.w3c.W3CHttpResponseCodec.decode(W3CHttpResponseCodec.java:53)
	at org.openqa.selenium.remote.HttpCommandExecutor.execute(HttpCommandExecutor.java:193)
	at org.openqa.selenium.remote.service.DriverCommandExecutor.invokeExecute(DriverCommandExecutor.java:183)
	at org.openqa.selenium.remote.service.DriverCommandExecutor.execute(DriverCommandExecutor.java:158)
	at org.openqa.selenium.remote.RemoteWebDriver.execute(RemoteWebDriver.java:543)
	at org.openqa.selenium.remote.ElementLocation$ElementFinder$2.findElement(ElementLocation.java:162)
	at org.openqa.selenium.remote.ElementLocation.findElement(ElementLocation.java:60)
	at org.openqa.selenium.remote.RemoteWebDriver.findElement(RemoteWebDriver.java:352)
	at org.openqa.selenium.remote.RemoteWebDriver.findElement(RemoteWebDriver.java:344)
	at pageFactories.SearchResultsPageFactory.waitForAnswerGeneration(SearchResultsPageFactory.java:47)
	at pageFactories.SearchResultsPageFactory.readAnswer(SearchResultsPageFactory.java:85)
	at testCases.Search.loginSmokeTest(Search.java:34)
	at java.base/jdk.internal.reflect.NativeMethodAccessorImpl.invoke0(Native Method)
	at java.base/jdk.internal.reflect.NativeMethodAccessorImpl.invoke(NativeMethodAccessorImpl.java:77)
	at java.base/jdk.internal.reflect.DelegatingMethodAccessorImpl.invoke(DelegatingMethodAccessorImpl.java:43)
	at java.base/java.lang.reflect.Method.invoke(Method.java:568)
	at org.testng.internal.invokers.MethodInvocationHelper.invokeMethod(MethodInvocationHelper.java:139)
	at org.testng.internal.invokers.TestInvoker.invokeMethod(TestInvoker.java:677)
	at org.testng.internal.invokers.TestInvoker.invokeTestMethod(TestInvoker.java:221)
	at org.testng.internal.invokers.MethodRunner.runInSequence(MethodRunner.java:50)
	at org.testng.internal.invokers.TestInvoker$MethodInvocationAgent.invoke(TestInvoker.java:969)
	at org.testng.internal.invokers.TestInvoker.invokeTestMethods(TestInvoker.java:194)
	at org.testng.internal.invokers.TestMethodWorker.invokeTestMethods(TestMethodWorker.java:148)
	at org.testng.internal.invokers.TestMethodWorker.run(TestMethodWorker.java:128)
	at java.base/java.util.ArrayList.forEach(ArrayList.java:1511)
	at org.testng.TestRunner.privateRun(TestRunner.java:829)
	at org.testng.TestRunner.run(TestRunner.java:602)
	at org.testng.SuiteRunner.runTest(SuiteRunner.java:437)
	at org.testng.SuiteRunner.runSequentially(SuiteRunner.java:431)
	at org.testng.SuiteRunner.privateRun(SuiteRunner.java:391)
	at org.testng.SuiteRunner.run(SuiteRunner.java:330)
	at org.testng.SuiteRunnerWorker.runSuite(SuiteRunnerWorker.java:52)
	at org.testng.SuiteRunnerWorker.run(SuiteRunnerWorker.java:95)
	at org.testng.TestNG.runSuitesSequentially(TestNG.java:1256)
	at org.testng.TestNG.runSuitesLocally(TestNG.java:1176)
	at org.testng.TestNG.runSuites(TestNG.java:1099)
	at org.testng.TestNG.run(TestNG.java:1067)
	at org.testng.remote.AbstractRemoteTestNG.run(AbstractRemoteTestNG.java:115)
	at org.testng.remote.RemoteTestNG.initAndRun(RemoteTestNG.java:251)
	at org.testng.remote.RemoteTestNG.main(RemoteTestNG.java:77)
</div></td></tr></table><p class="totop"><a href="#summary">back to summary</a></p>
<h3 id="m4">testCases.Search#loginSmokeTest</h3><table class="result"><tr><th>Messages</th></tr><tr><td><div class="messages">Beginning test for simple search...<br/>Beginning Login Modular Test...<br/>Waiting for page to load completely...<br/>The page '' is fully loaded now.<br/>Method: setEmail<br/>Method: setPassword<br/>Method: readEmail<br/>Email Address: jesse.childress@aretecinc.com<br/>Method: readEmail<br/>Method: clickLogin<br/>Waiting for page to load completely...<br/>The page '' is fully loaded now.<br/>Expected URL: https://test-search-2my7afm7yq-ue.a.run.app/<br/>Current URL : https://test-search-2my7afm7yq-ue.a.run.app/login<br/>Beginning Search Modular Test...
This is for the main search page from login...<br/>Waiting for page to load completely...<br/>The page 'Test App' is fully loaded now.<br/>Expected URL: https://test-search-2my7afm7yq-ue.a.run.app/<br/>Current URL : https://test-search-2my7afm7yq-ue.a.run.app/<br/>Method: selectDomain<br/>Method: clickAllDomainsButton<br/>Method: openClosedDomains<br/>Method: setSearchField<br/>Method: readSearchField<br/>Method: setAPIDefault<br/>Waiting for page to load completely...<br/>The page 'Test App' is fully loaded now.<br/>Expected URL: https://test-search-2my7afm7yq-ue.a.run.app/search-result.*<br/>Current URL : https://test-search-2my7afm7yq-ue.a.run.app/search-result?search=How%20can%20Aretec%20save%20money%20on%20taxes?<br/>Waiting for page to load completely...<br/>The page 'Test App' is fully loaded now.<br/>Method: readAnswer<br/>Method: waitForAnswerGeneration<br/>Waited on Answer text for: 13 seconds.</div></td></tr></table><p class="totop"><a href="#summary">back to summary</a></p>
<h3 id="m5">testCases.Search#loginSmokeTest</h3><table class="result"><tr><th>Messages</th></tr><tr><td><div class="messages">Beginning test for simple search...<br/>Beginning Login Modular Test...<br/>Waiting for page to load completely...<br/>The page '' is fully loaded now.<br/>Method: setEmail<br/>Method: setPassword<br/>Method: readEmail<br/>Email Address: jesse.childress@aretecinc.com<br/>Method: readEmail<br/>Method: clickLogin<br/>Waiting for page to load completely...<br/>The page '' is fully loaded now.<br/>Expected URL: https://test-search-2my7afm7yq-ue.a.run.app/<br/>Current URL : https://test-search-2my7afm7yq-ue.a.run.app/login<br/>Beginning Search Modular Test...
This is for the main search page from login...<br/>Waiting for page to load completely...<br/>The page 'Test App' is fully loaded now.<br/>Expected URL: https://test-search-2my7afm7yq-ue.a.run.app/<br/>Current URL : https://test-search-2my7afm7yq-ue.a.run.app/<br/>Method: selectDomain<br/>Method: clickAllDomainsButton<br/>Method: openClosedDomains<br/>Method: setSearchField<br/>Method: readSearchField<br/>Method: setAPIDefault<br/>Waiting for page to load completely...<br/>The page 'Test App' is fully loaded now.<br/>Expected URL: https://test-search-2my7afm7yq-ue.a.run.app/search-result.*<br/>Current URL : https://test-search-2my7afm7yq-ue.a.run.app/search-result?search=How%20can%20Aretec%20save%20money%20on%20taxes?<br/>Waiting for page to load completely...<br/>The page 'Test App' is fully loaded now.<br/>Method: readAnswer<br/>Method: waitForAnswerGeneration<br/>Waited on Answer text for: 12 seconds.</div></td></tr></table><p class="totop"><a href="#summary">back to summary</a></p>
<h3 id="m6">testCases.Search#loginSmokeTest</h3><table class="result"><tr><th>Messages</th></tr><tr><td><div class="messages">Beginning test for simple search...<br/>Beginning Login Modular Test...<br/>Waiting for page to load completely...<br/>The page '' is fully loaded now.<br/>Method: setEmail<br/>Method: setPassword<br/>Method: readEmail<br/>Email Address: jesse.childress@aretecinc.com<br/>Method: readEmail<br/>Method: clickLogin<br/>Waiting for page to load completely...<br/>The page '' is fully loaded now.<br/>Expected URL: https://test-search-2my7afm7yq-ue.a.run.app/<br/>Current URL : https://test-search-2my7afm7yq-ue.a.run.app/login<br/>Beginning Search Modular Test...
This is for the main search page from login...<br/>Waiting for page to load completely...<br/>The page 'Test App' is fully loaded now.<br/>Expected URL: https://test-search-2my7afm7yq-ue.a.run.app/<br/>Current URL : https://test-search-2my7afm7yq-ue.a.run.app/<br/>Method: selectDomain<br/>Method: clickAllDomainsButton<br/>Method: openClosedDomains<br/>Method: setSearchField<br/>Method: readSearchField<br/>Method: setAPIDefault<br/>Waiting for page to load completely...<br/>The page 'Test App' is fully loaded now.<br/>Expected URL: https://test-search-2my7afm7yq-ue.a.run.app/search-result.*<br/>Current URL : https://test-search-2my7afm7yq-ue.a.run.app/search-result?search=How%20can%20Aretec%20save%20money%20on%20taxes?<br/>Waiting for page to load completely...<br/>The page 'Test App' is fully loaded now.<br/>Method: readAnswer<br/>Method: waitForAnswerGeneration<br/>Waited on Answer text for: 11 seconds.</div></td></tr></table><p class="totop"><a href="#summary">back to summary</a></p>
<h3 id="m7">testCases.Search#loginSmokeTest</h3><table class="result"><tr><th>Messages</th></tr><tr><td><div class="messages">Beginning test for simple search...<br/>Beginning Login Modular Test...<br/>Waiting for page to load completely...<br/>The page '' is fully loaded now.<br/>Method: setEmail<br/>Method: setPassword<br/>Method: readEmail<br/>Email Address: jesse.childress@aretecinc.com<br/>Method: readEmail<br/>Method: clickLogin<br/>Waiting for page to load completely...<br/>The page '' is fully loaded now.<br/>Expected URL: https://test-search-2my7afm7yq-ue.a.run.app/<br/>Current URL : https://test-search-2my7afm7yq-ue.a.run.app/login<br/>Beginning Search Modular Test...
This is for the main search page from login...<br/>Waiting for page to load completely...<br/>The page 'Test App' is fully loaded now.<br/>Expected URL: https://test-search-2my7afm7yq-ue.a.run.app/<br/>Current URL : https://test-search-2my7afm7yq-ue.a.run.app/<br/>Method: selectDomain<br/>Method: clickAllDomainsButton<br/>Method: openClosedDomains<br/>Method: setSearchField<br/>Method: readSearchField<br/>Method: setAPIDefault<br/>Waiting for page to load completely...<br/>The page 'Test App' is fully loaded now.<br/>Expected URL: https://test-search-2my7afm7yq-ue.a.run.app/search-result.*<br/>Current URL : https://test-search-2my7afm7yq-ue.a.run.app/search-result?search=How%20can%20Aretec%20save%20money%20on%20taxes?<br/>Waiting for page to load completely...<br/>The page 'Test App' is fully loaded now.<br/>Method: readAnswer<br/>Method: waitForAnswerGeneration<br/>Waited on Answer text for: 4 seconds.</div></td></tr></table><p class="totop"><a href="#summary">back to summary</a></p>
<h3 id="m8">testCases.Search#loginSmokeTest</h3><table class="result"><tr><th>Messages</th></tr><tr><td><div class="messages">Beginning test for simple search...<br/>Beginning Login Modular Test...<br/>Waiting for page to load completely...<br/>The page '' is fully loaded now.<br/>Method: setEmail<br/>Method: setPassword<br/>Method: readEmail<br/>Email Address: jesse.childress@aretecinc.com<br/>Method: readEmail<br/>Method: clickLogin<br/>Waiting for page to load completely...<br/>The page '' is fully loaded now.<br/>Expected URL: https://test-search-2my7afm7yq-ue.a.run.app/<br/>Current URL : https://test-search-2my7afm7yq-ue.a.run.app/login<br/>Beginning Search Modular Test...
This is for the main search page from login...<br/>Waiting for page to load completely...<br/>The page 'Test App' is fully loaded now.<br/>Expected URL: https://test-search-2my7afm7yq-ue.a.run.app/<br/>Current URL : https://test-search-2my7afm7yq-ue.a.run.app/<br/>Method: selectDomain<br/>Method: clickAllDomainsButton<br/>Method: openClosedDomains<br/>Method: setSearchField<br/>Method: readSearchField<br/>Method: setAPIDefault<br/>Waiting for page to load completely...<br/>The page 'Test App' is fully loaded now.<br/>Expected URL: https://test-search-2my7afm7yq-ue.a.run.app/search-result.*<br/>Current URL : https://test-search-2my7afm7yq-ue.a.run.app/search-result?search=How%20can%20Aretec%20save%20money%20on%20taxes?<br/>Waiting for page to load completely...<br/>The page 'Test App' is fully loaded now.<br/>Method: readAnswer<br/>Method: waitForAnswerGeneration<br/>Waited on Answer text for: 4 seconds.</div></td></tr></table><p class="totop"><a href="#summary">back to summary</a></p>
<h3 id="m9">testCases.Search#loginSmokeTest</h3><table class="result"><tr><th>Messages</th></tr><tr><td><div class="messages">Beginning test for simple search...<br/>Beginning Login Modular Test...<br/>Waiting for page to load completely...<br/>The page '' is fully loaded now.<br/>Method: setEmail<br/>Method: setPassword<br/>Method: readEmail<br/>Email Address: jesse.childress@aretecinc.com<br/>Method: readEmail<br/>Method: clickLogin<br/>Waiting for page to load completely...<br/>The page '' is fully loaded now.<br/>Expected URL: https://test-search-2my7afm7yq-ue.a.run.app/<br/>Current URL : https://test-search-2my7afm7yq-ue.a.run.app/login<br/>Beginning Search Modular Test...
This is for the main search page from login...<br/>Waiting for page to load completely...<br/>The page 'Test App' is fully loaded now.<br/>Expected URL: https://test-search-2my7afm7yq-ue.a.run.app/<br/>Current URL : https://test-search-2my7afm7yq-ue.a.run.app/<br/>Method: selectDomain<br/>Method: clickAllDomainsButton<br/>Method: openClosedDomains<br/>Method: setSearchField<br/>Method: readSearchField<br/>Method: setAPIDefault<br/>Waiting for page to load completely...<br/>The page 'Test App' is fully loaded now.<br/>Expected URL: https://test-search-2my7afm7yq-ue.a.run.app/search-result.*<br/>Current URL : https://test-search-2my7afm7yq-ue.a.run.app/search-result?search=How%20can%20Aretec%20save%20money%20on%20taxes?<br/>Waiting for page to load completely...<br/>The page 'Test App' is fully loaded now.<br/>Method: readAnswer<br/>Method: waitForAnswerGeneration<br/>Waited on Answer text for: 7 seconds.</div></td></tr></table><p class="totop"><a href="#summary">back to summary</a></p>
</body>
</html>
