<!DOCTYPE html>

<html>
  <head>
  <meta charset='utf-8'>
  <title>TestNG reports</title>

    <link type="text/css" href="testng-reports1.css" rel="stylesheet" id="ultra" />
    <link type="text/css" href="testng-reports.css" rel="stylesheet" id="retro" disabled="false"/>
    <script type="text/javascript" src="jquery-3.6.0.min.js"></script>
    <script type="text/javascript" src="testng-reports.js"></script>
    <script type="text/javascript" src="https://www.google.com/jsapi"></script>
    <script type='text/javascript'>
      google.load('visualization', '1', {packages:['table']});
      google.setOnLoadCallback(drawTable);
      var suiteTableInitFunctions = new Array();
      var suiteTableData = new Array();
    </script>
    <!--
      <script type="text/javascript" src="jquery-ui/js/jquery-ui-1.8.16.custom.min.js"></script>
     -->
  </head>

  <body>    <div class="top-banner-root">
      <span class="top-banner-title-font">Test results</span>
      <button id="button" class="button">Switch Retro Theme</button> <!-- button -->
      <br/>
      <span class="top-banner-font-1">1 suite, 4 failed tests</span>
    </div> <!-- top-banner-root -->
    <div class="navigator-root">
      <div class="navigator-suite-header">
        <span>All suites</span>
        <a href="#" title="Collapse/expand all the suites" class="collapse-all-link">
          <img src="collapseall.gif" class="collapse-all-icon">
          </img> <!-- collapse-all-icon -->
        </a> <!-- collapse-all-link -->
      </div> <!-- navigator-suite-header -->
      <div class="suite">
        <div class="rounded-window">
          <div class="suite-header light-rounded-window-top">
            <a href="#" panel-name="suite-Default_suite" class="navigator-link">
              <span class="suite-name border-failed">Default suite</span>
            </a> <!-- navigator-link -->
          </div> <!-- suite-header light-rounded-window-top -->
          <div class="navigator-suite-content">
            <div class="suite-section-title">
              <span>Info</span>
            </div> <!-- suite-section-title -->
            <div class="suite-section-content">
              <ul>
                <li>
                  <a href="#" panel-name="test-xml-Default_suite" class="navigator-link ">
                    <span>C:\Users\jesse\AppData\Local\Temp\testng-eclipse--2005728910\testng-customsuite.xml</span>
                  </a> <!-- navigator-link  -->
                </li>
                <li>
                  <a href="#" panel-name="testlist-Default_suite" class="navigator-link ">
                    <span class="test-stats">1 test</span>
                  </a> <!-- navigator-link  -->
                </li>
                <li>
                  <a href="#" panel-name="group-Default_suite" class="navigator-link ">
                    <span>0 groups</span>
                  </a> <!-- navigator-link  -->
                </li>
                <li>
                  <a href="#" panel-name="times-Default_suite" class="navigator-link ">
                    <span>Times</span>
                  </a> <!-- navigator-link  -->
                </li>
                <li>
                  <a href="#" panel-name="reporter-Default_suite" class="navigator-link ">
                    <span>Reporter output</span>
                  </a> <!-- navigator-link  -->
                </li>
                <li>
                  <a href="#" panel-name="ignored-methods-Default_suite" class="navigator-link ">
                    <span>Ignored methods</span>
                  </a> <!-- navigator-link  -->
                </li>
                <li>
                  <a href="#" panel-name="chronological-Default_suite" class="navigator-link ">
                    <span>Chronological view</span>
                  </a> <!-- navigator-link  -->
                </li>
              </ul>
            </div> <!-- suite-section-content -->
            <div class="result-section">
              <div class="suite-section-title">
                <span>Results</span>
              </div> <!-- suite-section-title -->
              <div class="suite-section-content">
                <ul>
                  <li>
                    <span class="method-stats">10 methods, 4 failed,   6 passed</span>
                  </li>
                  <li>
                    <span class="method-list-title failed">Failed methods</span>
                    <span class="show-or-hide-methods failed">
                      <a href="#" panel-name="suite-Default_suite" class="hide-methods failed suite-Default_suite"> (hide)</a> <!-- hide-methods failed suite-Default_suite -->
                      <a href="#" panel-name="suite-Default_suite" class="show-methods failed suite-Default_suite"> (show)</a> <!-- show-methods failed suite-Default_suite -->
                    </span>
                    <div class="method-list-content failed suite-Default_suite">
                      <span>
                        <img src="failed.png" width="3%"/>
                        <a href="#" panel-name="suite-Default_suite" title="testCases.Search" class="method navigator-link" hash-for-method="loginSmokeTest">loginSmokeTest</a> <!-- method navigator-link -->
                      </span>
                      <br/>
                      <span>
                        <img src="failed.png" width="3%"/>
                        <a href="#" panel-name="suite-Default_suite" title="testCases.Search" class="method navigator-link" hash-for-method="loginSmokeTest">loginSmokeTest</a> <!-- method navigator-link -->
                      </span>
                      <br/>
                      <span>
                        <img src="failed.png" width="3%"/>
                        <a href="#" panel-name="suite-Default_suite" title="testCases.Search" class="method navigator-link" hash-for-method="loginSmokeTest">loginSmokeTest</a> <!-- method navigator-link -->
                      </span>
                      <br/>
                      <span>
                        <img src="failed.png" width="3%"/>
                        <a href="#" panel-name="suite-Default_suite" title="testCases.Search" class="method navigator-link" hash-for-method="loginSmokeTest">loginSmokeTest</a> <!-- method navigator-link -->
                      </span>
                      <br/>
                    </div> <!-- method-list-content failed suite-Default_suite -->
                  </li>
                  <li>
                    <span class="method-list-title passed">Passed methods</span>
                    <span class="show-or-hide-methods passed">
                      <a href="#" panel-name="suite-Default_suite" class="hide-methods passed suite-Default_suite"> (hide)</a> <!-- hide-methods passed suite-Default_suite -->
                      <a href="#" panel-name="suite-Default_suite" class="show-methods passed suite-Default_suite"> (show)</a> <!-- show-methods passed suite-Default_suite -->
                    </span>
                    <div class="method-list-content passed suite-Default_suite">
                      <span>
                        <img src="passed.png" width="3%"/>
                        <a href="#" panel-name="suite-Default_suite" title="testCases.Search" class="method navigator-link" hash-for-method="loginSmokeTest">loginSmokeTest</a> <!-- method navigator-link -->
                      </span>
                      <br/>
                      <span>
                        <img src="passed.png" width="3%"/>
                        <a href="#" panel-name="suite-Default_suite" title="testCases.Search" class="method navigator-link" hash-for-method="loginSmokeTest">loginSmokeTest</a> <!-- method navigator-link -->
                      </span>
                      <br/>
                      <span>
                        <img src="passed.png" width="3%"/>
                        <a href="#" panel-name="suite-Default_suite" title="testCases.Search" class="method navigator-link" hash-for-method="loginSmokeTest">loginSmokeTest</a> <!-- method navigator-link -->
                      </span>
                      <br/>
                      <span>
                        <img src="passed.png" width="3%"/>
                        <a href="#" panel-name="suite-Default_suite" title="testCases.Search" class="method navigator-link" hash-for-method="loginSmokeTest">loginSmokeTest</a> <!-- method navigator-link -->
                      </span>
                      <br/>
                      <span>
                        <img src="passed.png" width="3%"/>
                        <a href="#" panel-name="suite-Default_suite" title="testCases.Search" class="method navigator-link" hash-for-method="loginSmokeTest">loginSmokeTest</a> <!-- method navigator-link -->
                      </span>
                      <br/>
                      <span>
                        <img src="passed.png" width="3%"/>
                        <a href="#" panel-name="suite-Default_suite" title="testCases.Search" class="method navigator-link" hash-for-method="loginSmokeTest">loginSmokeTest</a> <!-- method navigator-link -->
                      </span>
                      <br/>
                    </div> <!-- method-list-content passed suite-Default_suite -->
                  </li>
                </ul>
              </div> <!-- suite-section-content -->
            </div> <!-- result-section -->
          </div> <!-- navigator-suite-content -->
        </div> <!-- rounded-window -->
      </div> <!-- suite -->
    </div> <!-- navigator-root -->
    <div class="wrapper">
      <div class="main-panel-root">
        <div panel-name="suite-Default_suite" class="panel Default_suite">
          <div class="suite-Default_suite-class-failed">
            <div class="main-panel-header rounded-window-top">
              <img src="failed.png"/>
              <span class="class-name">testCases.Search</span>
            </div> <!-- main-panel-header rounded-window-top -->
            <div class="main-panel-content rounded-window-bottom">
              <div class="method">
                <div class="method-content">
                  <a name="loginSmokeTest">
                  </a> <!-- loginSmokeTest -->
                  <span class="method-name">loginSmokeTest</span>
                  <div class="stack-trace">org.openqa.selenium.NoSuchElementException: no such element: Unable to locate element: {&quot;method&quot;:&quot;xpath&quot;,&quot;selector&quot;:&quot;//div[@class = &apos;content mgBt_10 bullet&apos;]/p&quot;}
  (Session info: chrome=113.0.5672.127)
For documentation on this error, please visit: https://selenium.dev/exceptions/#no_such_element
Build info: version: &apos;4.8.3&apos;, revision: &apos;e5e76298c3&apos;
System info: os.name: &apos;Windows 10&apos;, os.arch: &apos;amd64&apos;, os.version: &apos;10.0&apos;, java.version: &apos;17&apos;
Driver info: org.openqa.selenium.chrome.ChromeDriver
Command: [58dc58325a0a0a96f64f76cf5fe6348c, findElement {using=xpath, value=//div[@class = &apos;content mgBt_10 bullet&apos;]/p}]
Capabilities {acceptInsecureCerts: false, browserName: chrome, browserVersion: 113.0.5672.127, chrome: {chromedriverVersion: 113.0.5672.63 (0e1a4471d5ae..., userDataDir: C:\Users\jesse\AppData\Loca...}, goog:chromeOptions: {debuggerAddress: localhost:58347}, networkConnectionEnabled: false, pageLoadStrategy: normal, platformName: WINDOWS, proxy: Proxy(), se:cdp: ws://localhost:58347/devtoo..., se:cdpVersion: 113.0.5672.127, setWindowRect: true, strictFileInteractability: false, timeouts: {implicit: 0, pageLoad: 300000, script: 30000}, unhandledPromptBehavior: dismiss and notify, webauthn:extension:credBlob: true, webauthn:extension:largeBlob: true, webauthn:extension:minPinLength: true, webauthn:extension:prf: true, webauthn:virtualAuthenticators: true}
Session ID: 58dc58325a0a0a96f64f76cf5fe6348c
	at java.base/jdk.internal.reflect.NativeConstructorAccessorImpl.newInstance0(Native Method)
	at java.base/jdk.internal.reflect.NativeConstructorAccessorImpl.newInstance(NativeConstructorAccessorImpl.java:77)
	at java.base/jdk.internal.reflect.DelegatingConstructorAccessorImpl.newInstance(DelegatingConstructorAccessorImpl.java:45)
	at java.base/java.lang.reflect.Constructor.newInstanceWithCaller(Constructor.java:499)
	at java.base/java.lang.reflect.Constructor.newInstance(Constructor.java:480)
	at org.openqa.selenium.remote.codec.w3c.W3CHttpResponseCodec.createException(W3CHttpResponseCodec.java:200)
	at org.openqa.selenium.remote.codec.w3c.W3CHttpResponseCodec.decode(W3CHttpResponseCodec.java:133)
	at org.openqa.selenium.remote.codec.w3c.W3CHttpResponseCodec.decode(W3CHttpResponseCodec.java:53)
	at org.openqa.selenium.remote.HttpCommandExecutor.execute(HttpCommandExecutor.java:193)
	at org.openqa.selenium.remote.service.DriverCommandExecutor.invokeExecute(DriverCommandExecutor.java:183)
	at org.openqa.selenium.remote.service.DriverCommandExecutor.execute(DriverCommandExecutor.java:158)
	at org.openqa.selenium.remote.RemoteWebDriver.execute(RemoteWebDriver.java:543)
	at org.openqa.selenium.remote.ElementLocation$ElementFinder$2.findElement(ElementLocation.java:162)
	at org.openqa.selenium.remote.ElementLocation.findElement(ElementLocation.java:60)
	at org.openqa.selenium.remote.RemoteWebDriver.findElement(RemoteWebDriver.java:352)
	at org.openqa.selenium.remote.RemoteWebDriver.findElement(RemoteWebDriver.java:344)
	at pageFactories.SearchResultsPageFactory.waitForAnswerGeneration(SearchResultsPageFactory.java:47)
	at pageFactories.SearchResultsPageFactory.readAnswer(SearchResultsPageFactory.java:85)
	at testCases.Search.loginSmokeTest(Search.java:34)
	at java.base/jdk.internal.reflect.NativeMethodAccessorImpl.invoke0(Native Method)
	at java.base/jdk.internal.reflect.NativeMethodAccessorImpl.invoke(NativeMethodAccessorImpl.java:77)
	at java.base/jdk.internal.reflect.DelegatingMethodAccessorImpl.invoke(DelegatingMethodAccessorImpl.java:43)
	at java.base/java.lang.reflect.Method.invoke(Method.java:568)
	at org.testng.internal.invokers.MethodInvocationHelper.invokeMethod(MethodInvocationHelper.java:139)
	at org.testng.internal.invokers.TestInvoker.invokeMethod(TestInvoker.java:677)
	at org.testng.internal.invokers.TestInvoker.invokeTestMethod(TestInvoker.java:221)
	at org.testng.internal.invokers.MethodRunner.runInSequence(MethodRunner.java:50)
	at org.testng.internal.invokers.TestInvoker$MethodInvocationAgent.invoke(TestInvoker.java:969)
	at org.testng.internal.invokers.TestInvoker.invokeTestMethods(TestInvoker.java:194)
	at org.testng.internal.invokers.TestMethodWorker.invokeTestMethods(TestMethodWorker.java:148)
	at org.testng.internal.invokers.TestMethodWorker.run(TestMethodWorker.java:128)
	at java.base/java.util.ArrayList.forEach(ArrayList.java:1511)
	at org.testng.TestRunner.privateRun(TestRunner.java:829)
	at org.testng.TestRunner.run(TestRunner.java:602)
	at org.testng.SuiteRunner.runTest(SuiteRunner.java:437)
	at org.testng.SuiteRunner.runSequentially(SuiteRunner.java:431)
	at org.testng.SuiteRunner.privateRun(SuiteRunner.java:391)
	at org.testng.SuiteRunner.run(SuiteRunner.java:330)
	at org.testng.SuiteRunnerWorker.runSuite(SuiteRunnerWorker.java:52)
	at org.testng.SuiteRunnerWorker.run(SuiteRunnerWorker.java:95)
	at org.testng.TestNG.runSuitesSequentially(TestNG.java:1256)
	at org.testng.TestNG.runSuitesLocally(TestNG.java:1176)
	at org.testng.TestNG.runSuites(TestNG.java:1099)
	at org.testng.TestNG.run(TestNG.java:1067)
	at org.testng.remote.AbstractRemoteTestNG.run(AbstractRemoteTestNG.java:115)
	at org.testng.remote.RemoteTestNG.initAndRun(RemoteTestNG.java:251)
	at org.testng.remote.RemoteTestNG.main(RemoteTestNG.java:77)

</div> <!-- stack-trace -->
                </div> <!-- method-content -->
              </div> <!-- method -->
              <div class="method">
                <div class="method-content">
                  <a name="loginSmokeTest">
                  </a> <!-- loginSmokeTest -->
                  <span class="method-name">loginSmokeTest</span>
                  <div class="stack-trace">org.openqa.selenium.ElementClickInterceptedException: element click intercepted: Element &lt;span class=&quot;ant-tree-switcher ant-tree-switcher_close&quot;&gt;...&lt;/span&gt; is not clickable at point (471, 669). Other element would receive the click: &lt;svg viewBox=&quot;0 0 1024 1024&quot; focusable=&quot;false&quot; data-icon=&quot;caret-down&quot; width=&quot;1em&quot; height=&quot;1em&quot; fill=&quot;currentColor&quot; aria-hidden=&quot;true&quot;&gt;...&lt;/svg&gt;
  (Session info: chrome=113.0.5672.127)
Build info: version: &apos;4.8.3&apos;, revision: &apos;e5e76298c3&apos;
System info: os.name: &apos;Windows 10&apos;, os.arch: &apos;amd64&apos;, os.version: &apos;10.0&apos;, java.version: &apos;17&apos;
Driver info: org.openqa.selenium.chrome.ChromeDriver
Command: [1482af483f37a36e8546452f256eb1fa, clickElement {id=C7C5BA563982DA1D629F86A480E119C1_element_103}]
Capabilities {acceptInsecureCerts: false, browserName: chrome, browserVersion: 113.0.5672.127, chrome: {chromedriverVersion: 113.0.5672.63 (0e1a4471d5ae..., userDataDir: C:\Users\jesse\AppData\Loca...}, goog:chromeOptions: {debuggerAddress: localhost:58152}, networkConnectionEnabled: false, pageLoadStrategy: normal, platformName: WINDOWS, proxy: Proxy(), se:cdp: ws://localhost:58152/devtoo..., se:cdpVersion: 113.0.5672.127, setWindowRect: true, strictFileInteractability: false, timeouts: {implicit: 0, pageLoad: 300000, script: 30000}, unhandledPromptBehavior: dismiss and notify, webauthn:extension:credBlob: true, webauthn:extension:largeBlob: true, webauthn:extension:minPinLength: true, webauthn:extension:prf: true, webauthn:virtualAuthenticators: true}
Element: [[ChromeDriver: chrome on WINDOWS (1482af483f37a36e8546452f256eb1fa)] -&gt; xpath: //span[@class = &apos;ant-tree-switcher ant-tree-switcher_close&apos;]]
Session ID: 1482af483f37a36e8546452f256eb1fa
	at java.base/jdk.internal.reflect.NativeConstructorAccessorImpl.newInstance0(Native Method)
	at java.base/jdk.internal.reflect.NativeConstructorAccessorImpl.newInstance(NativeConstructorAccessorImpl.java:77)
	at java.base/jdk.internal.reflect.DelegatingConstructorAccessorImpl.newInstance(DelegatingConstructorAccessorImpl.java:45)
	at java.base/java.lang.reflect.Constructor.newInstanceWithCaller(Constructor.java:499)
	at java.base/java.lang.reflect.Constructor.newInstance(Constructor.java:480)
	at org.openqa.selenium.remote.codec.w3c.W3CHttpResponseCodec.createException(W3CHttpResponseCodec.java:200)
	at org.openqa.selenium.remote.codec.w3c.W3CHttpResponseCodec.decode(W3CHttpResponseCodec.java:133)
	at org.openqa.selenium.remote.codec.w3c.W3CHttpResponseCodec.decode(W3CHttpResponseCodec.java:53)
	at org.openqa.selenium.remote.HttpCommandExecutor.execute(HttpCommandExecutor.java:193)
	at org.openqa.selenium.remote.service.DriverCommandExecutor.invokeExecute(DriverCommandExecutor.java:183)
	at org.openqa.selenium.remote.service.DriverCommandExecutor.execute(DriverCommandExecutor.java:158)
	at org.openqa.selenium.remote.RemoteWebDriver.execute(RemoteWebDriver.java:543)
	at org.openqa.selenium.remote.RemoteWebElement.execute(RemoteWebElement.java:257)
	at org.openqa.selenium.remote.RemoteWebElement.click(RemoteWebElement.java:78)
	at pageFactories.SearchPageFactory.openClosedDomains(SearchPageFactory.java:352)
	at pageFactories.SearchPageFactory.selectDomain(SearchPageFactory.java:213)
	at testCases.ModularTests.SearchMod.search(SearchMod.java:98)
	at testCases.Search.loginSmokeTest(Search.java:30)
	at java.base/jdk.internal.reflect.NativeMethodAccessorImpl.invoke0(Native Method)
	at java.base/jdk.internal.reflect.NativeMethodAccessorImpl.invoke(NativeMethodAccessorImpl.java:77)
	at java.base/jdk.internal.reflect.DelegatingMethodAccessorImpl.invoke(DelegatingMethodAccessorImpl.java:43)
	at java.base/java.lang.reflect.Method.invoke(Method.java:568)
	at org.testng.internal.invokers.MethodInvocationHelper.invokeMethod(MethodInvocationHelper.java:139)
	at org.testng.internal.invokers.TestInvoker.invokeMethod(TestInvoker.java:677)
	at org.testng.internal.invokers.TestInvoker.invokeTestMethod(TestInvoker.java:221)
	at org.testng.internal.invokers.MethodRunner.runInSequence(MethodRunner.java:50)
	at org.testng.internal.invokers.TestInvoker$MethodInvocationAgent.invoke(TestInvoker.java:969)
	at org.testng.internal.invokers.TestInvoker.invokeTestMethods(TestInvoker.java:194)
	at org.testng.internal.invokers.TestMethodWorker.invokeTestMethods(TestMethodWorker.java:148)
	at org.testng.internal.invokers.TestMethodWorker.run(TestMethodWorker.java:128)
	at java.base/java.util.ArrayList.forEach(ArrayList.java:1511)
	at org.testng.TestRunner.privateRun(TestRunner.java:829)
	at org.testng.TestRunner.run(TestRunner.java:602)
	at org.testng.SuiteRunner.runTest(SuiteRunner.java:437)
	at org.testng.SuiteRunner.runSequentially(SuiteRunner.java:431)
	at org.testng.SuiteRunner.privateRun(SuiteRunner.java:391)
	at org.testng.SuiteRunner.run(SuiteRunner.java:330)
	at org.testng.SuiteRunnerWorker.runSuite(SuiteRunnerWorker.java:52)
	at org.testng.SuiteRunnerWorker.run(SuiteRunnerWorker.java:95)
	at org.testng.TestNG.runSuitesSequentially(TestNG.java:1256)
	at org.testng.TestNG.runSuitesLocally(TestNG.java:1176)
	at org.testng.TestNG.runSuites(TestNG.java:1099)
	at org.testng.TestNG.run(TestNG.java:1067)
	at org.testng.remote.AbstractRemoteTestNG.run(AbstractRemoteTestNG.java:115)
	at org.testng.remote.RemoteTestNG.initAndRun(RemoteTestNG.java:251)
	at org.testng.remote.RemoteTestNG.main(RemoteTestNG.java:77)

</div> <!-- stack-trace -->
                </div> <!-- method-content -->
              </div> <!-- method -->
              <div class="method">
                <div class="method-content">
                  <a name="loginSmokeTest">
                  </a> <!-- loginSmokeTest -->
                  <span class="method-name">loginSmokeTest</span>
                  <div class="stack-trace">org.openqa.selenium.ElementClickInterceptedException: element click intercepted: Element &lt;span class=&quot;ant-tree-switcher ant-tree-switcher_close&quot;&gt;...&lt;/span&gt; is not clickable at point (471, 641). Other element would receive the click: &lt;span class=&quot;ant-tree-switcher ant-tree-switcher-noop&quot;&gt;&lt;/span&gt;
  (Session info: chrome=113.0.5672.127)
Build info: version: &apos;4.8.3&apos;, revision: &apos;e5e76298c3&apos;
System info: os.name: &apos;Windows 10&apos;, os.arch: &apos;amd64&apos;, os.version: &apos;10.0&apos;, java.version: &apos;17&apos;
Driver info: org.openqa.selenium.chrome.ChromeDriver
Command: [256385a1261415ac4c6857fbcbb56f3a, clickElement {id=587C7D5D2A864DA96F963A890B44BAC7_element_98}]
Capabilities {acceptInsecureCerts: false, browserName: chrome, browserVersion: 113.0.5672.127, chrome: {chromedriverVersion: 113.0.5672.63 (0e1a4471d5ae..., userDataDir: C:\Users\jesse\AppData\Loca...}, goog:chromeOptions: {debuggerAddress: localhost:58504}, networkConnectionEnabled: false, pageLoadStrategy: normal, platformName: WINDOWS, proxy: Proxy(), se:cdp: ws://localhost:58504/devtoo..., se:cdpVersion: 113.0.5672.127, setWindowRect: true, strictFileInteractability: false, timeouts: {implicit: 0, pageLoad: 300000, script: 30000}, unhandledPromptBehavior: dismiss and notify, webauthn:extension:credBlob: true, webauthn:extension:largeBlob: true, webauthn:extension:minPinLength: true, webauthn:extension:prf: true, webauthn:virtualAuthenticators: true}
Element: [[ChromeDriver: chrome on WINDOWS (256385a1261415ac4c6857fbcbb56f3a)] -&gt; xpath: //span[@class = &apos;ant-tree-switcher ant-tree-switcher_close&apos;]]
Session ID: 256385a1261415ac4c6857fbcbb56f3a
	at java.base/jdk.internal.reflect.NativeConstructorAccessorImpl.newInstance0(Native Method)
	at java.base/jdk.internal.reflect.NativeConstructorAccessorImpl.newInstance(NativeConstructorAccessorImpl.java:77)
	at java.base/jdk.internal.reflect.DelegatingConstructorAccessorImpl.newInstance(DelegatingConstructorAccessorImpl.java:45)
	at java.base/java.lang.reflect.Constructor.newInstanceWithCaller(Constructor.java:499)
	at java.base/java.lang.reflect.Constructor.newInstance(Constructor.java:480)
	at org.openqa.selenium.remote.codec.w3c.W3CHttpResponseCodec.createException(W3CHttpResponseCodec.java:200)
	at org.openqa.selenium.remote.codec.w3c.W3CHttpResponseCodec.decode(W3CHttpResponseCodec.java:133)
	at org.openqa.selenium.remote.codec.w3c.W3CHttpResponseCodec.decode(W3CHttpResponseCodec.java:53)
	at org.openqa.selenium.remote.HttpCommandExecutor.execute(HttpCommandExecutor.java:193)
	at org.openqa.selenium.remote.service.DriverCommandExecutor.invokeExecute(DriverCommandExecutor.java:183)
	at org.openqa.selenium.remote.service.DriverCommandExecutor.execute(DriverCommandExecutor.java:158)
	at org.openqa.selenium.remote.RemoteWebDriver.execute(RemoteWebDriver.java:543)
	at org.openqa.selenium.remote.RemoteWebElement.execute(RemoteWebElement.java:257)
	at org.openqa.selenium.remote.RemoteWebElement.click(RemoteWebElement.java:78)
	at pageFactories.SearchPageFactory.openClosedDomains(SearchPageFactory.java:352)
	at pageFactories.SearchPageFactory.selectDomain(SearchPageFactory.java:213)
	at testCases.ModularTests.SearchMod.search(SearchMod.java:98)
	at testCases.Search.loginSmokeTest(Search.java:30)
	at java.base/jdk.internal.reflect.NativeMethodAccessorImpl.invoke0(Native Method)
	at java.base/jdk.internal.reflect.NativeMethodAccessorImpl.invoke(NativeMethodAccessorImpl.java:77)
	at java.base/jdk.internal.reflect.DelegatingMethodAccessorImpl.invoke(DelegatingMethodAccessorImpl.java:43)
	at java.base/java.lang.reflect.Method.invoke(Method.java:568)
	at org.testng.internal.invokers.MethodInvocationHelper.invokeMethod(MethodInvocationHelper.java:139)
	at org.testng.internal.invokers.TestInvoker.invokeMethod(TestInvoker.java:677)
	at org.testng.internal.invokers.TestInvoker.invokeTestMethod(TestInvoker.java:221)
	at org.testng.internal.invokers.MethodRunner.runInSequence(MethodRunner.java:50)
	at org.testng.internal.invokers.TestInvoker$MethodInvocationAgent.invoke(TestInvoker.java:969)
	at org.testng.internal.invokers.TestInvoker.invokeTestMethods(TestInvoker.java:194)
	at org.testng.internal.invokers.TestMethodWorker.invokeTestMethods(TestMethodWorker.java:148)
	at org.testng.internal.invokers.TestMethodWorker.run(TestMethodWorker.java:128)
	at java.base/java.util.ArrayList.forEach(ArrayList.java:1511)
	at org.testng.TestRunner.privateRun(TestRunner.java:829)
	at org.testng.TestRunner.run(TestRunner.java:602)
	at org.testng.SuiteRunner.runTest(SuiteRunner.java:437)
	at org.testng.SuiteRunner.runSequentially(SuiteRunner.java:431)
	at org.testng.SuiteRunner.privateRun(SuiteRunner.java:391)
	at org.testng.SuiteRunner.run(SuiteRunner.java:330)
	at org.testng.SuiteRunnerWorker.runSuite(SuiteRunnerWorker.java:52)
	at org.testng.SuiteRunnerWorker.run(SuiteRunnerWorker.java:95)
	at org.testng.TestNG.runSuitesSequentially(TestNG.java:1256)
	at org.testng.TestNG.runSuitesLocally(TestNG.java:1176)
	at org.testng.TestNG.runSuites(TestNG.java:1099)
	at org.testng.TestNG.run(TestNG.java:1067)
	at org.testng.remote.AbstractRemoteTestNG.run(AbstractRemoteTestNG.java:115)
	at org.testng.remote.RemoteTestNG.initAndRun(RemoteTestNG.java:251)
	at org.testng.remote.RemoteTestNG.main(RemoteTestNG.java:77)

</div> <!-- stack-trace -->
                </div> <!-- method-content -->
              </div> <!-- method -->
              <div class="method">
                <div class="method-content">
                  <a name="loginSmokeTest">
                  </a> <!-- loginSmokeTest -->
                  <span class="method-name">loginSmokeTest</span>
                  <div class="stack-trace">org.openqa.selenium.NoSuchElementException: no such element: Unable to locate element: {&quot;method&quot;:&quot;xpath&quot;,&quot;selector&quot;:&quot;//div[@class = &apos;content mgBt_10 bullet&apos;]/p&quot;}
  (Session info: chrome=113.0.5672.127)
For documentation on this error, please visit: https://selenium.dev/exceptions/#no_such_element
Build info: version: &apos;4.8.3&apos;, revision: &apos;e5e76298c3&apos;
System info: os.name: &apos;Windows 10&apos;, os.arch: &apos;amd64&apos;, os.version: &apos;10.0&apos;, java.version: &apos;17&apos;
Driver info: org.openqa.selenium.chrome.ChromeDriver
Command: [a495a678c8ea12283ab20322db884f7c, findElement {using=xpath, value=//div[@class = &apos;content mgBt_10 bullet&apos;]/p}]
Capabilities {acceptInsecureCerts: false, browserName: chrome, browserVersion: 113.0.5672.127, chrome: {chromedriverVersion: 113.0.5672.63 (0e1a4471d5ae..., userDataDir: C:\Users\jesse\AppData\Loca...}, goog:chromeOptions: {debuggerAddress: localhost:58177}, networkConnectionEnabled: false, pageLoadStrategy: normal, platformName: WINDOWS, proxy: Proxy(), se:cdp: ws://localhost:58177/devtoo..., se:cdpVersion: 113.0.5672.127, setWindowRect: true, strictFileInteractability: false, timeouts: {implicit: 0, pageLoad: 300000, script: 30000}, unhandledPromptBehavior: dismiss and notify, webauthn:extension:credBlob: true, webauthn:extension:largeBlob: true, webauthn:extension:minPinLength: true, webauthn:extension:prf: true, webauthn:virtualAuthenticators: true}
Session ID: a495a678c8ea12283ab20322db884f7c
	at java.base/jdk.internal.reflect.NativeConstructorAccessorImpl.newInstance0(Native Method)
	at java.base/jdk.internal.reflect.NativeConstructorAccessorImpl.newInstance(NativeConstructorAccessorImpl.java:77)
	at java.base/jdk.internal.reflect.DelegatingConstructorAccessorImpl.newInstance(DelegatingConstructorAccessorImpl.java:45)
	at java.base/java.lang.reflect.Constructor.newInstanceWithCaller(Constructor.java:499)
	at java.base/java.lang.reflect.Constructor.newInstance(Constructor.java:480)
	at org.openqa.selenium.remote.codec.w3c.W3CHttpResponseCodec.createException(W3CHttpResponseCodec.java:200)
	at org.openqa.selenium.remote.codec.w3c.W3CHttpResponseCodec.decode(W3CHttpResponseCodec.java:133)
	at org.openqa.selenium.remote.codec.w3c.W3CHttpResponseCodec.decode(W3CHttpResponseCodec.java:53)
	at org.openqa.selenium.remote.HttpCommandExecutor.execute(HttpCommandExecutor.java:193)
	at org.openqa.selenium.remote.service.DriverCommandExecutor.invokeExecute(DriverCommandExecutor.java:183)
	at org.openqa.selenium.remote.service.DriverCommandExecutor.execute(DriverCommandExecutor.java:158)
	at org.openqa.selenium.remote.RemoteWebDriver.execute(RemoteWebDriver.java:543)
	at org.openqa.selenium.remote.ElementLocation$ElementFinder$2.findElement(ElementLocation.java:162)
	at org.openqa.selenium.remote.ElementLocation.findElement(ElementLocation.java:60)
	at org.openqa.selenium.remote.RemoteWebDriver.findElement(RemoteWebDriver.java:352)
	at org.openqa.selenium.remote.RemoteWebDriver.findElement(RemoteWebDriver.java:344)
	at pageFactories.SearchResultsPageFactory.waitForAnswerGeneration(SearchResultsPageFactory.java:47)
	at pageFactories.SearchResultsPageFactory.readAnswer(SearchResultsPageFactory.java:85)
	at testCases.Search.loginSmokeTest(Search.java:34)
	at java.base/jdk.internal.reflect.NativeMethodAccessorImpl.invoke0(Native Method)
	at java.base/jdk.internal.reflect.NativeMethodAccessorImpl.invoke(NativeMethodAccessorImpl.java:77)
	at java.base/jdk.internal.reflect.DelegatingMethodAccessorImpl.invoke(DelegatingMethodAccessorImpl.java:43)
	at java.base/java.lang.reflect.Method.invoke(Method.java:568)
	at org.testng.internal.invokers.MethodInvocationHelper.invokeMethod(MethodInvocationHelper.java:139)
	at org.testng.internal.invokers.TestInvoker.invokeMethod(TestInvoker.java:677)
	at org.testng.internal.invokers.TestInvoker.invokeTestMethod(TestInvoker.java:221)
	at org.testng.internal.invokers.MethodRunner.runInSequence(MethodRunner.java:50)
	at org.testng.internal.invokers.TestInvoker$MethodInvocationAgent.invoke(TestInvoker.java:969)
	at org.testng.internal.invokers.TestInvoker.invokeTestMethods(TestInvoker.java:194)
	at org.testng.internal.invokers.TestMethodWorker.invokeTestMethods(TestMethodWorker.java:148)
	at org.testng.internal.invokers.TestMethodWorker.run(TestMethodWorker.java:128)
	at java.base/java.util.ArrayList.forEach(ArrayList.java:1511)
	at org.testng.TestRunner.privateRun(TestRunner.java:829)
	at org.testng.TestRunner.run(TestRunner.java:602)
	at org.testng.SuiteRunner.runTest(SuiteRunner.java:437)
	at org.testng.SuiteRunner.runSequentially(SuiteRunner.java:431)
	at org.testng.SuiteRunner.privateRun(SuiteRunner.java:391)
	at org.testng.SuiteRunner.run(SuiteRunner.java:330)
	at org.testng.SuiteRunnerWorker.runSuite(SuiteRunnerWorker.java:52)
	at org.testng.SuiteRunnerWorker.run(SuiteRunnerWorker.java:95)
	at org.testng.TestNG.runSuitesSequentially(TestNG.java:1256)
	at org.testng.TestNG.runSuitesLocally(TestNG.java:1176)
	at org.testng.TestNG.runSuites(TestNG.java:1099)
	at org.testng.TestNG.run(TestNG.java:1067)
	at org.testng.remote.AbstractRemoteTestNG.run(AbstractRemoteTestNG.java:115)
	at org.testng.remote.RemoteTestNG.initAndRun(RemoteTestNG.java:251)
	at org.testng.remote.RemoteTestNG.main(RemoteTestNG.java:77)

</div> <!-- stack-trace -->
                </div> <!-- method-content -->
              </div> <!-- method -->
            </div> <!-- main-panel-content rounded-window-bottom -->
          </div> <!-- suite-Default_suite-class-failed -->
          <div class="suite-Default_suite-class-passed">
            <div class="main-panel-header rounded-window-top">
              <img src="passed.png"/>
              <span class="class-name">testCases.Search</span>
            </div> <!-- main-panel-header rounded-window-top -->
            <div class="main-panel-content rounded-window-bottom">
              <div class="method">
                <div class="method-content">
                  <a name="loginSmokeTest">
                  </a> <!-- loginSmokeTest -->
                  <span class="method-name">loginSmokeTest</span>
                </div> <!-- method-content -->
              </div> <!-- method -->
              <div class="method">
                <div class="method-content">
                  <a name="loginSmokeTest">
                  </a> <!-- loginSmokeTest -->
                  <span class="method-name">loginSmokeTest</span>
                </div> <!-- method-content -->
              </div> <!-- method -->
              <div class="method">
                <div class="method-content">
                  <a name="loginSmokeTest">
                  </a> <!-- loginSmokeTest -->
                  <span class="method-name">loginSmokeTest</span>
                </div> <!-- method-content -->
              </div> <!-- method -->
              <div class="method">
                <div class="method-content">
                  <a name="loginSmokeTest">
                  </a> <!-- loginSmokeTest -->
                  <span class="method-name">loginSmokeTest</span>
                </div> <!-- method-content -->
              </div> <!-- method -->
              <div class="method">
                <div class="method-content">
                  <a name="loginSmokeTest">
                  </a> <!-- loginSmokeTest -->
                  <span class="method-name">loginSmokeTest</span>
                </div> <!-- method-content -->
              </div> <!-- method -->
              <div class="method">
                <div class="method-content">
                  <a name="loginSmokeTest">
                  </a> <!-- loginSmokeTest -->
                  <span class="method-name">loginSmokeTest</span>
                </div> <!-- method-content -->
              </div> <!-- method -->
            </div> <!-- main-panel-content rounded-window-bottom -->
          </div> <!-- suite-Default_suite-class-passed -->
        </div> <!-- panel Default_suite -->
        <div panel-name="test-xml-Default_suite" class="panel">
          <div class="main-panel-header rounded-window-top">
            <span class="header-content">C:\Users\jesse\AppData\Local\Temp\testng-eclipse--2005728910\testng-customsuite.xml</span>
          </div> <!-- main-panel-header rounded-window-top -->
          <div class="main-panel-content rounded-window-bottom">
            <pre>
&lt;?xml version=&quot;1.0&quot; encoding=&quot;UTF-8&quot;?&gt;
&lt;!DOCTYPE suite SYSTEM &quot;https://testng.org/testng-1.0.dtd&quot;&gt;
&lt;suite name=&quot;Default suite&quot; guice-stage=&quot;DEVELOPMENT&quot;&gt;
  &lt;test thread-count=&quot;5&quot; name=&quot;Default test&quot; verbose=&quot;2&quot;&gt;
    &lt;classes&gt;
      &lt;class name=&quot;testCases.Search&quot;/&gt;
    &lt;/classes&gt;
  &lt;/test&gt; &lt;!-- Default test --&gt;
&lt;/suite&gt; &lt;!-- Default suite --&gt;
            </pre>
          </div> <!-- main-panel-content rounded-window-bottom -->
        </div> <!-- panel -->
        <div panel-name="testlist-Default_suite" class="panel">
          <div class="main-panel-header rounded-window-top">
            <span class="header-content">Tests for Default suite</span>
          </div> <!-- main-panel-header rounded-window-top -->
          <div class="main-panel-content rounded-window-bottom">
            <ul>
              <li>
                <span class="test-name">Default test (1 class)</span>
              </li>
            </ul>
          </div> <!-- main-panel-content rounded-window-bottom -->
        </div> <!-- panel -->
        <div panel-name="group-Default_suite" class="panel">
          <div class="main-panel-header rounded-window-top">
            <span class="header-content">Groups for Default suite</span>
          </div> <!-- main-panel-header rounded-window-top -->
          <div class="main-panel-content rounded-window-bottom">
          </div> <!-- main-panel-content rounded-window-bottom -->
        </div> <!-- panel -->
        <div panel-name="times-Default_suite" class="panel">
          <div class="main-panel-header rounded-window-top">
            <span class="header-content">Times for Default suite</span>
          </div> <!-- main-panel-header rounded-window-top -->
          <div class="main-panel-content rounded-window-bottom">
            <div class="times-div">
              <script type="text/javascript">
suiteTableInitFunctions.push('tableData_Default_suite');
function tableData_Default_suite() {
var data = new google.visualization.DataTable();
data.addColumn('number', 'Number');
data.addColumn('string', 'Method');
data.addColumn('string', 'Class');
data.addColumn('number', 'Time (ms)');
data.addRows(10);
data.setCell(0, 0, 0)
data.setCell(0, 1, 'loginSmokeTest')
data.setCell(0, 2, 'testCases.Search')
data.setCell(0, 3, 41336);
data.setCell(1, 0, 1)
data.setCell(1, 1, 'loginSmokeTest')
data.setCell(1, 2, 'testCases.Search')
data.setCell(1, 3, 40428);
data.setCell(2, 0, 2)
data.setCell(2, 1, 'loginSmokeTest')
data.setCell(2, 2, 'testCases.Search')
data.setCell(2, 3, 39499);
data.setCell(3, 0, 3)
data.setCell(3, 1, 'loginSmokeTest')
data.setCell(3, 2, 'testCases.Search')
data.setCell(3, 3, 35828);
data.setCell(4, 0, 4)
data.setCell(4, 1, 'loginSmokeTest')
data.setCell(4, 2, 'testCases.Search')
data.setCell(4, 3, 34901);
data.setCell(5, 0, 5)
data.setCell(5, 1, 'loginSmokeTest')
data.setCell(5, 2, 'testCases.Search')
data.setCell(5, 3, 31017);
data.setCell(6, 0, 6)
data.setCell(6, 1, 'loginSmokeTest')
data.setCell(6, 2, 'testCases.Search')
data.setCell(6, 3, 30910);
data.setCell(7, 0, 7)
data.setCell(7, 1, 'loginSmokeTest')
data.setCell(7, 2, 'testCases.Search')
data.setCell(7, 3, 30749);
data.setCell(8, 0, 8)
data.setCell(8, 1, 'loginSmokeTest')
data.setCell(8, 2, 'testCases.Search')
data.setCell(8, 3, 11539);
data.setCell(9, 0, 9)
data.setCell(9, 1, 'loginSmokeTest')
data.setCell(9, 2, 'testCases.Search')
data.setCell(9, 3, 8912);
window.suiteTableData['Default_suite']= { tableData: data, tableDiv: 'times-div-Default_suite'}
return data;
}
              </script>
              <span class="suite-total-time">Total running time: 5 minutes</span>
              <div id="times-div-Default_suite">
              </div> <!-- times-div-Default_suite -->
            </div> <!-- times-div -->
          </div> <!-- main-panel-content rounded-window-bottom -->
        </div> <!-- panel -->
        <div panel-name="reporter-Default_suite" class="panel">
          <div class="main-panel-header rounded-window-top">
            <span class="header-content">Reporter output for Default suite</span>
          </div> <!-- main-panel-header rounded-window-top -->
          <div class="main-panel-content rounded-window-bottom">
            <div class="reporter-method-div">
              <span class="reporter-method-name">loginSmokeTest</span>
              <div class="reporter-method-output-div">
                <span class="reporter-method-output">Beginning test for simple search...</span>
                <span class="reporter-method-output">Beginning Login Modular Test...</span>
                <span class="reporter-method-output">Waiting for page to load completely...</span>
                <span class="reporter-method-output">The page '' is fully loaded now.</span>
                <span class="reporter-method-output">Method: setEmail</span>
                <span class="reporter-method-output">Method: setPassword</span>
                <span class="reporter-method-output">Method: readEmail</span>
                <span class="reporter-method-output">Email Address: jesse.childress@aretecinc.com</span>
                <span class="reporter-method-output">Method: readEmail</span>
                <span class="reporter-method-output">Method: clickLogin</span>
                <span class="reporter-method-output">Waiting for page to load completely...</span>
                <span class="reporter-method-output">The page '' is fully loaded now.</span>
                <span class="reporter-method-output">Expected URL: https://test-search-2my7afm7yq-ue.a.run.app/</span>
                <span class="reporter-method-output">Current URL : https://test-search-2my7afm7yq-ue.a.run.app/login</span>
                <span class="reporter-method-output">Beginning Search Modular Test...
This is for the main search page from login...</span>
                <span class="reporter-method-output">Waiting for page to load completely...</span>
                <span class="reporter-method-output">The page 'Test App' is fully loaded now.</span>
                <span class="reporter-method-output">Expected URL: https://test-search-2my7afm7yq-ue.a.run.app/</span>
                <span class="reporter-method-output">Current URL : https://test-search-2my7afm7yq-ue.a.run.app/</span>
                <span class="reporter-method-output">Method: selectDomain</span>
                <span class="reporter-method-output">Method: clickAllDomainsButton</span>
                <span class="reporter-method-output">Method: openClosedDomains</span>
                <span class="reporter-method-output">Method: setSearchField</span>
                <span class="reporter-method-output">Method: readSearchField</span>
                <span class="reporter-method-output">Method: setAPIDefault</span>
                <span class="reporter-method-output">Waiting for page to load completely...</span>
                <span class="reporter-method-output">The page 'Test App' is fully loaded now.</span>
                <span class="reporter-method-output">Expected URL: https://test-search-2my7afm7yq-ue.a.run.app/search-result.*</span>
                <span class="reporter-method-output">Current URL : https://test-search-2my7afm7yq-ue.a.run.app/search-result?search=How%20can%20Aretec%20save%20money%20on%20taxes?</span>
                <span class="reporter-method-output">Waiting for page to load completely...</span>
                <span class="reporter-method-output">The page 'Test App' is fully loaded now.</span>
                <span class="reporter-method-output">Method: readAnswer</span>
                <span class="reporter-method-output">Method: waitForAnswerGeneration</span>
                <span class="reporter-method-output">Waited on Answer text for: 13 seconds.</span>
              </div> <!-- reporter-method-output-div -->
            </div> <!-- reporter-method-div -->
            <div class="reporter-method-div">
              <span class="reporter-method-name">loginSmokeTest</span>
              <div class="reporter-method-output-div">
                <span class="reporter-method-output">Beginning test for simple search...</span>
                <span class="reporter-method-output">Beginning Login Modular Test...</span>
                <span class="reporter-method-output">Waiting for page to load completely...</span>
                <span class="reporter-method-output">The page '' is fully loaded now.</span>
                <span class="reporter-method-output">Method: setEmail</span>
                <span class="reporter-method-output">Method: setPassword</span>
                <span class="reporter-method-output">Method: readEmail</span>
                <span class="reporter-method-output">Email Address: jesse.childress@aretecinc.com</span>
                <span class="reporter-method-output">Method: readEmail</span>
                <span class="reporter-method-output">Method: clickLogin</span>
                <span class="reporter-method-output">Waiting for page to load completely...</span>
                <span class="reporter-method-output">The page '' is fully loaded now.</span>
                <span class="reporter-method-output">Expected URL: https://test-search-2my7afm7yq-ue.a.run.app/</span>
                <span class="reporter-method-output">Current URL : https://test-search-2my7afm7yq-ue.a.run.app/login</span>
                <span class="reporter-method-output">Beginning Search Modular Test...
This is for the main search page from login...</span>
                <span class="reporter-method-output">Waiting for page to load completely...</span>
                <span class="reporter-method-output">The page 'Test App' is fully loaded now.</span>
                <span class="reporter-method-output">Expected URL: https://test-search-2my7afm7yq-ue.a.run.app/</span>
                <span class="reporter-method-output">Current URL : https://test-search-2my7afm7yq-ue.a.run.app/</span>
                <span class="reporter-method-output">Method: selectDomain</span>
                <span class="reporter-method-output">Method: clickAllDomainsButton</span>
                <span class="reporter-method-output">Method: openClosedDomains</span>
                <span class="reporter-method-output">Method: setSearchField</span>
                <span class="reporter-method-output">Method: readSearchField</span>
                <span class="reporter-method-output">Method: setAPIDefault</span>
                <span class="reporter-method-output">Waiting for page to load completely...</span>
                <span class="reporter-method-output">The page 'Test App' is fully loaded now.</span>
                <span class="reporter-method-output">Expected URL: https://test-search-2my7afm7yq-ue.a.run.app/search-result.*</span>
                <span class="reporter-method-output">Current URL : https://test-search-2my7afm7yq-ue.a.run.app/search-result?search=How%20can%20Aretec%20save%20money%20on%20taxes?</span>
                <span class="reporter-method-output">Waiting for page to load completely...</span>
                <span class="reporter-method-output">The page 'Test App' is fully loaded now.</span>
                <span class="reporter-method-output">Method: readAnswer</span>
                <span class="reporter-method-output">Method: waitForAnswerGeneration</span>
                <span class="reporter-method-output">Waited on Answer text for: 12 seconds.</span>
              </div> <!-- reporter-method-output-div -->
            </div> <!-- reporter-method-div -->
            <div class="reporter-method-div">
              <span class="reporter-method-name">loginSmokeTest</span>
              <div class="reporter-method-output-div">
                <span class="reporter-method-output">Beginning test for simple search...</span>
                <span class="reporter-method-output">Beginning Login Modular Test...</span>
                <span class="reporter-method-output">Waiting for page to load completely...</span>
                <span class="reporter-method-output">The page '' is fully loaded now.</span>
                <span class="reporter-method-output">Method: setEmail</span>
                <span class="reporter-method-output">Method: setPassword</span>
                <span class="reporter-method-output">Method: readEmail</span>
                <span class="reporter-method-output">Email Address: jesse.childress@aretecinc.com</span>
                <span class="reporter-method-output">Method: readEmail</span>
                <span class="reporter-method-output">Method: clickLogin</span>
                <span class="reporter-method-output">Waiting for page to load completely...</span>
                <span class="reporter-method-output">The page '' is fully loaded now.</span>
                <span class="reporter-method-output">Expected URL: https://test-search-2my7afm7yq-ue.a.run.app/</span>
                <span class="reporter-method-output">Current URL : https://test-search-2my7afm7yq-ue.a.run.app/login</span>
                <span class="reporter-method-output">Beginning Search Modular Test...
This is for the main search page from login...</span>
                <span class="reporter-method-output">Waiting for page to load completely...</span>
                <span class="reporter-method-output">The page 'Test App' is fully loaded now.</span>
                <span class="reporter-method-output">Expected URL: https://test-search-2my7afm7yq-ue.a.run.app/</span>
                <span class="reporter-method-output">Current URL : https://test-search-2my7afm7yq-ue.a.run.app/</span>
                <span class="reporter-method-output">Method: selectDomain</span>
                <span class="reporter-method-output">Method: clickAllDomainsButton</span>
                <span class="reporter-method-output">Method: openClosedDomains</span>
                <span class="reporter-method-output">Method: setSearchField</span>
                <span class="reporter-method-output">Method: readSearchField</span>
                <span class="reporter-method-output">Method: setAPIDefault</span>
                <span class="reporter-method-output">Waiting for page to load completely...</span>
                <span class="reporter-method-output">The page 'Test App' is fully loaded now.</span>
                <span class="reporter-method-output">Expected URL: https://test-search-2my7afm7yq-ue.a.run.app/search-result.*</span>
                <span class="reporter-method-output">Current URL : https://test-search-2my7afm7yq-ue.a.run.app/search-result?search=How%20can%20Aretec%20save%20money%20on%20taxes?</span>
                <span class="reporter-method-output">Waiting for page to load completely...</span>
                <span class="reporter-method-output">The page 'Test App' is fully loaded now.</span>
                <span class="reporter-method-output">Method: readAnswer</span>
                <span class="reporter-method-output">Method: waitForAnswerGeneration</span>
                <span class="reporter-method-output">Waited on Answer text for: 11 seconds.</span>
              </div> <!-- reporter-method-output-div -->
            </div> <!-- reporter-method-div -->
            <div class="reporter-method-div">
              <span class="reporter-method-name">loginSmokeTest</span>
              <div class="reporter-method-output-div">
                <span class="reporter-method-output">Beginning test for simple search...</span>
                <span class="reporter-method-output">Beginning Login Modular Test...</span>
                <span class="reporter-method-output">Waiting for page to load completely...</span>
                <span class="reporter-method-output">The page '' is fully loaded now.</span>
                <span class="reporter-method-output">Method: setEmail</span>
                <span class="reporter-method-output">Method: setPassword</span>
                <span class="reporter-method-output">Method: readEmail</span>
                <span class="reporter-method-output">Email Address: jesse.childress@aretecinc.com</span>
                <span class="reporter-method-output">Method: readEmail</span>
                <span class="reporter-method-output">Method: clickLogin</span>
                <span class="reporter-method-output">Waiting for page to load completely...</span>
                <span class="reporter-method-output">The page '' is fully loaded now.</span>
                <span class="reporter-method-output">Expected URL: https://test-search-2my7afm7yq-ue.a.run.app/</span>
                <span class="reporter-method-output">Current URL : https://test-search-2my7afm7yq-ue.a.run.app/login</span>
                <span class="reporter-method-output">Beginning Search Modular Test...
This is for the main search page from login...</span>
                <span class="reporter-method-output">Waiting for page to load completely...</span>
                <span class="reporter-method-output">The page 'Test App' is fully loaded now.</span>
                <span class="reporter-method-output">Expected URL: https://test-search-2my7afm7yq-ue.a.run.app/</span>
                <span class="reporter-method-output">Current URL : https://test-search-2my7afm7yq-ue.a.run.app/</span>
                <span class="reporter-method-output">Method: selectDomain</span>
                <span class="reporter-method-output">Method: clickAllDomainsButton</span>
                <span class="reporter-method-output">Method: openClosedDomains</span>
                <span class="reporter-method-output">Method: setSearchField</span>
                <span class="reporter-method-output">Method: readSearchField</span>
                <span class="reporter-method-output">Method: setAPIDefault</span>
                <span class="reporter-method-output">Waiting for page to load completely...</span>
                <span class="reporter-method-output">The page 'Test App' is fully loaded now.</span>
                <span class="reporter-method-output">Expected URL: https://test-search-2my7afm7yq-ue.a.run.app/search-result.*</span>
                <span class="reporter-method-output">Current URL : https://test-search-2my7afm7yq-ue.a.run.app/search-result?search=How%20can%20Aretec%20save%20money%20on%20taxes?</span>
                <span class="reporter-method-output">Waiting for page to load completely...</span>
                <span class="reporter-method-output">The page 'Test App' is fully loaded now.</span>
                <span class="reporter-method-output">Method: readAnswer</span>
                <span class="reporter-method-output">Method: waitForAnswerGeneration</span>
                <span class="reporter-method-output">Waited on Answer text for: 4 seconds.</span>
              </div> <!-- reporter-method-output-div -->
            </div> <!-- reporter-method-div -->
            <div class="reporter-method-div">
              <span class="reporter-method-name">loginSmokeTest</span>
              <div class="reporter-method-output-div">
                <span class="reporter-method-output">Beginning test for simple search...</span>
                <span class="reporter-method-output">Beginning Login Modular Test...</span>
                <span class="reporter-method-output">Waiting for page to load completely...</span>
                <span class="reporter-method-output">The page '' is fully loaded now.</span>
                <span class="reporter-method-output">Method: setEmail</span>
                <span class="reporter-method-output">Method: setPassword</span>
                <span class="reporter-method-output">Method: readEmail</span>
                <span class="reporter-method-output">Email Address: jesse.childress@aretecinc.com</span>
                <span class="reporter-method-output">Method: readEmail</span>
                <span class="reporter-method-output">Method: clickLogin</span>
                <span class="reporter-method-output">Waiting for page to load completely...</span>
                <span class="reporter-method-output">The page '' is fully loaded now.</span>
                <span class="reporter-method-output">Expected URL: https://test-search-2my7afm7yq-ue.a.run.app/</span>
                <span class="reporter-method-output">Current URL : https://test-search-2my7afm7yq-ue.a.run.app/login</span>
                <span class="reporter-method-output">Beginning Search Modular Test...
This is for the main search page from login...</span>
                <span class="reporter-method-output">Waiting for page to load completely...</span>
                <span class="reporter-method-output">The page 'Test App' is fully loaded now.</span>
                <span class="reporter-method-output">Expected URL: https://test-search-2my7afm7yq-ue.a.run.app/</span>
                <span class="reporter-method-output">Current URL : https://test-search-2my7afm7yq-ue.a.run.app/</span>
                <span class="reporter-method-output">Method: selectDomain</span>
                <span class="reporter-method-output">Method: clickAllDomainsButton</span>
                <span class="reporter-method-output">Method: openClosedDomains</span>
                <span class="reporter-method-output">Method: setSearchField</span>
                <span class="reporter-method-output">Method: readSearchField</span>
                <span class="reporter-method-output">Method: setAPIDefault</span>
                <span class="reporter-method-output">Waiting for page to load completely...</span>
                <span class="reporter-method-output">The page 'Test App' is fully loaded now.</span>
                <span class="reporter-method-output">Expected URL: https://test-search-2my7afm7yq-ue.a.run.app/search-result.*</span>
                <span class="reporter-method-output">Current URL : https://test-search-2my7afm7yq-ue.a.run.app/search-result?search=How%20can%20Aretec%20save%20money%20on%20taxes?</span>
                <span class="reporter-method-output">Waiting for page to load completely...</span>
                <span class="reporter-method-output">The page 'Test App' is fully loaded now.</span>
                <span class="reporter-method-output">Method: readAnswer</span>
                <span class="reporter-method-output">Method: waitForAnswerGeneration</span>
                <span class="reporter-method-output">Waited on Answer text for: 4 seconds.</span>
              </div> <!-- reporter-method-output-div -->
            </div> <!-- reporter-method-div -->
            <div class="reporter-method-div">
              <span class="reporter-method-name">loginSmokeTest</span>
              <div class="reporter-method-output-div">
                <span class="reporter-method-output">Beginning test for simple search...</span>
                <span class="reporter-method-output">Beginning Login Modular Test...</span>
                <span class="reporter-method-output">Waiting for page to load completely...</span>
                <span class="reporter-method-output">The page '' is fully loaded now.</span>
                <span class="reporter-method-output">Method: setEmail</span>
                <span class="reporter-method-output">Method: setPassword</span>
                <span class="reporter-method-output">Method: readEmail</span>
                <span class="reporter-method-output">Email Address: jesse.childress@aretecinc.com</span>
                <span class="reporter-method-output">Method: readEmail</span>
                <span class="reporter-method-output">Method: clickLogin</span>
                <span class="reporter-method-output">Waiting for page to load completely...</span>
                <span class="reporter-method-output">The page '' is fully loaded now.</span>
                <span class="reporter-method-output">Expected URL: https://test-search-2my7afm7yq-ue.a.run.app/</span>
                <span class="reporter-method-output">Current URL : https://test-search-2my7afm7yq-ue.a.run.app/login</span>
                <span class="reporter-method-output">Beginning Search Modular Test...
This is for the main search page from login...</span>
                <span class="reporter-method-output">Waiting for page to load completely...</span>
                <span class="reporter-method-output">The page 'Test App' is fully loaded now.</span>
                <span class="reporter-method-output">Expected URL: https://test-search-2my7afm7yq-ue.a.run.app/</span>
                <span class="reporter-method-output">Current URL : https://test-search-2my7afm7yq-ue.a.run.app/</span>
                <span class="reporter-method-output">Method: selectDomain</span>
                <span class="reporter-method-output">Method: clickAllDomainsButton</span>
                <span class="reporter-method-output">Method: openClosedDomains</span>
                <span class="reporter-method-output">Method: setSearchField</span>
                <span class="reporter-method-output">Method: readSearchField</span>
                <span class="reporter-method-output">Method: setAPIDefault</span>
                <span class="reporter-method-output">Waiting for page to load completely...</span>
                <span class="reporter-method-output">The page 'Test App' is fully loaded now.</span>
                <span class="reporter-method-output">Expected URL: https://test-search-2my7afm7yq-ue.a.run.app/search-result.*</span>
                <span class="reporter-method-output">Current URL : https://test-search-2my7afm7yq-ue.a.run.app/search-result?search=How%20can%20Aretec%20save%20money%20on%20taxes?</span>
                <span class="reporter-method-output">Waiting for page to load completely...</span>
                <span class="reporter-method-output">The page 'Test App' is fully loaded now.</span>
                <span class="reporter-method-output">Method: readAnswer</span>
                <span class="reporter-method-output">Method: waitForAnswerGeneration</span>
                <span class="reporter-method-output">Waited on Answer text for: 7 seconds.</span>
              </div> <!-- reporter-method-output-div -->
            </div> <!-- reporter-method-div -->
            <div class="reporter-method-div">
              <span class="reporter-method-name">loginSmokeTest</span>
              <div class="reporter-method-output-div">
                <span class="reporter-method-output">Beginning test for simple search...</span>
                <span class="reporter-method-output">Beginning Login Modular Test...</span>
                <span class="reporter-method-output">Waiting for page to load completely...</span>
                <span class="reporter-method-output">The page '' is fully loaded now.</span>
                <span class="reporter-method-output">Method: setEmail</span>
                <span class="reporter-method-output">Method: setPassword</span>
                <span class="reporter-method-output">Method: readEmail</span>
                <span class="reporter-method-output">Email Address: jesse.childress@aretecinc.com</span>
                <span class="reporter-method-output">Method: readEmail</span>
                <span class="reporter-method-output">Method: clickLogin</span>
                <span class="reporter-method-output">Waiting for page to load completely...</span>
                <span class="reporter-method-output">The page '' is fully loaded now.</span>
                <span class="reporter-method-output">Expected URL: https://test-search-2my7afm7yq-ue.a.run.app/</span>
                <span class="reporter-method-output">Current URL : https://test-search-2my7afm7yq-ue.a.run.app/login</span>
                <span class="reporter-method-output">Beginning Search Modular Test...
This is for the main search page from login...</span>
                <span class="reporter-method-output">Waiting for page to load completely...</span>
                <span class="reporter-method-output">The page 'Test App' is fully loaded now.</span>
                <span class="reporter-method-output">Expected URL: https://test-search-2my7afm7yq-ue.a.run.app/</span>
                <span class="reporter-method-output">Current URL : https://test-search-2my7afm7yq-ue.a.run.app/</span>
                <span class="reporter-method-output">Method: selectDomain</span>
                <span class="reporter-method-output">Method: clickAllDomainsButton</span>
                <span class="reporter-method-output">Method: openClosedDomains</span>
                <span class="reporter-method-output">Method: setSearchField</span>
                <span class="reporter-method-output">Method: readSearchField</span>
                <span class="reporter-method-output">Method: setAPIDefault</span>
                <span class="reporter-method-output">Waiting for page to load completely...</span>
                <span class="reporter-method-output">The page 'Test App' is fully loaded now.</span>
                <span class="reporter-method-output">Expected URL: https://test-search-2my7afm7yq-ue.a.run.app/search-result.*</span>
                <span class="reporter-method-output">Current URL : https://test-search-2my7afm7yq-ue.a.run.app/search-result?search=How%20can%20Aretec%20save%20money%20on%20taxes?</span>
                <span class="reporter-method-output">Waiting for page to load completely...</span>
                <span class="reporter-method-output">The page 'Test App' is fully loaded now.</span>
                <span class="reporter-method-output">Method: readAnswer</span>
                <span class="reporter-method-output">Method: waitForAnswerGeneration</span>
              </div> <!-- reporter-method-output-div -->
            </div> <!-- reporter-method-div -->
            <div class="reporter-method-div">
              <span class="reporter-method-name">loginSmokeTest</span>
              <div class="reporter-method-output-div">
                <span class="reporter-method-output">Beginning test for simple search...</span>
                <span class="reporter-method-output">Beginning Login Modular Test...</span>
                <span class="reporter-method-output">Waiting for page to load completely...</span>
                <span class="reporter-method-output">The page '' is fully loaded now.</span>
                <span class="reporter-method-output">Method: setEmail</span>
                <span class="reporter-method-output">Method: setPassword</span>
                <span class="reporter-method-output">Method: readEmail</span>
                <span class="reporter-method-output">Email Address: jesse.childress@aretecinc.com</span>
                <span class="reporter-method-output">Method: readEmail</span>
                <span class="reporter-method-output">Method: clickLogin</span>
                <span class="reporter-method-output">Waiting for page to load completely...</span>
                <span class="reporter-method-output">The page '' is fully loaded now.</span>
                <span class="reporter-method-output">Expected URL: https://test-search-2my7afm7yq-ue.a.run.app/</span>
                <span class="reporter-method-output">Current URL : https://test-search-2my7afm7yq-ue.a.run.app/login</span>
                <span class="reporter-method-output">Beginning Search Modular Test...
This is for the main search page from login...</span>
                <span class="reporter-method-output">Waiting for page to load completely...</span>
                <span class="reporter-method-output">The page 'Test App' is fully loaded now.</span>
                <span class="reporter-method-output">Expected URL: https://test-search-2my7afm7yq-ue.a.run.app/</span>
                <span class="reporter-method-output">Current URL : https://test-search-2my7afm7yq-ue.a.run.app/</span>
                <span class="reporter-method-output">Method: selectDomain</span>
                <span class="reporter-method-output">Method: clickAllDomainsButton</span>
                <span class="reporter-method-output">Method: openClosedDomains</span>
              </div> <!-- reporter-method-output-div -->
            </div> <!-- reporter-method-div -->
            <div class="reporter-method-div">
              <span class="reporter-method-name">loginSmokeTest</span>
              <div class="reporter-method-output-div">
                <span class="reporter-method-output">Beginning test for simple search...</span>
                <span class="reporter-method-output">Beginning Login Modular Test...</span>
                <span class="reporter-method-output">Waiting for page to load completely...</span>
                <span class="reporter-method-output">The page '' is fully loaded now.</span>
                <span class="reporter-method-output">Method: setEmail</span>
                <span class="reporter-method-output">Method: setPassword</span>
                <span class="reporter-method-output">Method: readEmail</span>
                <span class="reporter-method-output">Email Address: jesse.childress@aretecinc.com</span>
                <span class="reporter-method-output">Method: readEmail</span>
                <span class="reporter-method-output">Method: clickLogin</span>
                <span class="reporter-method-output">Waiting for page to load completely...</span>
                <span class="reporter-method-output">The page '' is fully loaded now.</span>
                <span class="reporter-method-output">Expected URL: https://test-search-2my7afm7yq-ue.a.run.app/</span>
                <span class="reporter-method-output">Current URL : https://test-search-2my7afm7yq-ue.a.run.app/login</span>
                <span class="reporter-method-output">Beginning Search Modular Test...
This is for the main search page from login...</span>
                <span class="reporter-method-output">Waiting for page to load completely...</span>
                <span class="reporter-method-output">The page 'Test App' is fully loaded now.</span>
                <span class="reporter-method-output">Expected URL: https://test-search-2my7afm7yq-ue.a.run.app/</span>
                <span class="reporter-method-output">Current URL : https://test-search-2my7afm7yq-ue.a.run.app/</span>
                <span class="reporter-method-output">Method: selectDomain</span>
                <span class="reporter-method-output">Method: clickAllDomainsButton</span>
                <span class="reporter-method-output">Method: openClosedDomains</span>
              </div> <!-- reporter-method-output-div -->
            </div> <!-- reporter-method-div -->
            <div class="reporter-method-div">
              <span class="reporter-method-name">loginSmokeTest</span>
              <div class="reporter-method-output-div">
                <span class="reporter-method-output">Beginning test for simple search...</span>
                <span class="reporter-method-output">Beginning Login Modular Test...</span>
                <span class="reporter-method-output">Waiting for page to load completely...</span>
                <span class="reporter-method-output">The page '' is fully loaded now.</span>
                <span class="reporter-method-output">Method: setEmail</span>
                <span class="reporter-method-output">Method: setPassword</span>
                <span class="reporter-method-output">Method: readEmail</span>
                <span class="reporter-method-output">Email Address: jesse.childress@aretecinc.com</span>
                <span class="reporter-method-output">Method: readEmail</span>
                <span class="reporter-method-output">Method: clickLogin</span>
                <span class="reporter-method-output">Waiting for page to load completely...</span>
                <span class="reporter-method-output">The page '' is fully loaded now.</span>
                <span class="reporter-method-output">Expected URL: https://test-search-2my7afm7yq-ue.a.run.app/</span>
                <span class="reporter-method-output">Current URL : https://test-search-2my7afm7yq-ue.a.run.app/login</span>
                <span class="reporter-method-output">Beginning Search Modular Test...
This is for the main search page from login...</span>
                <span class="reporter-method-output">Waiting for page to load completely...</span>
                <span class="reporter-method-output">The page 'Test App' is fully loaded now.</span>
                <span class="reporter-method-output">Expected URL: https://test-search-2my7afm7yq-ue.a.run.app/</span>
                <span class="reporter-method-output">Current URL : https://test-search-2my7afm7yq-ue.a.run.app/</span>
                <span class="reporter-method-output">Method: selectDomain</span>
                <span class="reporter-method-output">Method: clickAllDomainsButton</span>
                <span class="reporter-method-output">Method: openClosedDomains</span>
                <span class="reporter-method-output">Method: setSearchField</span>
                <span class="reporter-method-output">Method: readSearchField</span>
                <span class="reporter-method-output">Method: setAPIDefault</span>
                <span class="reporter-method-output">Waiting for page to load completely...</span>
                <span class="reporter-method-output">The page 'Test App' is fully loaded now.</span>
                <span class="reporter-method-output">Expected URL: https://test-search-2my7afm7yq-ue.a.run.app/search-result.*</span>
                <span class="reporter-method-output">Current URL : https://test-search-2my7afm7yq-ue.a.run.app/search-result?search=How%20can%20Aretec%20save%20money%20on%20taxes?</span>
                <span class="reporter-method-output">Waiting for page to load completely...</span>
                <span class="reporter-method-output">The page 'Test App' is fully loaded now.</span>
                <span class="reporter-method-output">Method: readAnswer</span>
                <span class="reporter-method-output">Method: waitForAnswerGeneration</span>
              </div> <!-- reporter-method-output-div -->
            </div> <!-- reporter-method-div -->
          </div> <!-- main-panel-content rounded-window-bottom -->
        </div> <!-- panel -->
        <div panel-name="ignored-methods-Default_suite" class="panel">
          <div class="main-panel-header rounded-window-top">
            <span class="header-content">0 ignored methods</span>
          </div> <!-- main-panel-header rounded-window-top -->
          <div class="main-panel-content rounded-window-bottom">
          </div> <!-- main-panel-content rounded-window-bottom -->
        </div> <!-- panel -->
        <div panel-name="chronological-Default_suite" class="panel">
          <div class="main-panel-header rounded-window-top">
            <span class="header-content">Methods in chronological order</span>
          </div> <!-- main-panel-header rounded-window-top -->
          <div class="main-panel-content rounded-window-bottom">
            <div class="chronological-class">
              <div class="chronological-class-name">testCases.Search</div> <!-- chronological-class-name -->
              <div class="test-method">
                <img src="failed.png">
                </img>
                <span class="method-name">loginSmokeTest</span>
                <span class="method-start">0 ms</span>
              </div> <!-- test-method -->
              <div class="configuration-method after">
                <span class="method-name">afterMethod([TestResult name=loginSmokeTest status=FAILURE method=Search.loginSmokeTest()[pri:0, instance:testCa...)</span>
                <span class="method-start">11552 ms</span>
              </div> <!-- configuration-method after -->
              <div class="test-method">
                <img src="failed.png">
                </img>
                <span class="method-name">loginSmokeTest</span>
                <span class="method-start">12331 ms</span>
              </div> <!-- test-method -->
              <div class="configuration-method after">
                <span class="method-name">afterMethod([TestResult name=loginSmokeTest status=FAILURE method=Search.loginSmokeTest()[pri:0, instance:testCa...)</span>
                <span class="method-start">43084 ms</span>
              </div> <!-- configuration-method after -->
              <div class="test-method">
                <span class="method-name">loginSmokeTest</span>
                <span class="method-start">43669 ms</span>
              </div> <!-- test-method -->
              <div class="configuration-method after">
                <span class="method-name">afterMethod([TestResult name=loginSmokeTest status=SUCCESS method=Search.loginSmokeTest()[pri:0, instance:testCa...)</span>
                <span class="method-start">83169 ms</span>
              </div> <!-- configuration-method after -->
              <div class="test-method">
                <span class="method-name">loginSmokeTest</span>
                <span class="method-start">83543 ms</span>
              </div> <!-- test-method -->
              <div class="configuration-method after">
                <span class="method-name">afterMethod([TestResult name=loginSmokeTest status=SUCCESS method=Search.loginSmokeTest()[pri:0, instance:testCa...)</span>
                <span class="method-start">123972 ms</span>
              </div> <!-- configuration-method after -->
              <div class="test-method">
                <span class="method-name">loginSmokeTest</span>
                <span class="method-start">124331 ms</span>
              </div> <!-- test-method -->
              <div class="configuration-method after">
                <span class="method-name">afterMethod([TestResult name=loginSmokeTest status=SUCCESS method=Search.loginSmokeTest()[pri:0, instance:testCa...)</span>
                <span class="method-start">165670 ms</span>
              </div> <!-- configuration-method after -->
              <div class="test-method">
                <span class="method-name">loginSmokeTest</span>
                <span class="method-start">166040 ms</span>
              </div> <!-- test-method -->
              <div class="configuration-method after">
                <span class="method-name">afterMethod([TestResult name=loginSmokeTest status=SUCCESS method=Search.loginSmokeTest()[pri:0, instance:testCa...)</span>
                <span class="method-start">196951 ms</span>
              </div> <!-- configuration-method after -->
              <div class="test-method">
                <span class="method-name">loginSmokeTest</span>
                <span class="method-start">197344 ms</span>
              </div> <!-- test-method -->
              <div class="configuration-method after">
                <span class="method-name">afterMethod([TestResult name=loginSmokeTest status=SUCCESS method=Search.loginSmokeTest()[pri:0, instance:testCa...)</span>
                <span class="method-start">232246 ms</span>
              </div> <!-- configuration-method after -->
              <div class="test-method">
                <img src="failed.png">
                </img>
                <span class="method-name">loginSmokeTest</span>
                <span class="method-start">232669 ms</span>
              </div> <!-- test-method -->
              <div class="configuration-method after">
                <span class="method-name">afterMethod([TestResult name=loginSmokeTest status=FAILURE method=Search.loginSmokeTest()[pri:0, instance:testCa...)</span>
                <span class="method-start">263686 ms</span>
              </div> <!-- configuration-method after -->
              <div class="test-method">
                <span class="method-name">loginSmokeTest</span>
                <span class="method-start">264535 ms</span>
              </div> <!-- test-method -->
              <div class="configuration-method after">
                <span class="method-name">afterMethod([TestResult name=loginSmokeTest status=SUCCESS method=Search.loginSmokeTest()[pri:0, instance:testCa...)</span>
                <span class="method-start">300363 ms</span>
              </div> <!-- configuration-method after -->
              <div class="test-method">
                <img src="failed.png">
                </img>
                <span class="method-name">loginSmokeTest</span>
                <span class="method-start">300682 ms</span>
              </div> <!-- test-method -->
              <div class="configuration-method after">
                <span class="method-name">afterMethod([TestResult name=loginSmokeTest status=FAILURE method=Search.loginSmokeTest()[pri:0, instance:testCa...)</span>
                <span class="method-start">309597 ms</span>
              </div> <!-- configuration-method after -->
              <div class="configuration-class after">
                <span class="method-name">afterClass</span>
                <span class="method-start">310312 ms</span>
              </div> <!-- configuration-class after -->
          </div> <!-- main-panel-content rounded-window-bottom -->
        </div> <!-- panel -->
      </div> <!-- main-panel-root -->
    </div> <!-- wrapper -->
  </body>
<script type="text/javascript" src="testng-reports2.js"></script>
</html>
