<?xml version="1.0" encoding="UTF-8"?>
<testng-results ignored="0" total="1" passed="0" failed="1" skipped="0">
  <reporter-output>
    <line>
      <![CDATA[Beginning Login Modular Test...]]>
    </line>
    <line>
      <![CDATA[Waiting for page to load completely...]]>
    </line>
    <line>
      <![CDATA[The page '' is fully loaded now.]]>
    </line>
    <line>
      <![CDATA[Method: setEmail]]>
    </line>
    <line>
      <![CDATA[Method: setPassword]]>
    </line>
    <line>
      <![CDATA[Method: readEmail]]>
    </line>
    <line>
      <![CDATA[Email Address: jesse.childress@aretecinc.com]]>
    </line>
    <line>
      <![CDATA[Method: readEmail]]>
    </line>
    <line>
      <![CDATA[Method: clickLogin]]>
    </line>
    <line>
      <![CDATA[Waiting for page to load completely...]]>
    </line>
    <line>
      <![CDATA[The page '' is fully loaded now.]]>
    </line>
    <line>
      <![CDATA[Expected URL: https://test.dataimagineers.ai/]]>
    </line>
    <line>
      <![CDATA[Current URL : https://test.dataimagineers.ai/login]]>
    </line>
    <line>
      <![CDATA[Waiting for page to load completely...]]>
    </line>
    <line>
      <![CDATA[The page 'Test App' is fully loaded now.]]>
    </line>
    <line>
      <![CDATA[Expected URL: https://test.dataimagineers.ai/]]>
    </line>
    <line>
      <![CDATA[Current URL : https://test.dataimagineers.ai/]]>
    </line>
    <line>
      <![CDATA[Method: clickDocumentsTopLink]]>
    </line>
    <line>
      <![CDATA[Waiting for page to load completely...]]>
    </line>
    <line>
      <![CDATA[The page 'Test App' is fully loaded now.]]>
    </line>
    <line>
      <![CDATA[Expected URL: https://test.dataimagineers.ai/documents]]>
    </line>
    <line>
      <![CDATA[Current URL : https://test.dataimagineers.ai/documents]]>
    </line>
    <line>
      <![CDATA[Method: selectDomain]]>
    </line>
    <line>
      <![CDATA[Method: clickSelectDomainButton]]>
    </line>
  </reporter-output>
  <suite started-at="2023-06-21T09:00:47 EDT" name="Default suite" finished-at="2023-06-21T09:01:16 EDT" duration-ms="29930">
    <groups>
    </groups>
    <test started-at="2023-06-21T09:00:47 EDT" name="Default test" finished-at="2023-06-21T09:01:16 EDT" duration-ms="29930">
      <class name="testCases.UploadFiles">
        <test-method signature="uploadFiles()[pri:0, instance:testCases.UploadFiles@6d60fe40]" started-at="2023-06-21T09:00:47 EDT" name="uploadFiles" finished-at="2023-06-21T09:01:16 EDT" duration-ms="29272" status="FAIL">
          <exception class="org.openqa.selenium.NoSuchElementException">
            <message>
              <![CDATA[no such element: Unable to locate element: {"method":"xpath","selector":"//button[@class = 'ant-btn ant-btn-default']/span[text() = 'Select Domain']"}
  (Session info: chrome=114.0.5735.134)
For documentation on this error, please visit: https://selenium.dev/exceptions/#no_such_element
Build info: version: '4.8.3', revision: 'e5e76298c3'
System info: os.name: 'Windows 10', os.arch: 'amd64', os.version: '10.0', java.version: '17'
Driver info: org.openqa.selenium.chrome.ChromeDriver
Command: [483f4db8b24d5f72856a5df1670497e1, findElement {using=xpath, value=//button[@class = 'ant-btn ant-btn-default']/span[text() = 'Select Domain']}]
Capabilities {acceptInsecureCerts: false, browserName: chrome, browserVersion: 114.0.5735.134, chrome: {chromedriverVersion: 114.0.5735.90 (386bc09e8f4f..., userDataDir: C:\Users\jesse\AppData\Loca...}, goog:chromeOptions: {debuggerAddress: localhost:57790}, networkConnectionEnabled: false, pageLoadStrategy: normal, platformName: WINDOWS, proxy: Proxy(), se:cdp: ws://localhost:57790/devtoo..., se:cdpVersion: 114.0.5735.134, setWindowRect: true, strictFileInteractability: false, timeouts: {implicit: 0, pageLoad: 300000, script: 30000}, unhandledPromptBehavior: dismiss and notify, webauthn:extension:credBlob: true, webauthn:extension:largeBlob: true, webauthn:extension:minPinLength: true, webauthn:extension:prf: true, webauthn:virtualAuthenticators: true}
Session ID: 483f4db8b24d5f72856a5df1670497e1]]>
            </message>
            <full-stacktrace>
              <![CDATA[org.openqa.selenium.NoSuchElementException: no such element: Unable to locate element: {"method":"xpath","selector":"//button[@class = 'ant-btn ant-btn-default']/span[text() = 'Select Domain']"}
  (Session info: chrome=114.0.5735.134)
For documentation on this error, please visit: https://selenium.dev/exceptions/#no_such_element
Build info: version: '4.8.3', revision: 'e5e76298c3'
System info: os.name: 'Windows 10', os.arch: 'amd64', os.version: '10.0', java.version: '17'
Driver info: org.openqa.selenium.chrome.ChromeDriver
Command: [483f4db8b24d5f72856a5df1670497e1, findElement {using=xpath, value=//button[@class = 'ant-btn ant-btn-default']/span[text() = 'Select Domain']}]
Capabilities {acceptInsecureCerts: false, browserName: chrome, browserVersion: 114.0.5735.134, chrome: {chromedriverVersion: 114.0.5735.90 (386bc09e8f4f..., userDataDir: C:\Users\jesse\AppData\Loca...}, goog:chromeOptions: {debuggerAddress: localhost:57790}, networkConnectionEnabled: false, pageLoadStrategy: normal, platformName: WINDOWS, proxy: Proxy(), se:cdp: ws://localhost:57790/devtoo..., se:cdpVersion: 114.0.5735.134, setWindowRect: true, strictFileInteractability: false, timeouts: {implicit: 0, pageLoad: 300000, script: 30000}, unhandledPromptBehavior: dismiss and notify, webauthn:extension:credBlob: true, webauthn:extension:largeBlob: true, webauthn:extension:minPinLength: true, webauthn:extension:prf: true, webauthn:virtualAuthenticators: true}
Session ID: 483f4db8b24d5f72856a5df1670497e1
at java.base/jdk.internal.reflect.NativeConstructorAccessorImpl.newInstance0(Native Method)
at java.base/jdk.internal.reflect.NativeConstructorAccessorImpl.newInstance(NativeConstructorAccessorImpl.java:77)
at java.base/jdk.internal.reflect.DelegatingConstructorAccessorImpl.newInstance(DelegatingConstructorAccessorImpl.java:45)
at java.base/java.lang.reflect.Constructor.newInstanceWithCaller(Constructor.java:499)
at java.base/java.lang.reflect.Constructor.newInstance(Constructor.java:480)
at org.openqa.selenium.remote.codec.w3c.W3CHttpResponseCodec.createException(W3CHttpResponseCodec.java:200)
at org.openqa.selenium.remote.codec.w3c.W3CHttpResponseCodec.decode(W3CHttpResponseCodec.java:133)
at org.openqa.selenium.remote.codec.w3c.W3CHttpResponseCodec.decode(W3CHttpResponseCodec.java:53)
at org.openqa.selenium.remote.HttpCommandExecutor.execute(HttpCommandExecutor.java:193)
at org.openqa.selenium.remote.service.DriverCommandExecutor.invokeExecute(DriverCommandExecutor.java:183)
at org.openqa.selenium.remote.service.DriverCommandExecutor.execute(DriverCommandExecutor.java:158)
at org.openqa.selenium.remote.RemoteWebDriver.execute(RemoteWebDriver.java:543)
at org.openqa.selenium.remote.ElementLocation$ElementFinder$2.findElement(ElementLocation.java:162)
at org.openqa.selenium.remote.ElementLocation.findElement(ElementLocation.java:60)
at org.openqa.selenium.remote.RemoteWebDriver.findElement(RemoteWebDriver.java:352)
at org.openqa.selenium.remote.RemoteWebDriver.findElement(RemoteWebDriver.java:344)
at org.openqa.selenium.support.pagefactory.DefaultElementLocator.findElement(DefaultElementLocator.java:70)
at org.openqa.selenium.support.pagefactory.internal.LocatingElementHandler.invoke(LocatingElementHandler.java:39)
at jdk.proxy2/jdk.proxy2.$Proxy11.click(Unknown Source)
at pageFactories.diSearchBase$UploadDocuments.clickSelectDomainButton(diSearchBase.java:133)
at pageFactories.diSearchBase$UploadDocuments.selectDomain(diSearchBase.java:197)
at testCases.UploadFiles.uploadFiles(UploadFiles.java:46)
at java.base/jdk.internal.reflect.NativeMethodAccessorImpl.invoke0(Native Method)
at java.base/jdk.internal.reflect.NativeMethodAccessorImpl.invoke(NativeMethodAccessorImpl.java:77)
at java.base/jdk.internal.reflect.DelegatingMethodAccessorImpl.invoke(DelegatingMethodAccessorImpl.java:43)
at java.base/java.lang.reflect.Method.invoke(Method.java:568)
at org.testng.internal.invokers.MethodInvocationHelper.invokeMethod(MethodInvocationHelper.java:139)
at org.testng.internal.invokers.TestInvoker.invokeMethod(TestInvoker.java:677)
at org.testng.internal.invokers.TestInvoker.invokeTestMethod(TestInvoker.java:221)
at org.testng.internal.invokers.MethodRunner.runInSequence(MethodRunner.java:50)
at org.testng.internal.invokers.TestInvoker$MethodInvocationAgent.invoke(TestInvoker.java:969)
at org.testng.internal.invokers.TestInvoker.invokeTestMethods(TestInvoker.java:194)
at org.testng.internal.invokers.TestMethodWorker.invokeTestMethods(TestMethodWorker.java:148)
at org.testng.internal.invokers.TestMethodWorker.run(TestMethodWorker.java:128)
at java.base/java.util.ArrayList.forEach(ArrayList.java:1511)
at org.testng.TestRunner.privateRun(TestRunner.java:829)
at org.testng.TestRunner.run(TestRunner.java:602)
at org.testng.SuiteRunner.runTest(SuiteRunner.java:437)
at org.testng.SuiteRunner.runSequentially(SuiteRunner.java:431)
at org.testng.SuiteRunner.privateRun(SuiteRunner.java:391)
at org.testng.SuiteRunner.run(SuiteRunner.java:330)
at org.testng.SuiteRunnerWorker.runSuite(SuiteRunnerWorker.java:52)
at org.testng.SuiteRunnerWorker.run(SuiteRunnerWorker.java:95)
at org.testng.TestNG.runSuitesSequentially(TestNG.java:1256)
at org.testng.TestNG.runSuitesLocally(TestNG.java:1176)
at org.testng.TestNG.runSuites(TestNG.java:1099)
at org.testng.TestNG.run(TestNG.java:1067)
at org.testng.remote.AbstractRemoteTestNG.run(AbstractRemoteTestNG.java:115)
at org.testng.remote.RemoteTestNG.initAndRun(RemoteTestNG.java:251)
at org.testng.remote.RemoteTestNG.main(RemoteTestNG.java:77)
]]>
            </full-stacktrace>
          </exception> <!-- org.openqa.selenium.NoSuchElementException -->
          <reporter-output>
            <line>
              <![CDATA[Beginning Login Modular Test...]]>
            </line>
            <line>
              <![CDATA[Waiting for page to load completely...]]>
            </line>
            <line>
              <![CDATA[The page '' is fully loaded now.]]>
            </line>
            <line>
              <![CDATA[Method: setEmail]]>
            </line>
            <line>
              <![CDATA[Method: setPassword]]>
            </line>
            <line>
              <![CDATA[Method: readEmail]]>
            </line>
            <line>
              <![CDATA[Email Address: jesse.childress@aretecinc.com]]>
            </line>
            <line>
              <![CDATA[Method: readEmail]]>
            </line>
            <line>
              <![CDATA[Method: clickLogin]]>
            </line>
            <line>
              <![CDATA[Waiting for page to load completely...]]>
            </line>
            <line>
              <![CDATA[The page '' is fully loaded now.]]>
            </line>
            <line>
              <![CDATA[Expected URL: https://test.dataimagineers.ai/]]>
            </line>
            <line>
              <![CDATA[Current URL : https://test.dataimagineers.ai/login]]>
            </line>
            <line>
              <![CDATA[Waiting for page to load completely...]]>
            </line>
            <line>
              <![CDATA[The page 'Test App' is fully loaded now.]]>
            </line>
            <line>
              <![CDATA[Expected URL: https://test.dataimagineers.ai/]]>
            </line>
            <line>
              <![CDATA[Current URL : https://test.dataimagineers.ai/]]>
            </line>
            <line>
              <![CDATA[Method: clickDocumentsTopLink]]>
            </line>
            <line>
              <![CDATA[Waiting for page to load completely...]]>
            </line>
            <line>
              <![CDATA[The page 'Test App' is fully loaded now.]]>
            </line>
            <line>
              <![CDATA[Expected URL: https://test.dataimagineers.ai/documents]]>
            </line>
            <line>
              <![CDATA[Current URL : https://test.dataimagineers.ai/documents]]>
            </line>
            <line>
              <![CDATA[Method: selectDomain]]>
            </line>
            <line>
              <![CDATA[Method: clickSelectDomainButton]]>
            </line>
          </reporter-output>
        </test-method> <!-- uploadFiles -->
        <test-method is-config="true" signature="afterMethod(org.testng.ITestResult)[pri:0, instance:testCases.UploadFiles@6d60fe40]" started-at="2023-06-21T09:01:16 EDT" name="afterMethod" finished-at="2023-06-21T09:01:16 EDT" duration-ms="555" status="PASS">
          <params>
            <param index="0">
              <value>
                <![CDATA[[TestResult name=uploadFiles status=FAILURE method=UploadFiles.uploadFiles()[pri:0, instance:testCases.UploadFiles@6d60fe40] output=Beginning Login Modular Test...]]]>
              </value>
            </param>
          </params>
          <reporter-output>
          </reporter-output>
        </test-method> <!-- afterMethod -->
        <test-method is-config="true" signature="afterClass()[pri:0, instance:testCases.UploadFiles@6d60fe40]" started-at="2023-06-21T09:01:16 EDT" name="afterClass" finished-at="2023-06-21T09:01:16 EDT" duration-ms="0" status="PASS">
          <reporter-output>
          </reporter-output>
        </test-method> <!-- afterClass -->
      </class> <!-- testCases.UploadFiles -->
    </test> <!-- Default test -->
  </suite> <!-- Default suite -->
</testng-results>
