<?xml version="1.0" encoding="UTF-8"?>
<!-- Generated by org.testng.reporters.JUnitReportReporter -->
<testsuite hostname="JessesHP" failures="1" tests="5" name="testCases.SmokeTests.LeftMenusSmoke" time="124.440" errors="0" timestamp="2023-05-15T07:40:53 EDT" skipped="0">
  <testcase classname="testCases.SmokeTests.LeftMenusSmoke" name="leftMenusSmoke" time="24.521"/>
  <system-out>
    <![CDATA[Beginning Login Modular Test...
Waiting for page to load completely...
The page '' is fully loaded now.
Method: setEmail
Method: setPassword
Method: readEmail
Email Address: jesse.childress@aretecinc.com
Waiting for page to load completely...
The page '' is fully loaded now.
Expected URL: https://test-search-2my7afm7yq-ue.a.run.app/
Current URL : https://test-search-2my7afm7yq-ue.a.run.app/
Beginning Search Modular Test...
This is for the main search page from login...
Waiting for page to load completely...
The page 'Test App' is fully loaded now.
Expected URL: https://test-search-2my7afm7yq-ue.a.run.app/
Current URL : https://test-search-2my7afm7yq-ue.a.run.app/
Method: setSearchField
Method: readSearchField]]>
  </system-out>
  <testcase classname="testCases.SmokeTests.LeftMenusSmoke" name="leftMenusSmoke" time="24.331"/>
  <system-out>
    <![CDATA[Beginning Login Modular Test...
Waiting for page to load completely...
The page '' is fully loaded now.
Method: setEmail
Method: setPassword
Method: readEmail
Email Address: jesse.childress@aretecinc.com
Waiting for page to load completely...
The page '' is fully loaded now.
Expected URL: https://test-search-2my7afm7yq-ue.a.run.app/
Current URL : https://test-search-2my7afm7yq-ue.a.run.app/
Beginning Search Modular Test...
This is for the main search page from login...
Waiting for page to load completely...
The page 'Test App' is fully loaded now.
Expected URL: https://test-search-2my7afm7yq-ue.a.run.app/
Current URL : https://test-search-2my7afm7yq-ue.a.run.app/
Method: setSearchField
Method: readSearchField]]>
  </system-out>
  <testcase classname="testCases.SmokeTests.LeftMenusSmoke" name="leftMenusSmoke" time="35.588"/>
  <system-out>
    <![CDATA[Beginning Login Modular Test...
Waiting for page to load completely...
The page '' is fully loaded now.
Method: setEmail
Method: setPassword
Method: readEmail
Email Address: jesse.childress@aretecinc.com
Waiting for page to load completely...
The page '' is fully loaded now.
Expected URL: https://test-search-2my7afm7yq-ue.a.run.app/
Current URL : https://test-search-2my7afm7yq-ue.a.run.app/
Beginning Search Modular Test...
This is for the main search page from login...
Waiting for page to load completely...
The page 'Test App' is fully loaded now.
Expected URL: https://test-search-2my7afm7yq-ue.a.run.app/
Current URL : https://test-search-2my7afm7yq-ue.a.run.app/
Method: setSearchField
Method: readSearchField]]>
  </system-out>
  <testcase classname="testCases.SmokeTests.LeftMenusSmoke" name="leftMenusSmoke" time="14.831">
    <failure message="Validate URL Changed to https://test-search-2my7afm7yq-ue.a.run.app/ expected [true] but found [false]" type="java.lang.AssertionError">
      <![CDATA[java.lang.AssertionError: Validate URL Changed to https://test-search-2my7afm7yq-ue.a.run.app/ expected [true] but found [false]
at org.testng.Assert.fail(Assert.java:110)
at org.testng.Assert.failNotEquals(Assert.java:1577)
at org.testng.Assert.assertTrue(Assert.java:56)
at pageFactories.diSearchMenusPageFactory.<init>(diSearchMenusPageFactory.java:54)
at pageFactories.SearchPageFactory.<init>(SearchPageFactory.java:22)
at testCases.ModularTests.LoginMod.login(LoginMod.java:49)
at testCases.SmokeTests.LeftMenusSmoke.leftMenusSmoke(LeftMenusSmoke.java:23)
at java.base/jdk.internal.reflect.NativeMethodAccessorImpl.invoke0(Native Method)
at java.base/jdk.internal.reflect.NativeMethodAccessorImpl.invoke(NativeMethodAccessorImpl.java:77)
at java.base/jdk.internal.reflect.DelegatingMethodAccessorImpl.invoke(DelegatingMethodAccessorImpl.java:43)
at java.base/java.lang.reflect.Method.invoke(Method.java:568)
at org.testng.internal.invokers.MethodInvocationHelper.invokeMethod(MethodInvocationHelper.java:139)
at org.testng.internal.invokers.TestInvoker.invokeMethod(TestInvoker.java:677)
at org.testng.internal.invokers.TestInvoker.invokeTestMethod(TestInvoker.java:221)
at org.testng.internal.invokers.MethodRunner.runInSequence(MethodRunner.java:50)
at org.testng.internal.invokers.TestInvoker$MethodInvocationAgent.invoke(TestInvoker.java:969)
at org.testng.internal.invokers.TestInvoker.invokeTestMethods(TestInvoker.java:194)
at org.testng.internal.invokers.TestMethodWorker.invokeTestMethods(TestMethodWorker.java:148)
at org.testng.internal.invokers.TestMethodWorker.run(TestMethodWorker.java:128)
at java.base/java.util.ArrayList.forEach(ArrayList.java:1511)
at org.testng.TestRunner.privateRun(TestRunner.java:829)
at org.testng.TestRunner.run(TestRunner.java:602)
at org.testng.SuiteRunner.runTest(SuiteRunner.java:437)
at org.testng.SuiteRunner.runSequentially(SuiteRunner.java:431)
at org.testng.SuiteRunner.privateRun(SuiteRunner.java:391)
at org.testng.SuiteRunner.run(SuiteRunner.java:330)
at org.testng.SuiteRunnerWorker.runSuite(SuiteRunnerWorker.java:52)
at org.testng.SuiteRunnerWorker.run(SuiteRunnerWorker.java:95)
at org.testng.TestNG.runSuitesSequentially(TestNG.java:1256)
at org.testng.TestNG.runSuitesLocally(TestNG.java:1176)
at org.testng.TestNG.runSuites(TestNG.java:1099)
at org.testng.TestNG.run(TestNG.java:1067)
at org.testng.remote.AbstractRemoteTestNG.run(AbstractRemoteTestNG.java:115)
at org.testng.remote.RemoteTestNG.initAndRun(RemoteTestNG.java:251)
at org.testng.remote.RemoteTestNG.main(RemoteTestNG.java:77)
]]>
    </failure>
  </testcase> <!-- leftMenusSmoke -->
  <system-out>
    <![CDATA[Beginning Login Modular Test...
Waiting for page to load completely...
The page '' is fully loaded now.
Method: setEmail
Method: setPassword
Method: readEmail
Email Address: jesse.childress@aretecinc.com
Waiting for page to load completely...
The page '' is fully loaded now.
Expected URL: https://test-search-2my7afm7yq-ue.a.run.app/
Current URL : https://test-search-2my7afm7yq-ue.a.run.app/login]]>
  </system-out>
  <testcase classname="testCases.SmokeTests.LeftMenusSmoke" name="leftMenusSmoke" time="25.169"/>
  <system-out>
    <![CDATA[Beginning Login Modular Test...
Waiting for page to load completely...
The page '' is fully loaded now.
Method: setEmail
Method: setPassword
Method: readEmail
Email Address: jesse.childress@aretecinc.com
Waiting for page to load completely...
The page '' is fully loaded now.
Expected URL: https://test-search-2my7afm7yq-ue.a.run.app/
Current URL : https://test-search-2my7afm7yq-ue.a.run.app/
Beginning Search Modular Test...
This is for the main search page from login...
Waiting for page to load completely...
The page 'Test App' is fully loaded now.
Expected URL: https://test-search-2my7afm7yq-ue.a.run.app/
Current URL : https://test-search-2my7afm7yq-ue.a.run.app/
Method: setSearchField
Method: readSearchField]]>
  </system-out>
</testsuite> <!-- testCases.SmokeTests.LeftMenusSmoke -->
