<?xml version="1.0" encoding="UTF-8"?>
<!-- Generated by org.testng.reporters.JUnitReportReporter -->
<testsuite hostname="JessesHP" failures="0" tests="1" name="testCases.RecentlyUploadedFiles" time="52.043" errors="1" timestamp="2023-06-23T14:22:01 EDT" skipped="0">
  <testcase classname="testCases.RecentlyUploadedFiles" name="validateRecntlyUploadedFiles" time="52.043">
    <error message="no such element: Unable to locate element: {&quot;method&quot;:&quot;xpath&quot;,&quot;selector&quot;:&quot;//span[@class = &#039;anticon anticon-right&#039;]/parent::button&quot;}
  (Session info: chrome=114.0.5735.134)
For documentation on this error, please visit: https://selenium.dev/exceptions/#no_such_element
Build info: version: &#039;4.8.3&#039;, revision: &#039;e5e76298c3&#039;
System info: os.name: &#039;Windows 10&#039;, os.arch: &#039;amd64&#039;, os.version: &#039;10.0&#039;, java.version: &#039;17&#039;
Driver info: org.openqa.selenium.chrome.ChromeDriver
Command: [1c2de87cf65b2c8b41628e4dfcf3b531, findElement {using=xpath, value=//span[@class = &#039;anticon anticon-right&#039;]/parent::button}]
Capabilities {acceptInsecureCerts: false, browserName: chrome, browserVersion: 114.0.5735.134, chrome: {chromedriverVersion: 114.0.5735.90 (386bc09e8f4f..., userDataDir: C:\Users\jesse\AppData\Loca...}, goog:chromeOptions: {debuggerAddress: localhost:58257}, networkConnectionEnabled: false, pageLoadStrategy: normal, platformName: WINDOWS, proxy: Proxy(), se:cdp: ws://localhost:58257/devtoo..., se:cdpVersion: 114.0.5735.134, setWindowRect: true, strictFileInteractability: false, timeouts: {implicit: 0, pageLoad: 300000, script: 30000}, unhandledPromptBehavior: dismiss and notify, webauthn:extension:credBlob: true, webauthn:extension:largeBlob: true, webauthn:extension:minPinLength: true, webauthn:extension:prf: true, webauthn:virtualAuthenticators: true}
Session ID: 1c2de87cf65b2c8b41628e4dfcf3b531" type="org.openqa.selenium.NoSuchElementException">
      <![CDATA[org.openqa.selenium.NoSuchElementException: no such element: Unable to locate element: {"method":"xpath","selector":"//span[@class = 'anticon anticon-right']/parent::button"}
  (Session info: chrome=114.0.5735.134)
For documentation on this error, please visit: https://selenium.dev/exceptions/#no_such_element
Build info: version: '4.8.3', revision: 'e5e76298c3'
System info: os.name: 'Windows 10', os.arch: 'amd64', os.version: '10.0', java.version: '17'
Driver info: org.openqa.selenium.chrome.ChromeDriver
Command: [1c2de87cf65b2c8b41628e4dfcf3b531, findElement {using=xpath, value=//span[@class = 'anticon anticon-right']/parent::button}]
Capabilities {acceptInsecureCerts: false, browserName: chrome, browserVersion: 114.0.5735.134, chrome: {chromedriverVersion: 114.0.5735.90 (386bc09e8f4f..., userDataDir: C:\Users\jesse\AppData\Loca...}, goog:chromeOptions: {debuggerAddress: localhost:58257}, networkConnectionEnabled: false, pageLoadStrategy: normal, platformName: WINDOWS, proxy: Proxy(), se:cdp: ws://localhost:58257/devtoo..., se:cdpVersion: 114.0.5735.134, setWindowRect: true, strictFileInteractability: false, timeouts: {implicit: 0, pageLoad: 300000, script: 30000}, unhandledPromptBehavior: dismiss and notify, webauthn:extension:credBlob: true, webauthn:extension:largeBlob: true, webauthn:extension:minPinLength: true, webauthn:extension:prf: true, webauthn:virtualAuthenticators: true}
Session ID: 1c2de87cf65b2c8b41628e4dfcf3b531
at java.base/jdk.internal.reflect.NativeConstructorAccessorImpl.newInstance0(Native Method)
at java.base/jdk.internal.reflect.NativeConstructorAccessorImpl.newInstance(NativeConstructorAccessorImpl.java:77)
at java.base/jdk.internal.reflect.DelegatingConstructorAccessorImpl.newInstance(DelegatingConstructorAccessorImpl.java:45)
at java.base/java.lang.reflect.Constructor.newInstanceWithCaller(Constructor.java:499)
at java.base/java.lang.reflect.Constructor.newInstance(Constructor.java:480)
at org.openqa.selenium.remote.codec.w3c.W3CHttpResponseCodec.createException(W3CHttpResponseCodec.java:200)
at org.openqa.selenium.remote.codec.w3c.W3CHttpResponseCodec.decode(W3CHttpResponseCodec.java:133)
at org.openqa.selenium.remote.codec.w3c.W3CHttpResponseCodec.decode(W3CHttpResponseCodec.java:53)
at org.openqa.selenium.remote.HttpCommandExecutor.execute(HttpCommandExecutor.java:193)
at org.openqa.selenium.remote.service.DriverCommandExecutor.invokeExecute(DriverCommandExecutor.java:183)
at org.openqa.selenium.remote.service.DriverCommandExecutor.execute(DriverCommandExecutor.java:158)
at org.openqa.selenium.remote.RemoteWebDriver.execute(RemoteWebDriver.java:543)
at org.openqa.selenium.remote.ElementLocation$ElementFinder$2.findElement(ElementLocation.java:162)
at org.openqa.selenium.remote.ElementLocation.findElement(ElementLocation.java:60)
at org.openqa.selenium.remote.RemoteWebDriver.findElement(RemoteWebDriver.java:352)
at org.openqa.selenium.remote.RemoteWebDriver.findElement(RemoteWebDriver.java:344)
at utilities.DiTables$Pagination.isPaginationPresent(DiTables.java:1158)
at utilities.DiTables.isRowInTableByValue(DiTables.java:394)
at testCases.RecentlyUploadedFiles.validateRecntlyUploadedFiles(RecentlyUploadedFiles.java:51)
at java.base/jdk.internal.reflect.NativeMethodAccessorImpl.invoke0(Native Method)
at java.base/jdk.internal.reflect.NativeMethodAccessorImpl.invoke(NativeMethodAccessorImpl.java:77)
at java.base/jdk.internal.reflect.DelegatingMethodAccessorImpl.invoke(DelegatingMethodAccessorImpl.java:43)
at java.base/java.lang.reflect.Method.invoke(Method.java:568)
at org.testng.internal.invokers.MethodInvocationHelper.invokeMethod(MethodInvocationHelper.java:139)
at org.testng.internal.invokers.TestInvoker.invokeMethod(TestInvoker.java:677)
at org.testng.internal.invokers.TestInvoker.invokeTestMethod(TestInvoker.java:221)
at org.testng.internal.invokers.MethodRunner.runInSequence(MethodRunner.java:50)
at org.testng.internal.invokers.TestInvoker$MethodInvocationAgent.invoke(TestInvoker.java:969)
at org.testng.internal.invokers.TestInvoker.invokeTestMethods(TestInvoker.java:194)
at org.testng.internal.invokers.TestMethodWorker.invokeTestMethods(TestMethodWorker.java:148)
at org.testng.internal.invokers.TestMethodWorker.run(TestMethodWorker.java:128)
at java.base/java.util.ArrayList.forEach(ArrayList.java:1511)
at org.testng.TestRunner.privateRun(TestRunner.java:829)
at org.testng.TestRunner.run(TestRunner.java:602)
at org.testng.SuiteRunner.runTest(SuiteRunner.java:437)
at org.testng.SuiteRunner.runSequentially(SuiteRunner.java:431)
at org.testng.SuiteRunner.privateRun(SuiteRunner.java:391)
at org.testng.SuiteRunner.run(SuiteRunner.java:330)
at org.testng.SuiteRunnerWorker.runSuite(SuiteRunnerWorker.java:52)
at org.testng.SuiteRunnerWorker.run(SuiteRunnerWorker.java:95)
at org.testng.TestNG.runSuitesSequentially(TestNG.java:1256)
at org.testng.TestNG.runSuitesLocally(TestNG.java:1176)
at org.testng.TestNG.runSuites(TestNG.java:1099)
at org.testng.TestNG.run(TestNG.java:1067)
at org.testng.remote.AbstractRemoteTestNG.run(AbstractRemoteTestNG.java:115)
at org.testng.remote.RemoteTestNG.initAndRun(RemoteTestNG.java:251)
at org.testng.remote.RemoteTestNG.main(RemoteTestNG.java:77)
]]>
    </error>
  </testcase> <!-- validateRecntlyUploadedFiles -->
  <system-out>
    <![CDATA[Beginning test for Recently Uploaded Files search...
Beginning Login Modular Test...
Waiting for page to load completely...
The page '' is fully loaded now.
Method: setEmail
Method: setPassword
Method: readEmail
Email Address: jesse.childress@aretecinc.com
Method: readEmail
Method: clickLogin
Waiting for page to load completely...
The page '' is fully loaded now.
Expected URL: https://test.dataimagineers.ai/
Current URL : https://test.dataimagineers.ai/login
Waiting for page to load completely...
The page 'Test App' is fully loaded now.
Expected URL: https://test.dataimagineers.ai/
Current URL : https://test.dataimagineers.ai/
Method: clickDocumentsTopLink
Waiting for page to load completely...
The page 'Test App' is fully loaded now.
Expected URL: https://test.dataimagineers.ai/documents
Current URL : https://test.dataimagineers.ai/documents
Beginning isRowInTable search for 'SQA Test - TEMP UPLOAD.pdf' in column 'File Name(s)'.
Method: getPaginationPageNumber
Currently on table page: 1
Method: clickNextPagination
Waiting for page to load completely...
The page 'Test App' is fully loaded now.
Beginning isRowInTable search for 'SQA Test - TEMP UPLOAD.pdf' in column 'File Name(s)'.
Method: getPaginationPageNumber
Currently on table page: 2
Method: clickNextPagination
Waiting for page to load completely...
The page 'Test App' is fully loaded now.
Beginning isRowInTable search for 'SQA Test - TEMP UPLOAD.pdf' in column 'File Name(s)'.
Method: getPaginationPageNumber
Currently on table page: 3
Method: clickNextPagination
Waiting for page to load completely...
The page 'Test App' is fully loaded now.
Beginning isRowInTable search for 'SQA Test - TEMP UPLOAD.pdf' in column 'File Name(s)'.
Method: getPaginationPageNumber
Currently on table page: 4
Method: clickNextPagination
Waiting for page to load completely...
The page 'Test App' is fully loaded now.
Beginning isRowInTable search for 'SQA Test - TEMP UPLOAD.pdf' in column 'File Name(s)'.
Method: getPaginationPageNumber
Currently on table page: 5
Method: clickNextPagination
Waiting for page to load completely...
The page 'Test App' is fully loaded now.
Beginning isRowInTable search for 'SQA Test - TEMP UPLOAD.pdf' in column 'File Name(s)'.
Method: getPaginationPageNumber
Currently on table page: 6
Method: clickNextPagination
Waiting for page to load completely...
The page 'Test App' is fully loaded now.
Beginning isRowInTable search for 'SQA Test - TEMP UPLOAD.pdf' in column 'File Name(s)'.
Method: getPaginationPageNumber
Currently on table page: 7
Method: clickNextPagination
Waiting for page to load completely...
The page 'Test App' is fully loaded now.
Beginning isRowInTable search for 'SQA Test - TEMP UPLOAD.pdf' in column 'File Name(s)'.
Method: getPaginationPageNumber
Currently on table page: 8
Method: clickNextPagination
Waiting for page to load completely...
The page 'Test App' is fully loaded now.
Beginning isRowInTable search for 'SQA Test - TEMP UPLOAD.pdf' in column 'File Name(s)'.
Method: getPaginationPageNumber
Currently on table page: 9
Method: clickNextPagination
Waiting for page to load completely...
The page 'Test App' is fully loaded now.
Beginning isRowInTable search for 'SQA Test - TEMP UPLOAD.pdf' in column 'File Name(s)'.
Method: getPaginationPageNumber
Currently on table page: 10
Method: clickNextPagination
Waiting for page to load completely...
The page 'Test App' is fully loaded now.
Beginning isRowInTable search for 'SQA Test - TEMP UPLOAD.pdf' in column 'File Name(s)'.
Method: getPaginationPageNumber
Currently on table page: 11
Method: clickNextPagination
Waiting for page to load completely...
The page 'Test App' is fully loaded now.
Beginning isRowInTable search for 'SQA Test - TEMP UPLOAD.pdf' in column 'File Name(s)'.
Method: getPaginationPageNumber
Currently on table page: 12
Method: clickNextPagination
Waiting for page to load completely...
The page 'Test App' is fully loaded now.
Beginning isRowInTable search for 'SQA Test - TEMP UPLOAD.pdf' in column 'File Name(s)'.
Method: getPaginationPageNumber
Currently on table page: 13
Method: clickNextPagination
Waiting for page to load completely...
The page 'Test App' is fully loaded now.
Beginning isRowInTable search for 'SQA Test - TEMP UPLOAD.pdf' in column 'File Name(s)'.
Method: getPaginationPageNumber
Currently on table page: 14
Method: clickNextPagination
Waiting for page to load completely...
The page 'Test App' is fully loaded now.
Beginning isRowInTable search for 'SQA Test - TEMP UPLOAD.pdf' in column 'File Name(s)'.
Method: getPaginationPageNumber
Currently on table page: 15
Method: clickNextPagination
Waiting for page to load completely...
The page 'Test App' is fully loaded now.
Beginning isRowInTable search for 'SQA Test - TEMP UPLOAD.pdf' in column 'File Name(s)'.
Method: getPaginationPageNumber
Currently on table page: 16
Method: clickNextPagination
Waiting for page to load completely...
The page 'Test App' is fully loaded now.
Beginning isRowInTable search for 'SQA Test - TEMP UPLOAD.pdf' in column 'File Name(s)'.
Method: getPaginationPageNumber
Currently on table page: 17
Method: clickNextPagination
Waiting for page to load completely...
The page 'Test App' is fully loaded now.]]>
  </system-out>
</testsuite> <!-- testCases.RecentlyUploadedFiles -->
